2022-11-18 14:52:30.940 [info] [perf] Render performance baseline is 418ms
2022-11-18 15:50:16.587 [error] Cannot read properties of undefined (reading 'find'): TypeError: Cannot read properties of undefined (reading 'find')
	at t.DefaultCompletionItemProvider.provideCompletionItemsInternal (/snap/code/113/usr/share/code/resources/app/extensions/emmet/dist/node/emmetNodeMain.js:1:187358)
	at t.DefaultCompletionItemProvider.provideCompletionItems (/snap/code/113/usr/share/code/resources/app/extensions/emmet/dist/node/emmetNodeMain.js:1:185715)
	at K.provideCompletionItems (/snap/code/113/usr/share/code/resources/app/out/vs/workbench/api/node/extensionHostProcess.js:94:51930)
	at /snap/code/113/usr/share/code/resources/app/out/vs/workbench/api/node/extensionHostProcess.js:94:77224
	at ne._withAdapter (/snap/code/113/usr/share/code/resources/app/out/vs/workbench/api/node/extensionHostProcess.js:94:67325)
	at ne.$provideCompletionItems (/snap/code/113/usr/share/code/resources/app/out/vs/workbench/api/node/extensionHostProcess.js:94:77200)
	at l._doInvokeHandler (/snap/code/113/usr/share/code/resources/app/out/vs/workbench/api/node/extensionHostProcess.js:102:13680)
	at l._invokeHandler (/snap/code/113/usr/share/code/resources/app/out/vs/workbench/api/node/extensionHostProcess.js:102:13362)
	at l._receiveRequest (/snap/code/113/usr/share/code/resources/app/out/vs/workbench/api/node/extensionHostProcess.js:102:12081)
	at l._receiveOneMessage (/snap/code/113/usr/share/code/resources/app/out/vs/workbench/api/node/extensionHostProcess.js:102:10834)
	at /snap/code/113/usr/share/code/resources/app/out/vs/workbench/api/node/extensionHostProcess.js:102:8941
	at h.invoke (/snap/code/113/usr/share/code/resources/app/out/vs/workbench/api/node/extensionHostProcess.js:61:145)
	at v.deliver (/snap/code/113/usr/share/code/resources/app/out/vs/workbench/api/node/extensionHostProcess.js:61:2266)
	at g.fire (/snap/code/113/usr/share/code/resources/app/out/vs/workbench/api/node/extensionHostProcess.js:61:1844)
	at r.fire (/snap/code/113/usr/share/code/resources/app/out/vs/workbench/api/node/extensionHostProcess.js:70:16515)
	at /snap/code/113/usr/share/code/resources/app/out/vs/workbench/api/node/extensionHostProcess.js:118:17104
	at h.invoke (/snap/code/113/usr/share/code/resources/app/out/vs/workbench/api/node/extensionHostProcess.js:61:145)
	at v.deliver (/snap/code/113/usr/share/code/resources/app/out/vs/workbench/api/node/extensionHostProcess.js:61:2266)
	at g.fire (/snap/code/113/usr/share/code/resources/app/out/vs/workbench/api/node/extensionHostProcess.js:61:1844)
	at r.fire (/snap/code/113/usr/share/code/resources/app/out/vs/workbench/api/node/extensionHostProcess.js:70:16515)
	at o._receiveMessage (/snap/code/113/usr/share/code/resources/app/out/vs/workbench/api/node/extensionHostProcess.js:70:21327)
	at /snap/code/113/usr/share/code/resources/app/out/vs/workbench/api/node/extensionHostProcess.js:70:18770
	at h.invoke (/snap/code/113/usr/share/code/resources/app/out/vs/workbench/api/node/extensionHostProcess.js:61:145)
	at v.deliver (/snap/code/113/usr/share/code/resources/app/out/vs/workbench/api/node/extensionHostProcess.js:61:2266)
	at g.fire (/snap/code/113/usr/share/code/resources/app/out/vs/workbench/api/node/extensionHostProcess.js:61:1844)
	at g.acceptChunk (/snap/code/113/usr/share/code/resources/app/out/vs/workbench/api/node/extensionHostProcess.js:70:13346)
	at /snap/code/113/usr/share/code/resources/app/out/vs/workbench/api/node/extensionHostProcess.js:70:12476
	at Socket.i (/snap/code/113/usr/share/code/resources/app/out/vs/workbench/api/node/extensionHostProcess.js:70:24594)
	at Socket.emit (node:events:526:28)
	at addChunk (node:internal/streams/readable:315:12)
	at readableAddChunk (node:internal/streams/readable:289:9)
	at Readable.push (node:internal/streams/readable:228:10)
	at Pipe.onStreamRead (node:internal/stream_base_commons:190:23)
2022-11-18 15:50:17.833 [error] Cannot read properties of undefined (reading 'find'): TypeError: Cannot read properties of undefined (reading 'find')
	at t.DefaultCompletionItemProvider.provideCompletionItemsInternal (/snap/code/113/usr/share/code/resources/app/extensions/emmet/dist/node/emmetNodeMain.js:1:187358)
	at t.DefaultCompletionItemProvider.provideCompletionItems (/snap/code/113/usr/share/code/resources/app/extensions/emmet/dist/node/emmetNodeMain.js:1:185715)
	at K.provideCompletionItems (/snap/code/113/usr/share/code/resources/app/out/vs/workbench/api/node/extensionHostProcess.js:94:51930)
	at /snap/code/113/usr/share/code/resources/app/out/vs/workbench/api/node/extensionHostProcess.js:94:77224
	at ne._withAdapter (/snap/code/113/usr/share/code/resources/app/out/vs/workbench/api/node/extensionHostProcess.js:94:67325)
	at ne.$provideCompletionItems (/snap/code/113/usr/share/code/resources/app/out/vs/workbench/api/node/extensionHostProcess.js:94:77200)
	at l._doInvokeHandler (/snap/code/113/usr/share/code/resources/app/out/vs/workbench/api/node/extensionHostProcess.js:102:13680)
	at l._invokeHandler (/snap/code/113/usr/share/code/resources/app/out/vs/workbench/api/node/extensionHostProcess.js:102:13362)
	at l._receiveRequest (/snap/code/113/usr/share/code/resources/app/out/vs/workbench/api/node/extensionHostProcess.js:102:12081)
	at l._receiveOneMessage (/snap/code/113/usr/share/code/resources/app/out/vs/workbench/api/node/extensionHostProcess.js:102:10834)
	at /snap/code/113/usr/share/code/resources/app/out/vs/workbench/api/node/extensionHostProcess.js:102:8941
	at h.invoke (/snap/code/113/usr/share/code/resources/app/out/vs/workbench/api/node/extensionHostProcess.js:61:145)
	at v.deliver (/snap/code/113/usr/share/code/resources/app/out/vs/workbench/api/node/extensionHostProcess.js:61:2266)
	at g.fire (/snap/code/113/usr/share/code/resources/app/out/vs/workbench/api/node/extensionHostProcess.js:61:1844)
	at r.fire (/snap/code/113/usr/share/code/resources/app/out/vs/workbench/api/node/extensionHostProcess.js:70:16515)
	at /snap/code/113/usr/share/code/resources/app/out/vs/workbench/api/node/extensionHostProcess.js:118:17104
	at h.invoke (/snap/code/113/usr/share/code/resources/app/out/vs/workbench/api/node/extensionHostProcess.js:61:145)
	at v.deliver (/snap/code/113/usr/share/code/resources/app/out/vs/workbench/api/node/extensionHostProcess.js:61:2266)
	at g.fire (/snap/code/113/usr/share/code/resources/app/out/vs/workbench/api/node/extensionHostProcess.js:61:1844)
	at r.fire (/snap/code/113/usr/share/code/resources/app/out/vs/workbench/api/node/extensionHostProcess.js:70:16515)
	at o._receiveMessage (/snap/code/113/usr/share/code/resources/app/out/vs/workbench/api/node/extensionHostProcess.js:70:21327)
	at /snap/code/113/usr/share/code/resources/app/out/vs/workbench/api/node/extensionHostProcess.js:70:18770
	at h.invoke (/snap/code/113/usr/share/code/resources/app/out/vs/workbench/api/node/extensionHostProcess.js:61:145)
	at v.deliver (/snap/code/113/usr/share/code/resources/app/out/vs/workbench/api/node/extensionHostProcess.js:61:2266)
	at g.fire (/snap/code/113/usr/share/code/resources/app/out/vs/workbench/api/node/extensionHostProcess.js:61:1844)
	at g.acceptChunk (/snap/code/113/usr/share/code/resources/app/out/vs/workbench/api/node/extensionHostProcess.js:70:13346)
	at /snap/code/113/usr/share/code/resources/app/out/vs/workbench/api/node/extensionHostProcess.js:70:12476
	at Socket.i (/snap/code/113/usr/share/code/resources/app/out/vs/workbench/api/node/extensionHostProcess.js:70:24594)
	at Socket.emit (node:events:526:28)
	at addChunk (node:internal/streams/readable:315:12)
	at readableAddChunk (node:internal/streams/readable:289:9)
	at Readable.push (node:internal/streams/readable:228:10)
	at Pipe.onStreamRead (node:internal/stream_base_commons:190:23)
2022-11-18 15:50:19.070 [error] Cannot read properties of undefined (reading 'find'): TypeError: Cannot read properties of undefined (reading 'find')
	at t.DefaultCompletionItemProvider.provideCompletionItemsInternal (/snap/code/113/usr/share/code/resources/app/extensions/emmet/dist/node/emmetNodeMain.js:1:187358)
	at t.DefaultCompletionItemProvider.provideCompletionItems (/snap/code/113/usr/share/code/resources/app/extensions/emmet/dist/node/emmetNodeMain.js:1:185715)
	at K.provideCompletionItems (/snap/code/113/usr/share/code/resources/app/out/vs/workbench/api/node/extensionHostProcess.js:94:51930)
	at /snap/code/113/usr/share/code/resources/app/out/vs/workbench/api/node/extensionHostProcess.js:94:77224
	at ne._withAdapter (/snap/code/113/usr/share/code/resources/app/out/vs/workbench/api/node/extensionHostProcess.js:94:67325)
	at ne.$provideCompletionItems (/snap/code/113/usr/share/code/resources/app/out/vs/workbench/api/node/extensionHostProcess.js:94:77200)
	at l._doInvokeHandler (/snap/code/113/usr/share/code/resources/app/out/vs/workbench/api/node/extensionHostProcess.js:102:13680)
	at l._invokeHandler (/snap/code/113/usr/share/code/resources/app/out/vs/workbench/api/node/extensionHostProcess.js:102:13362)
	at l._receiveRequest (/snap/code/113/usr/share/code/resources/app/out/vs/workbench/api/node/extensionHostProcess.js:102:12081)
	at l._receiveOneMessage (/snap/code/113/usr/share/code/resources/app/out/vs/workbench/api/node/extensionHostProcess.js:102:10834)
	at /snap/code/113/usr/share/code/resources/app/out/vs/workbench/api/node/extensionHostProcess.js:102:8941
	at h.invoke (/snap/code/113/usr/share/code/resources/app/out/vs/workbench/api/node/extensionHostProcess.js:61:145)
	at v.deliver (/snap/code/113/usr/share/code/resources/app/out/vs/workbench/api/node/extensionHostProcess.js:61:2266)
	at g.fire (/snap/code/113/usr/share/code/resources/app/out/vs/workbench/api/node/extensionHostProcess.js:61:1844)
	at r.fire (/snap/code/113/usr/share/code/resources/app/out/vs/workbench/api/node/extensionHostProcess.js:70:16515)
	at /snap/code/113/usr/share/code/resources/app/out/vs/workbench/api/node/extensionHostProcess.js:118:17104
	at h.invoke (/snap/code/113/usr/share/code/resources/app/out/vs/workbench/api/node/extensionHostProcess.js:61:145)
	at v.deliver (/snap/code/113/usr/share/code/resources/app/out/vs/workbench/api/node/extensionHostProcess.js:61:2266)
	at g.fire (/snap/code/113/usr/share/code/resources/app/out/vs/workbench/api/node/extensionHostProcess.js:61:1844)
	at r.fire (/snap/code/113/usr/share/code/resources/app/out/vs/workbench/api/node/extensionHostProcess.js:70:16515)
	at o._receiveMessage (/snap/code/113/usr/share/code/resources/app/out/vs/workbench/api/node/extensionHostProcess.js:70:21327)
	at /snap/code/113/usr/share/code/resources/app/out/vs/workbench/api/node/extensionHostProcess.js:70:18770
	at h.invoke (/snap/code/113/usr/share/code/resources/app/out/vs/workbench/api/node/extensionHostProcess.js:61:145)
	at v.deliver (/snap/code/113/usr/share/code/resources/app/out/vs/workbench/api/node/extensionHostProcess.js:61:2266)
	at g.fire (/snap/code/113/usr/share/code/resources/app/out/vs/workbench/api/node/extensionHostProcess.js:61:1844)
	at g.acceptChunk (/snap/code/113/usr/share/code/resources/app/out/vs/workbench/api/node/extensionHostProcess.js:70:13346)
	at /snap/code/113/usr/share/code/resources/app/out/vs/workbench/api/node/extensionHostProcess.js:70:12476
	at Socket.i (/snap/code/113/usr/share/code/resources/app/out/vs/workbench/api/node/extensionHostProcess.js:70:24594)
	at Socket.emit (node:events:526:28)
	at addChunk (node:internal/streams/readable:315:12)
	at readableAddChunk (node:internal/streams/readable:289:9)
	at Readable.push (node:internal/streams/readable:228:10)
	at Pipe.onStreamRead (node:internal/stream_base_commons:190:23)
2022-11-18 15:50:20.318 [error] Cannot read properties of undefined (reading 'find'): TypeError: Cannot read properties of undefined (reading 'find')
	at t.DefaultCompletionItemProvider.provideCompletionItemsInternal (/snap/code/113/usr/share/code/resources/app/extensions/emmet/dist/node/emmetNodeMain.js:1:187358)
	at t.DefaultCompletionItemProvider.provideCompletionItems (/snap/code/113/usr/share/code/resources/app/extensions/emmet/dist/node/emmetNodeMain.js:1:185715)
	at K.provideCompletionItems (/snap/code/113/usr/share/code/resources/app/out/vs/workbench/api/node/extensionHostProcess.js:94:51930)
	at /snap/code/113/usr/share/code/resources/app/out/vs/workbench/api/node/extensionHostProcess.js:94:77224
	at ne._withAdapter (/snap/code/113/usr/share/code/resources/app/out/vs/workbench/api/node/extensionHostProcess.js:94:67325)
	at ne.$provideCompletionItems (/snap/code/113/usr/share/code/resources/app/out/vs/workbench/api/node/extensionHostProcess.js:94:77200)
	at l._doInvokeHandler (/snap/code/113/usr/share/code/resources/app/out/vs/workbench/api/node/extensionHostProcess.js:102:13680)
	at l._invokeHandler (/snap/code/113/usr/share/code/resources/app/out/vs/workbench/api/node/extensionHostProcess.js:102:13362)
	at l._receiveRequest (/snap/code/113/usr/share/code/resources/app/out/vs/workbench/api/node/extensionHostProcess.js:102:12081)
	at l._receiveOneMessage (/snap/code/113/usr/share/code/resources/app/out/vs/workbench/api/node/extensionHostProcess.js:102:10834)
	at /snap/code/113/usr/share/code/resources/app/out/vs/workbench/api/node/extensionHostProcess.js:102:8941
	at h.invoke (/snap/code/113/usr/share/code/resources/app/out/vs/workbench/api/node/extensionHostProcess.js:61:145)
	at v.deliver (/snap/code/113/usr/share/code/resources/app/out/vs/workbench/api/node/extensionHostProcess.js:61:2266)
	at g.fire (/snap/code/113/usr/share/code/resources/app/out/vs/workbench/api/node/extensionHostProcess.js:61:1844)
	at r.fire (/snap/code/113/usr/share/code/resources/app/out/vs/workbench/api/node/extensionHostProcess.js:70:16515)
	at /snap/code/113/usr/share/code/resources/app/out/vs/workbench/api/node/extensionHostProcess.js:118:17104
	at h.invoke (/snap/code/113/usr/share/code/resources/app/out/vs/workbench/api/node/extensionHostProcess.js:61:145)
	at v.deliver (/snap/code/113/usr/share/code/resources/app/out/vs/workbench/api/node/extensionHostProcess.js:61:2266)
	at g.fire (/snap/code/113/usr/share/code/resources/app/out/vs/workbench/api/node/extensionHostProcess.js:61:1844)
	at r.fire (/snap/code/113/usr/share/code/resources/app/out/vs/workbench/api/node/extensionHostProcess.js:70:16515)
	at o._receiveMessage (/snap/code/113/usr/share/code/resources/app/out/vs/workbench/api/node/extensionHostProcess.js:70:21327)
	at /snap/code/113/usr/share/code/resources/app/out/vs/workbench/api/node/extensionHostProcess.js:70:18770
	at h.invoke (/snap/code/113/usr/share/code/resources/app/out/vs/workbench/api/node/extensionHostProcess.js:61:145)
	at v.deliver (/snap/code/113/usr/share/code/resources/app/out/vs/workbench/api/node/extensionHostProcess.js:61:2266)
	at g.fire (/snap/code/113/usr/share/code/resources/app/out/vs/workbench/api/node/extensionHostProcess.js:61:1844)
	at g.acceptChunk (/snap/code/113/usr/share/code/resources/app/out/vs/workbench/api/node/extensionHostProcess.js:70:13346)
	at /snap/code/113/usr/share/code/resources/app/out/vs/workbench/api/node/extensionHostProcess.js:70:12476
	at Socket.i (/snap/code/113/usr/share/code/resources/app/out/vs/workbench/api/node/extensionHostProcess.js:70:24594)
	at Socket.emit (node:events:526:28)
	at addChunk (node:internal/streams/readable:315:12)
	at readableAddChunk (node:internal/streams/readable:289:9)
	at Readable.push (node:internal/streams/readable:228:10)
	at Pipe.onStreamRead (node:internal/stream_base_commons:190:23)
2022-11-18 16:16:38.508 [info] UNRESPONSIVE extension host: starting to profile NOW
2022-11-18 16:17:49.401 [info] UNRESPONSIVE extension host: starting to profile NOW
2022-11-18 16:18:37.455 [info] UNRESPONSIVE extension host: starting to profile NOW
2022-11-18 16:19:37.411 [info] UNRESPONSIVE extension host: starting to profile NOW
2022-11-18 16:20:38.410 [info] UNRESPONSIVE extension host: starting to profile NOW
2022-11-18 16:21:37.417 [info] UNRESPONSIVE extension host: starting to profile NOW
2022-11-18 16:22:38.481 [info] UNRESPONSIVE extension host: starting to profile NOW
2022-11-18 16:22:40.266 [info] UNRESPONSIVE extension host: received responsive event and cancelling profiling session
2022-11-18 16:51:37.475 [info] UNRESPONSIVE extension host: starting to profile NOW
2022-11-18 16:52:38.451 [info] UNRESPONSIVE extension host: starting to profile NOW
2022-11-18 16:54:05.415 [info] UNRESPONSIVE extension host: starting to profile NOW
2022-11-18 16:56:10.430 [info] UNRESPONSIVE extension host: starting to profile NOW
2022-11-18 16:57:24.419 [info] UNRESPONSIVE extension host: starting to profile NOW
2022-11-18 16:57:38.458 [info] UNRESPONSIVE extension host: starting to profile NOW
2022-11-18 17:01:22.433 [info] UNRESPONSIVE extension host: starting to profile NOW
2022-11-18 17:02:37.439 [info] UNRESPONSIVE extension host: starting to profile NOW
2022-11-18 17:04:38.458 [info] UNRESPONSIVE extension host: starting to profile NOW
2022-11-18 17:06:22.404 [info] UNRESPONSIVE extension host: starting to profile NOW
2022-11-18 17:07:37.423 [info] UNRESPONSIVE extension host: starting to profile NOW
2022-11-18 17:09:32.433 [info] UNRESPONSIVE extension host: starting to profile NOW
2022-11-18 17:09:33.181 [info] UNRESPONSIVE extension host: received responsive event and cancelling profiling session
2022-11-18 17:09:37.427 [info] UNRESPONSIVE extension host: starting to profile NOW
2022-11-18 17:10:51.434 [info] UNRESPONSIVE extension host: starting to profile NOW
2022-11-18 17:12:53.447 [info] UNRESPONSIVE extension host: starting to profile NOW
2022-11-18 17:15:10.405 [info] UNRESPONSIVE extension host: starting to profile NOW
2022-11-18 17:15:38.407 [info] UNRESPONSIVE extension host: starting to profile NOW
2022-11-18 17:17:53.428 [info] UNRESPONSIVE extension host: starting to profile NOW
2022-11-18 17:21:23.446 [info] UNRESPONSIVE extension host: starting to profile NOW
2022-11-18 17:21:38.442 [info] UNRESPONSIVE extension host: starting to profile NOW
2022-11-18 17:22:38.406 [info] UNRESPONSIVE extension host: starting to profile NOW
2022-11-18 17:23:38.409 [info] UNRESPONSIVE extension host: starting to profile NOW
2022-11-18 17:24:38.415 [info] UNRESPONSIVE extension host: starting to profile NOW
2022-11-18 17:26:20.402 [info] UNRESPONSIVE extension host: starting to profile NOW
2022-11-18 17:27:53.413 [info] UNRESPONSIVE extension host: starting to profile NOW
2022-11-18 17:28:38.424 [info] UNRESPONSIVE extension host: starting to profile NOW
2022-11-18 17:29:38.416 [info] UNRESPONSIVE extension host: starting to profile NOW
2022-11-18 17:31:24.450 [info] UNRESPONSIVE extension host: starting to profile NOW
2022-11-18 17:32:54.454 [info] UNRESPONSIVE extension host: starting to profile NOW
2022-11-18 17:34:37.465 [info] UNRESPONSIVE extension host: starting to profile NOW
2022-11-18 17:36:24.410 [info] UNRESPONSIVE extension host: starting to profile NOW
2022-11-18 17:36:38.409 [info] UNRESPONSIVE extension host: starting to profile NOW
2022-11-18 17:37:54.406 [info] UNRESPONSIVE extension host: starting to profile NOW
2022-11-18 17:39:37.427 [info] UNRESPONSIVE extension host: starting to profile NOW
2022-11-18 17:41:24.436 [info] UNRESPONSIVE extension host: starting to profile NOW
2022-11-18 17:42:07.444 [info] UNRESPONSIVE extension host: starting to profile NOW
2022-11-18 18:10:50.166 [info] UNRESPONSIVE extension host: starting to profile NOW
2022-11-18 18:12:02.183 [info] UNRESPONSIVE extension host: starting to profile NOW
2022-11-18 18:12:30.133 [info] UNRESPONSIVE extension host: starting to profile NOW
2022-11-18 18:13:31.139 [info] UNRESPONSIVE extension host: starting to profile NOW
2022-11-18 18:14:31.181 [info] UNRESPONSIVE extension host: starting to profile NOW
2022-11-18 18:18:08.564 [error] Cannot read properties of undefined (reading 'auto'): TypeError: Cannot read properties of undefined (reading 'auto')
    at la._onNewContext (vscode-file://vscode-app/snap/code/113/usr/share/code/resources/app/out/vs/workbench/workbench.desktop.main.js:812:16764)
    at la._refilterCompletionItems (vscode-file://vscode-app/snap/code/113/usr/share/code/resources/app/out/vs/workbench/workbench.desktop.main.js:812:12364)
    at vscode-file://vscode-app/snap/code/113/usr/share/code/resources/app/out/vs/workbench/workbench.desktop.main.js:812:8603
    at f.invoke (vscode-file://vscode-app/snap/code/113/usr/share/code/resources/app/out/vs/workbench/workbench.desktop.main.js:83:145)
    at l.deliver (vscode-file://vscode-app/snap/code/113/usr/share/code/resources/app/out/vs/workbench/workbench.desktop.main.js:83:2266)
    at c.fire (vscode-file://vscode-app/snap/code/113/usr/share/code/resources/app/out/vs/workbench/workbench.desktop.main.js:83:1844)
    at vscode-file://vscode-app/snap/code/113/usr/share/code/resources/app/out/vs/workbench/workbench.desktop.main.js:762:18860
    at f.invoke (vscode-file://vscode-app/snap/code/113/usr/share/code/resources/app/out/vs/workbench/workbench.desktop.main.js:83:145)
    at s.deliver (vscode-file://vscode-app/snap/code/113/usr/share/code/resources/app/out/vs/workbench/workbench.desktop.main.js:83:2266)
    at c.fire (vscode-file://vscode-app/snap/code/113/usr/share/code/resources/app/out/vs/workbench/workbench.desktop.main.js:83:1844)
    at R._emitOutgoingEvents (vscode-file://vscode-app/snap/code/113/usr/share/code/resources/app/out/vs/workbench/workbench.desktop.main.js:586:62875)
    at R.endEmitViewEvents (vscode-file://vscode-app/snap/code/113/usr/share/code/resources/app/out/vs/workbench/workbench.desktop.main.js:586:63571)
    at v._withViewEventsCollector (vscode-file://vscode-app/snap/code/113/usr/share/code/resources/app/out/vs/workbench/workbench.desktop.main.js:760:4911)
    at v._executeCursorEdit (vscode-file://vscode-app/snap/code/113/usr/share/code/resources/app/out/vs/workbench/workbench.desktop.main.js:760:3155)
    at v.executeEdits (vscode-file://vscode-app/snap/code/113/usr/share/code/resources/app/out/vs/workbench/workbench.desktop.main.js:760:3208)
    at sn.executeEdits (vscode-file://vscode-app/snap/code/113/usr/share/code/resources/app/out/vs/workbench/workbench.desktop.main.js:762:10887)
    at ki.insert (vscode-file://vscode-app/snap/code/113/usr/share/code/resources/app/out/vs/workbench/workbench.desktop.main.js:811:85796)
    at Mn._doInsert (vscode-file://vscode-app/snap/code/113/usr/share/code/resources/app/out/vs/workbench/workbench.desktop.main.js:811:90273)
    at Mn.insert (vscode-file://vscode-app/snap/code/113/usr/share/code/resources/app/out/vs/workbench/workbench.desktop.main.js:811:89559)
    at i.insertSnippet (vscode-file://vscode-app/snap/code/113/usr/share/code/resources/app/out/vs/workbench/workbench.desktop.main.js:1735:15800)
    at Ql.$tryInsertSnippet (vscode-file://vscode-app/snap/code/113/usr/share/code/resources/app/out/vs/workbench/workbench.desktop.main.js:2732:18569)
    at v._doInvokeHandler (vscode-file://vscode-app/snap/code/113/usr/share/code/resources/app/out/vs/workbench/workbench.desktop.main.js:1743:12969)
    at v._invokeHandler (vscode-file://vscode-app/snap/code/113/usr/share/code/resources/app/out/vs/workbench/workbench.desktop.main.js:1743:12651)
    at v._receiveRequest (vscode-file://vscode-app/snap/code/113/usr/share/code/resources/app/out/vs/workbench/workbench.desktop.main.js:1743:11421)
    at v._receiveOneMessage (vscode-file://vscode-app/snap/code/113/usr/share/code/resources/app/out/vs/workbench/workbench.desktop.main.js:1743:10123)
    at vscode-file://vscode-app/snap/code/113/usr/share/code/resources/app/out/vs/workbench/workbench.desktop.main.js:1743:8230
    at f.invoke (vscode-file://vscode-app/snap/code/113/usr/share/code/resources/app/out/vs/workbench/workbench.desktop.main.js:83:145)
    at s.deliver (vscode-file://vscode-app/snap/code/113/usr/share/code/resources/app/out/vs/workbench/workbench.desktop.main.js:83:2266)
    at c.fire (vscode-file://vscode-app/snap/code/113/usr/share/code/resources/app/out/vs/workbench/workbench.desktop.main.js:83:1844)
    at n.fire (vscode-file://vscode-app/snap/code/113/usr/share/code/resources/app/out/vs/workbench/workbench.desktop.main.js:546:16853)
    at h._receiveMessage (vscode-file://vscode-app/snap/code/113/usr/share/code/resources/app/out/vs/workbench/workbench.desktop.main.js:546:21665)
    at vscode-file://vscode-app/snap/code/113/usr/share/code/resources/app/out/vs/workbench/workbench.desktop.main.js:546:19108
    at f.invoke (vscode-file://vscode-app/snap/code/113/usr/share/code/resources/app/out/vs/workbench/workbench.desktop.main.js:83:145)
    at s.deliver (vscode-file://vscode-app/snap/code/113/usr/share/code/resources/app/out/vs/workbench/workbench.desktop.main.js:83:2266)
    at c.fire (vscode-file://vscode-app/snap/code/113/usr/share/code/resources/app/out/vs/workbench/workbench.desktop.main.js:83:1844)
    at c.acceptChunk (vscode-file://vscode-app/snap/code/113/usr/share/code/resources/app/out/vs/workbench/workbench.desktop.main.js:546:13684)
    at vscode-file://vscode-app/snap/code/113/usr/share/code/resources/app/out/vs/workbench/workbench.desktop.main.js:546:12814
    at Socket.y (vscode-file://vscode-app/snap/code/113/usr/share/code/resources/app/out/vs/workbench/workbench.desktop.main.js:546:24934)
    at Socket.emit (node:events:526:28)
    at addChunk (node:internal/streams/readable:315:12)
    at readableAddChunk (node:internal/streams/readable:289:9)
    at Readable.push (node:internal/streams/readable:228:10)
    at Pipe.onStreamRead (node:internal/stream_base_commons:190:23)
2022-11-18 18:37:02.305 [info] UNRESPONSIVE extension host: starting to profile NOW
2022-11-18 18:37:31.265 [info] UNRESPONSIVE extension host: starting to profile NOW
2022-11-18 18:38:32.301 [info] UNRESPONSIVE extension host: starting to profile NOW
2022-11-18 18:39:31.275 [info] UNRESPONSIVE extension host: starting to profile NOW
2022-11-18 18:40:32.278 [info] UNRESPONSIVE extension host: starting to profile NOW
2022-11-18 18:41:32.337 [info] UNRESPONSIVE extension host: starting to profile NOW
2022-11-18 18:42:32.284 [info] UNRESPONSIVE extension host: starting to profile NOW
2022-11-18 18:43:32.288 [info] UNRESPONSIVE extension host: starting to profile NOW
2022-11-18 18:44:31.326 [info] UNRESPONSIVE extension host: starting to profile NOW
2022-11-18 18:45:31.339 [info] UNRESPONSIVE extension host: starting to profile NOW
2022-11-18 18:47:05.271 [info] UNRESPONSIVE extension host: starting to profile NOW
2022-11-18 18:47:33.284 [info] UNRESPONSIVE extension host: starting to profile NOW
2022-11-18 18:48:32.236 [info] UNRESPONSIVE extension host: starting to profile NOW
2022-11-18 18:50:05.256 [info] UNRESPONSIVE extension host: starting to profile NOW
2022-11-18 18:50:53.272 [info] UNRESPONSIVE extension host: starting to profile NOW
2022-11-18 18:51:59.269 [info] UNRESPONSIVE extension host: starting to profile NOW
2022-11-18 18:52:34.229 [info] UNRESPONSIVE extension host: starting to profile NOW
2022-11-18 18:53:32.256 [info] UNRESPONSIVE extension host: starting to profile NOW
2022-11-18 18:54:32.276 [info] UNRESPONSIVE extension host: starting to profile NOW
2022-11-18 18:55:53.239 [info] UNRESPONSIVE extension host: starting to profile NOW
2022-11-18 18:56:32.237 [info] UNRESPONSIVE extension host: starting to profile NOW
2022-11-18 18:57:34.266 [info] UNRESPONSIVE extension host: starting to profile NOW
2022-11-18 18:59:05.270 [info] UNRESPONSIVE extension host: starting to profile NOW
2022-11-18 18:59:32.274 [info] UNRESPONSIVE extension host: starting to profile NOW
2022-11-18 19:00:32.238 [info] UNRESPONSIVE extension host: starting to profile NOW
2022-11-19 18:28:52.423 [info] UNRESPONSIVE extension host: starting to profile NOW
2022-11-19 18:29:52.399 [info] UNRESPONSIVE extension host: starting to profile NOW
2022-11-19 18:30:52.399 [info] UNRESPONSIVE extension host: starting to profile NOW
2022-11-19 18:31:51.416 [info] UNRESPONSIVE extension host: starting to profile NOW
2022-11-19 18:32:51.424 [info] UNRESPONSIVE extension host: starting to profile NOW
2022-11-19 18:33:51.428 [info] UNRESPONSIVE extension host: starting to profile NOW
2022-11-19 18:34:51.427 [info] UNRESPONSIVE extension host: starting to profile NOW
2022-11-19 18:35:52.415 [info] UNRESPONSIVE extension host: starting to profile NOW
2022-11-19 18:36:51.464 [info] UNRESPONSIVE extension host: starting to profile NOW
2022-11-19 18:37:52.001 [info] UNRESPONSIVE extension host: starting to profile NOW
2022-11-19 18:38:50.951 [info] UNRESPONSIVE extension host: starting to profile NOW
2022-11-19 18:39:52.002 [info] UNRESPONSIVE extension host: starting to profile NOW
2022-11-19 18:40:51.994 [info] UNRESPONSIVE extension host: starting to profile NOW
2022-11-19 18:41:50.993 [info] UNRESPONSIVE extension host: starting to profile NOW
2022-11-19 18:42:50.999 [info] UNRESPONSIVE extension host: starting to profile NOW
2022-11-19 18:43:52.019 [info] UNRESPONSIVE extension host: starting to profile NOW
2022-11-19 18:44:54.961 [info] UNRESPONSIVE extension host: starting to profile NOW
2022-11-19 18:46:44.953 [info] UNRESPONSIVE extension host: starting to profile NOW
2022-11-19 18:46:46.509 [info] UNRESPONSIVE extension host: received responsive event and cancelling profiling session
2022-11-19 18:46:51.960 [info] UNRESPONSIVE extension host: starting to profile NOW
2022-11-19 18:47:51.971 [info] UNRESPONSIVE extension host: starting to profile NOW
2022-11-19 18:49:50.996 [info] UNRESPONSIVE extension host: starting to profile NOW
2022-11-19 18:50:51.950 [info] UNRESPONSIVE extension host: starting to profile NOW
2022-11-19 18:53:14.980 [info] UNRESPONSIVE extension host: starting to profile NOW
2022-11-19 18:54:55.991 [info] UNRESPONSIVE extension host: starting to profile NOW
2022-11-19 18:56:44.951 [info] UNRESPONSIVE extension host: starting to profile NOW
2022-11-19 18:56:46.510 [info] UNRESPONSIVE extension host: received responsive event and cancelling profiling session
2022-11-19 18:56:51.968 [info] UNRESPONSIVE extension host: starting to profile NOW
2022-11-19 20:06:26.787 [info] UNRESPONSIVE extension host: starting to profile NOW
2022-11-19 20:07:03.816 [info] UNRESPONSIVE extension host: starting to profile NOW
2022-11-19 20:08:03.787 [info] UNRESPONSIVE extension host: starting to profile NOW
2022-11-19 20:09:02.829 [info] UNRESPONSIVE extension host: starting to profile NOW
2022-11-19 20:10:03.877 [info] UNRESPONSIVE extension host: starting to profile NOW
2022-11-19 20:11:02.828 [info] UNRESPONSIVE extension host: starting to profile NOW
2022-11-19 21:55:02.594 [info] UNRESPONSIVE extension host: starting to profile NOW
2022-11-19 23:17:39.267 [error] Cannot read properties of undefined (reading 'auto'): TypeError: Cannot read properties of undefined (reading 'auto')
    at la._onNewContext (vscode-file://vscode-app/snap/code/113/usr/share/code/resources/app/out/vs/workbench/workbench.desktop.main.js:812:16764)
    at la._refilterCompletionItems (vscode-file://vscode-app/snap/code/113/usr/share/code/resources/app/out/vs/workbench/workbench.desktop.main.js:812:12364)
    at vscode-file://vscode-app/snap/code/113/usr/share/code/resources/app/out/vs/workbench/workbench.desktop.main.js:812:8603
    at f.invoke (vscode-file://vscode-app/snap/code/113/usr/share/code/resources/app/out/vs/workbench/workbench.desktop.main.js:83:145)
    at l.deliver (vscode-file://vscode-app/snap/code/113/usr/share/code/resources/app/out/vs/workbench/workbench.desktop.main.js:83:2266)
    at c.fire (vscode-file://vscode-app/snap/code/113/usr/share/code/resources/app/out/vs/workbench/workbench.desktop.main.js:83:1844)
    at vscode-file://vscode-app/snap/code/113/usr/share/code/resources/app/out/vs/workbench/workbench.desktop.main.js:762:18860
    at f.invoke (vscode-file://vscode-app/snap/code/113/usr/share/code/resources/app/out/vs/workbench/workbench.desktop.main.js:83:145)
    at s.deliver (vscode-file://vscode-app/snap/code/113/usr/share/code/resources/app/out/vs/workbench/workbench.desktop.main.js:83:2266)
    at c.fire (vscode-file://vscode-app/snap/code/113/usr/share/code/resources/app/out/vs/workbench/workbench.desktop.main.js:83:1844)
    at R._emitOutgoingEvents (vscode-file://vscode-app/snap/code/113/usr/share/code/resources/app/out/vs/workbench/workbench.desktop.main.js:586:62875)
    at R.endEmitViewEvents (vscode-file://vscode-app/snap/code/113/usr/share/code/resources/app/out/vs/workbench/workbench.desktop.main.js:586:63571)
    at v._withViewEventsCollector (vscode-file://vscode-app/snap/code/113/usr/share/code/resources/app/out/vs/workbench/workbench.desktop.main.js:760:4911)
    at v._executeCursorEdit (vscode-file://vscode-app/snap/code/113/usr/share/code/resources/app/out/vs/workbench/workbench.desktop.main.js:760:3155)
    at v.executeEdits (vscode-file://vscode-app/snap/code/113/usr/share/code/resources/app/out/vs/workbench/workbench.desktop.main.js:760:3208)
    at sn.executeEdits (vscode-file://vscode-app/snap/code/113/usr/share/code/resources/app/out/vs/workbench/workbench.desktop.main.js:762:10887)
    at ki.insert (vscode-file://vscode-app/snap/code/113/usr/share/code/resources/app/out/vs/workbench/workbench.desktop.main.js:811:85796)
    at Mn._doInsert (vscode-file://vscode-app/snap/code/113/usr/share/code/resources/app/out/vs/workbench/workbench.desktop.main.js:811:90273)
    at Mn.insert (vscode-file://vscode-app/snap/code/113/usr/share/code/resources/app/out/vs/workbench/workbench.desktop.main.js:811:89559)
    at i.insertSnippet (vscode-file://vscode-app/snap/code/113/usr/share/code/resources/app/out/vs/workbench/workbench.desktop.main.js:1735:15800)
    at Ql.$tryInsertSnippet (vscode-file://vscode-app/snap/code/113/usr/share/code/resources/app/out/vs/workbench/workbench.desktop.main.js:2732:18569)
    at v._doInvokeHandler (vscode-file://vscode-app/snap/code/113/usr/share/code/resources/app/out/vs/workbench/workbench.desktop.main.js:1743:12969)
    at v._invokeHandler (vscode-file://vscode-app/snap/code/113/usr/share/code/resources/app/out/vs/workbench/workbench.desktop.main.js:1743:12651)
    at v._receiveRequest (vscode-file://vscode-app/snap/code/113/usr/share/code/resources/app/out/vs/workbench/workbench.desktop.main.js:1743:11421)
    at v._receiveOneMessage (vscode-file://vscode-app/snap/code/113/usr/share/code/resources/app/out/vs/workbench/workbench.desktop.main.js:1743:10123)
    at vscode-file://vscode-app/snap/code/113/usr/share/code/resources/app/out/vs/workbench/workbench.desktop.main.js:1743:8230
    at f.invoke (vscode-file://vscode-app/snap/code/113/usr/share/code/resources/app/out/vs/workbench/workbench.desktop.main.js:83:145)
    at s.deliver (vscode-file://vscode-app/snap/code/113/usr/share/code/resources/app/out/vs/workbench/workbench.desktop.main.js:83:2266)
    at c.fire (vscode-file://vscode-app/snap/code/113/usr/share/code/resources/app/out/vs/workbench/workbench.desktop.main.js:83:1844)
    at n.fire (vscode-file://vscode-app/snap/code/113/usr/share/code/resources/app/out/vs/workbench/workbench.desktop.main.js:546:16853)
    at h._receiveMessage (vscode-file://vscode-app/snap/code/113/usr/share/code/resources/app/out/vs/workbench/workbench.desktop.main.js:546:21665)
    at vscode-file://vscode-app/snap/code/113/usr/share/code/resources/app/out/vs/workbench/workbench.desktop.main.js:546:19108
    at f.invoke (vscode-file://vscode-app/snap/code/113/usr/share/code/resources/app/out/vs/workbench/workbench.desktop.main.js:83:145)
    at s.deliver (vscode-file://vscode-app/snap/code/113/usr/share/code/resources/app/out/vs/workbench/workbench.desktop.main.js:83:2266)
    at c.fire (vscode-file://vscode-app/snap/code/113/usr/share/code/resources/app/out/vs/workbench/workbench.desktop.main.js:83:1844)
    at c.acceptChunk (vscode-file://vscode-app/snap/code/113/usr/share/code/resources/app/out/vs/workbench/workbench.desktop.main.js:546:13684)
    at vscode-file://vscode-app/snap/code/113/usr/share/code/resources/app/out/vs/workbench/workbench.desktop.main.js:546:12814
    at Socket.y (vscode-file://vscode-app/snap/code/113/usr/share/code/resources/app/out/vs/workbench/workbench.desktop.main.js:546:24934)
    at Socket.emit (node:events:526:28)
    at addChunk (node:internal/streams/readable:315:12)
    at readableAddChunk (node:internal/streams/readable:289:9)
    at Readable.push (node:internal/streams/readable:228:10)
    at Pipe.onStreamRead (node:internal/stream_base_commons:190:23)
2022-11-19 23:18:18.894 [error] Cannot read properties of undefined (reading 'auto'): TypeError: Cannot read properties of undefined (reading 'auto')
    at la._onNewContext (vscode-file://vscode-app/snap/code/113/usr/share/code/resources/app/out/vs/workbench/workbench.desktop.main.js:812:16764)
    at la._refilterCompletionItems (vscode-file://vscode-app/snap/code/113/usr/share/code/resources/app/out/vs/workbench/workbench.desktop.main.js:812:12364)
    at vscode-file://vscode-app/snap/code/113/usr/share/code/resources/app/out/vs/workbench/workbench.desktop.main.js:812:8603
    at f.invoke (vscode-file://vscode-app/snap/code/113/usr/share/code/resources/app/out/vs/workbench/workbench.desktop.main.js:83:145)
    at l.deliver (vscode-file://vscode-app/snap/code/113/usr/share/code/resources/app/out/vs/workbench/workbench.desktop.main.js:83:2266)
    at c.fire (vscode-file://vscode-app/snap/code/113/usr/share/code/resources/app/out/vs/workbench/workbench.desktop.main.js:83:1844)
    at vscode-file://vscode-app/snap/code/113/usr/share/code/resources/app/out/vs/workbench/workbench.desktop.main.js:762:18860
    at f.invoke (vscode-file://vscode-app/snap/code/113/usr/share/code/resources/app/out/vs/workbench/workbench.desktop.main.js:83:145)
    at s.deliver (vscode-file://vscode-app/snap/code/113/usr/share/code/resources/app/out/vs/workbench/workbench.desktop.main.js:83:2266)
    at c.fire (vscode-file://vscode-app/snap/code/113/usr/share/code/resources/app/out/vs/workbench/workbench.desktop.main.js:83:1844)
    at R._emitOutgoingEvents (vscode-file://vscode-app/snap/code/113/usr/share/code/resources/app/out/vs/workbench/workbench.desktop.main.js:586:62875)
    at R.endEmitViewEvents (vscode-file://vscode-app/snap/code/113/usr/share/code/resources/app/out/vs/workbench/workbench.desktop.main.js:586:63571)
    at v._withViewEventsCollector (vscode-file://vscode-app/snap/code/113/usr/share/code/resources/app/out/vs/workbench/workbench.desktop.main.js:760:4911)
    at v._executeCursorEdit (vscode-file://vscode-app/snap/code/113/usr/share/code/resources/app/out/vs/workbench/workbench.desktop.main.js:760:3155)
    at v.executeEdits (vscode-file://vscode-app/snap/code/113/usr/share/code/resources/app/out/vs/workbench/workbench.desktop.main.js:760:3208)
    at sn.executeEdits (vscode-file://vscode-app/snap/code/113/usr/share/code/resources/app/out/vs/workbench/workbench.desktop.main.js:762:10887)
    at ki.insert (vscode-file://vscode-app/snap/code/113/usr/share/code/resources/app/out/vs/workbench/workbench.desktop.main.js:811:85796)
    at Mn._doInsert (vscode-file://vscode-app/snap/code/113/usr/share/code/resources/app/out/vs/workbench/workbench.desktop.main.js:811:90273)
    at Mn.insert (vscode-file://vscode-app/snap/code/113/usr/share/code/resources/app/out/vs/workbench/workbench.desktop.main.js:811:89559)
    at i.insertSnippet (vscode-file://vscode-app/snap/code/113/usr/share/code/resources/app/out/vs/workbench/workbench.desktop.main.js:1735:15800)
    at Ql.$tryInsertSnippet (vscode-file://vscode-app/snap/code/113/usr/share/code/resources/app/out/vs/workbench/workbench.desktop.main.js:2732:18569)
    at v._doInvokeHandler (vscode-file://vscode-app/snap/code/113/usr/share/code/resources/app/out/vs/workbench/workbench.desktop.main.js:1743:12969)
    at v._invokeHandler (vscode-file://vscode-app/snap/code/113/usr/share/code/resources/app/out/vs/workbench/workbench.desktop.main.js:1743:12651)
    at v._receiveRequest (vscode-file://vscode-app/snap/code/113/usr/share/code/resources/app/out/vs/workbench/workbench.desktop.main.js:1743:11421)
    at v._receiveOneMessage (vscode-file://vscode-app/snap/code/113/usr/share/code/resources/app/out/vs/workbench/workbench.desktop.main.js:1743:10123)
    at vscode-file://vscode-app/snap/code/113/usr/share/code/resources/app/out/vs/workbench/workbench.desktop.main.js:1743:8230
    at f.invoke (vscode-file://vscode-app/snap/code/113/usr/share/code/resources/app/out/vs/workbench/workbench.desktop.main.js:83:145)
    at s.deliver (vscode-file://vscode-app/snap/code/113/usr/share/code/resources/app/out/vs/workbench/workbench.desktop.main.js:83:2266)
    at c.fire (vscode-file://vscode-app/snap/code/113/usr/share/code/resources/app/out/vs/workbench/workbench.desktop.main.js:83:1844)
    at n.fire (vscode-file://vscode-app/snap/code/113/usr/share/code/resources/app/out/vs/workbench/workbench.desktop.main.js:546:16853)
    at h._receiveMessage (vscode-file://vscode-app/snap/code/113/usr/share/code/resources/app/out/vs/workbench/workbench.desktop.main.js:546:21665)
    at vscode-file://vscode-app/snap/code/113/usr/share/code/resources/app/out/vs/workbench/workbench.desktop.main.js:546:19108
    at f.invoke (vscode-file://vscode-app/snap/code/113/usr/share/code/resources/app/out/vs/workbench/workbench.desktop.main.js:83:145)
    at s.deliver (vscode-file://vscode-app/snap/code/113/usr/share/code/resources/app/out/vs/workbench/workbench.desktop.main.js:83:2266)
    at c.fire (vscode-file://vscode-app/snap/code/113/usr/share/code/resources/app/out/vs/workbench/workbench.desktop.main.js:83:1844)
    at c.acceptChunk (vscode-file://vscode-app/snap/code/113/usr/share/code/resources/app/out/vs/workbench/workbench.desktop.main.js:546:13684)
    at vscode-file://vscode-app/snap/code/113/usr/share/code/resources/app/out/vs/workbench/workbench.desktop.main.js:546:12814
    at Socket.y (vscode-file://vscode-app/snap/code/113/usr/share/code/resources/app/out/vs/workbench/workbench.desktop.main.js:546:24934)
    at Socket.emit (node:events:526:28)
    at addChunk (node:internal/streams/readable:315:12)
    at readableAddChunk (node:internal/streams/readable:289:9)
    at Readable.push (node:internal/streams/readable:228:10)
    at Pipe.onStreamRead (node:internal/stream_base_commons:190:23)
