2022-11-13 14:36:21.465 [info] Extension host with pid 52547 started
2022-11-13 14:36:21.465 [info] Skipping acquiring lock for /home/student/.config/Code/User/workspaceStorage/58b1fe8d760d9ab45f7ed9c408ba57cf.
2022-11-13 14:36:21.649 [info] ExtensionService#_doActivateExtension vscode.microsoft-authentication, startup: false, activationEvent: 'onAuthenticationRequest:microsoft'
2022-11-13 14:36:21.649 [info] ExtensionService#_doActivateExtension vscode.git-base, startup: true, activationEvent: '*'
2022-11-13 14:36:21.781 [info] ExtensionService#_doActivateExtension vscode.github, startup: true, activationEvent: '*'
2022-11-13 14:36:21.843 [info] Eager extensions activated
2022-11-13 14:36:21.885 [info] ExtensionService#_doActivateExtension vscode.debug-auto-launch, startup: false, activationEvent: 'onStartupFinished'
2022-11-13 14:36:21.885 [info] ExtensionService#_doActivateExtension vscode.emmet, startup: false, activationEvent: 'onStartupFinished'
2022-11-13 14:36:21.886 [info] ExtensionService#_doActivateExtension vscode.merge-conflict, startup: false, activationEvent: 'onStartupFinished'
2022-11-13 14:36:21.959 [info] ExtensionService#_doActivateExtension vscode.github-authentication, startup: false, activationEvent: 'onAuthenticationRequest:github'
2022-11-13 14:36:30.406 [info] ExtensionService#_doActivateExtension vscode.git, startup: false, activationEvent: 'api', root cause: vscode.github
2022-11-13 14:40:47.669 [warning] [Decorations] CAPPING events from decorations provider vscode.git 270
2022-11-13 14:40:52.863 [warning] [Decorations] CAPPING events from decorations provider vscode.git 270
2022-11-13 14:40:58.178 [warning] [Decorations] CAPPING events from decorations provider vscode.git 271
2022-11-13 14:41:03.373 [warning] [Decorations] CAPPING events from decorations provider vscode.git 271
2022-11-13 14:41:08.607 [warning] [Decorations] CAPPING events from decorations provider vscode.git 271
2022-11-13 14:41:13.826 [warning] [Decorations] CAPPING events from decorations provider vscode.git 271
2022-11-13 14:41:19.020 [warning] [Decorations] CAPPING events from decorations provider vscode.git 272
2022-11-13 14:41:37.372 [info] ExtensionService#_doActivateExtension vscode.html-language-features, startup: false, activationEvent: 'onLanguage:html'
2022-11-13 14:41:37.421 [warning] [Decorations] CAPPING events from decorations provider vscode.git 277
2022-11-13 14:41:42.633 [warning] [Decorations] CAPPING events from decorations provider vscode.git 283
2022-11-13 14:42:25.873 [warning] [Decorations] CAPPING events from decorations provider vscode.git 286
2022-11-13 14:42:31.075 [warning] [Decorations] CAPPING events from decorations provider vscode.git 286
2022-11-13 14:42:36.319 [warning] [Decorations] CAPPING events from decorations provider vscode.git 286
2022-11-13 14:43:58.932 [warning] [Decorations] CAPPING events from decorations provider vscode.git 293
2022-11-13 14:44:40.394 [warning] [Decorations] CAPPING events from decorations provider vscode.git 297
2022-11-13 14:44:45.627 [warning] [Decorations] CAPPING events from decorations provider vscode.git 297
2022-11-13 14:45:03.666 [warning] [Decorations] CAPPING events from decorations provider vscode.git 299
2022-11-13 14:45:53.795 [warning] [Decorations] CAPPING events from decorations provider vscode.git 331
2022-11-13 14:45:59.006 [warning] [Decorations] CAPPING events from decorations provider vscode.git 331
2022-11-13 14:46:27.140 [warning] [Decorations] CAPPING events from decorations provider vscode.git 333
2022-11-13 14:46:32.451 [warning] [Decorations] CAPPING events from decorations provider vscode.git 336
2022-11-13 14:47:15.425 [warning] [Decorations] CAPPING events from decorations provider vscode.git 343
2022-11-13 14:47:20.650 [warning] [Decorations] CAPPING events from decorations provider vscode.git 342
2022-11-13 14:47:25.896 [warning] [Decorations] CAPPING events from decorations provider vscode.git 342
2022-11-13 14:47:31.120 [warning] [Decorations] CAPPING events from decorations provider vscode.git 343
2022-11-13 14:47:36.354 [warning] [Decorations] CAPPING events from decorations provider vscode.git 345
2022-11-13 14:47:41.602 [warning] [Decorations] CAPPING events from decorations provider vscode.git 345
2022-11-13 14:47:46.810 [warning] [Decorations] CAPPING events from decorations provider vscode.git 347
2022-11-13 14:47:52.039 [warning] [Decorations] CAPPING events from decorations provider vscode.git 348
2022-11-13 14:48:00.453 [warning] [Decorations] CAPPING events from decorations provider vscode.git 351
2022-11-13 14:48:05.671 [warning] [Decorations] CAPPING events from decorations provider vscode.git 350
2022-11-13 14:48:10.908 [warning] [Decorations] CAPPING events from decorations provider vscode.git 351
2022-11-13 14:48:16.133 [warning] [Decorations] CAPPING events from decorations provider vscode.git 350
2022-11-13 14:49:33.123 [warning] [Decorations] CAPPING events from decorations provider vscode.git 357
2022-11-13 14:49:38.341 [warning] [Decorations] CAPPING events from decorations provider vscode.git 356
2022-11-13 14:49:49.847 [warning] [Decorations] CAPPING events from decorations provider vscode.git 361
2022-11-13 14:49:55.076 [warning] [Decorations] CAPPING events from decorations provider vscode.git 361
2022-11-13 14:50:00.294 [warning] [Decorations] CAPPING events from decorations provider vscode.git 360
2022-11-13 14:50:05.522 [warning] [Decorations] CAPPING events from decorations provider vscode.git 360
2022-11-13 14:50:10.743 [warning] [Decorations] CAPPING events from decorations provider vscode.git 360
2022-11-13 14:50:15.963 [warning] [Decorations] CAPPING events from decorations provider vscode.git 361
2022-11-13 14:50:21.185 [warning] [Decorations] CAPPING events from decorations provider vscode.git 361
2022-11-13 14:50:26.401 [warning] [Decorations] CAPPING events from decorations provider vscode.git 362
2022-11-13 14:50:31.626 [warning] [Decorations] CAPPING events from decorations provider vscode.git 362
2022-11-13 14:50:36.849 [warning] [Decorations] CAPPING events from decorations provider vscode.git 361
2022-11-13 14:50:42.065 [warning] [Decorations] CAPPING events from decorations provider vscode.git 364
2022-11-13 14:50:47.271 [warning] [Decorations] CAPPING events from decorations provider vscode.git 363
2022-11-13 14:50:52.510 [warning] [Decorations] CAPPING events from decorations provider vscode.git 364
2022-11-13 14:50:57.731 [warning] [Decorations] CAPPING events from decorations provider vscode.git 365
2022-11-13 14:51:11.679 [warning] [Decorations] CAPPING events from decorations provider vscode.git 368
2022-11-13 14:51:16.899 [warning] [Decorations] CAPPING events from decorations provider vscode.git 368
2022-11-13 14:51:22.137 [warning] [Decorations] CAPPING events from decorations provider vscode.git 369
2022-11-13 14:51:27.353 [warning] [Decorations] CAPPING events from decorations provider vscode.git 370
2022-11-13 14:51:32.584 [warning] [Decorations] CAPPING events from decorations provider vscode.git 371
2022-11-13 14:51:37.861 [warning] [Decorations] CAPPING events from decorations provider vscode.git 370
2022-11-13 14:51:43.120 [warning] [Decorations] CAPPING events from decorations provider vscode.git 371
2022-11-13 14:51:48.348 [warning] [Decorations] CAPPING events from decorations provider vscode.git 372
2022-11-13 14:51:53.573 [warning] [Decorations] CAPPING events from decorations provider vscode.git 373
2022-11-13 14:51:58.821 [warning] [Decorations] CAPPING events from decorations provider vscode.git 373
2022-11-13 14:52:04.092 [warning] [Decorations] CAPPING events from decorations provider vscode.git 376
2022-11-13 14:52:12.711 [warning] [Decorations] CAPPING events from decorations provider vscode.git 374
2022-11-13 14:52:17.942 [warning] [Decorations] CAPPING events from decorations provider vscode.git 375
2022-11-13 14:52:23.162 [warning] [Decorations] CAPPING events from decorations provider vscode.git 375
2022-11-13 14:52:28.386 [warning] [Decorations] CAPPING events from decorations provider vscode.git 375
2022-11-13 14:52:33.613 [warning] [Decorations] CAPPING events from decorations provider vscode.git 375
2022-11-13 14:52:38.836 [warning] [Decorations] CAPPING events from decorations provider vscode.git 375
2022-11-13 14:52:48.449 [warning] [Decorations] CAPPING events from decorations provider vscode.git 379
2022-11-13 14:52:53.672 [warning] [Decorations] CAPPING events from decorations provider vscode.git 380
2022-11-13 14:52:58.899 [warning] [Decorations] CAPPING events from decorations provider vscode.git 380
2022-11-13 14:53:04.121 [warning] [Decorations] CAPPING events from decorations provider vscode.git 380
2022-11-13 14:53:14.677 [warning] [Decorations] CAPPING events from decorations provider vscode.git 381
2022-11-13 14:53:19.890 [warning] [Decorations] CAPPING events from decorations provider vscode.git 382
2022-11-13 14:53:25.113 [warning] [Decorations] CAPPING events from decorations provider vscode.git 383
2022-11-13 14:53:30.336 [warning] [Decorations] CAPPING events from decorations provider vscode.git 382
2022-11-13 14:53:35.574 [warning] [Decorations] CAPPING events from decorations provider vscode.git 383
2022-11-13 14:53:40.795 [warning] [Decorations] CAPPING events from decorations provider vscode.git 383
2022-11-13 14:53:46.012 [warning] [Decorations] CAPPING events from decorations provider vscode.git 383
2022-11-13 14:53:52.332 [warning] [Decorations] CAPPING events from decorations provider vscode.git 385
2022-11-13 14:54:01.580 [warning] [Decorations] CAPPING events from decorations provider vscode.git 388
2022-11-13 14:54:06.808 [warning] [Decorations] CAPPING events from decorations provider vscode.git 387
2022-11-13 14:54:12.029 [warning] [Decorations] CAPPING events from decorations provider vscode.git 388
2022-11-13 14:54:17.275 [warning] [Decorations] CAPPING events from decorations provider vscode.git 386
2022-11-13 14:54:22.488 [warning] [Decorations] CAPPING events from decorations provider vscode.git 389
2022-11-13 14:54:27.716 [warning] [Decorations] CAPPING events from decorations provider vscode.git 389
2022-11-13 14:54:40.341 [warning] [Decorations] CAPPING events from decorations provider vscode.git 391
2022-11-13 14:54:45.634 [warning] [Decorations] CAPPING events from decorations provider vscode.git 392
2022-11-13 14:54:50.894 [warning] [Decorations] CAPPING events from decorations provider vscode.git 392
2022-11-13 14:54:56.122 [warning] [Decorations] CAPPING events from decorations provider vscode.git 393
2022-11-13 14:55:01.357 [warning] [Decorations] CAPPING events from decorations provider vscode.git 393
2022-11-13 14:55:06.586 [warning] [Decorations] CAPPING events from decorations provider vscode.git 393
2022-11-13 14:55:11.812 [warning] [Decorations] CAPPING events from decorations provider vscode.git 392
2022-11-13 14:55:17.024 [warning] [Decorations] CAPPING events from decorations provider vscode.git 394
2022-11-13 14:55:22.240 [warning] [Decorations] CAPPING events from decorations provider vscode.git 396
2022-11-13 14:55:27.461 [warning] [Decorations] CAPPING events from decorations provider vscode.git 396
2022-11-13 14:55:32.674 [warning] [Decorations] CAPPING events from decorations provider vscode.git 396
2022-11-13 14:55:37.898 [warning] [Decorations] CAPPING events from decorations provider vscode.git 396
2022-11-13 14:55:43.124 [warning] [Decorations] CAPPING events from decorations provider vscode.git 395
2022-11-13 14:55:48.341 [warning] [Decorations] CAPPING events from decorations provider vscode.git 396
2022-11-13 14:55:53.567 [warning] [Decorations] CAPPING events from decorations provider vscode.git 397
2022-11-13 14:56:01.289 [warning] [Decorations] CAPPING events from decorations provider vscode.git 397
2022-11-13 14:56:07.180 [warning] [Decorations] CAPPING events from decorations provider vscode.git 397
2022-11-13 14:56:12.429 [warning] [Decorations] CAPPING events from decorations provider vscode.git 397
2022-11-13 14:56:17.802 [warning] [Decorations] CAPPING events from decorations provider vscode.git 397
2022-11-13 14:56:23.032 [warning] [Decorations] CAPPING events from decorations provider vscode.git 398
2022-11-13 14:56:28.256 [warning] [Decorations] CAPPING events from decorations provider vscode.git 399
2022-11-13 14:56:33.505 [warning] [Decorations] CAPPING events from decorations provider vscode.git 399
2022-11-13 15:00:39.043 [warning] [Decorations] CAPPING events from decorations provider vscode.git 404
2022-11-13 15:08:22.974 [info] Extension host terminating: received terminate message from renderer
2022-11-13 15:08:23.034 [info] Extension host with pid 52547 exiting with code 0
