[16056:1109/005157.124581:WARNING:bluez_dbus_manager.cc(247)] Floss manager not present, cannot set Floss enable/disable.
[16056:1109/005157.449434:ERROR:browser_main_loop.cc(270)] Gtk: gtk_widget_add_accelerator: assertion 'GTK_IS_ACCEL_GROUP (accel_group)' failed
[16056:1109/005157.538310:ERROR:object_proxy.cc(623)] Failed to call method: org.freedesktop.login1.Manager.Inhibit: object_path= /org/freedesktop/login1: org.freedesktop.DBus.Error.AccessDenied: An AppArmor policy prevents this sender from sending this message to this recipient; type="method_call", sender=":1.238" (uid=1000 pid=16056 comm="/snap/slack/67/usr/lib/slack/slack --no-sandbox --" label="snap.slack.slack (enforce)") interface="org.freedesktop.login1.Manager" member="Inhibit" error name="(unset)" requested_reply="0" destination="org.freedesktop.login1" (uid=0 pid=668 comm="/lib/systemd/systemd-logind " label="unconfined")
[16056:1109/005157.877706:ERROR:nss_util.cc(232)] Error initializing NSS with a persistent database (sql:/home/student/.pki/nssdb): NSS error code: -8174
[24682:1109/030554.328528:WARNING:bluez_dbus_manager.cc(247)] Floss manager not present, cannot set Floss enable/disable.
[24682:1109/030554.592546:ERROR:browser_main_loop.cc(270)] Gtk: gtk_widget_add_accelerator: assertion 'GTK_IS_ACCEL_GROUP (accel_group)' failed
[24682:1109/030554.652169:ERROR:object_proxy.cc(623)] Failed to call method: org.freedesktop.login1.Manager.Inhibit: object_path= /org/freedesktop/login1: org.freedesktop.DBus.Error.AccessDenied: An AppArmor policy prevents this sender from sending this message to this recipient; type="method_call", sender=":1.299" (uid=1000 pid=24682 comm="/snap/slack/67/usr/lib/slack/slack --no-sandbox --" label="snap.slack.slack (enforce)") interface="org.freedesktop.login1.Manager" member="Inhibit" error name="(unset)" requested_reply="0" destination="org.freedesktop.login1" (uid=0 pid=668 comm="/lib/systemd/systemd-logind " label="unconfined")
[24682:1109/030555.856189:ERROR:nss_util.cc(232)] Error initializing NSS with a persistent database (sql:/home/student/.pki/nssdb): NSS error code: -8174
[29721:1109/042241.869560:WARNING:bluez_dbus_manager.cc(247)] Floss manager not present, cannot set Floss enable/disable.
[29721:1109/042242.106062:ERROR:browser_main_loop.cc(270)] Gtk: gtk_widget_add_accelerator: assertion 'GTK_IS_ACCEL_GROUP (accel_group)' failed
[29721:1109/042242.166324:ERROR:object_proxy.cc(623)] Failed to call method: org.freedesktop.login1.Manager.Inhibit: object_path= /org/freedesktop/login1: org.freedesktop.DBus.Error.AccessDenied: An AppArmor policy prevents this sender from sending this message to this recipient; type="method_call", sender=":1.354" (uid=1000 pid=29721 comm="/snap/slack/67/usr/lib/slack/slack --no-sandbox --" label="snap.slack.slack (enforce)") interface="org.freedesktop.login1.Manager" member="Inhibit" error name="(unset)" requested_reply="0" destination="org.freedesktop.login1" (uid=0 pid=668 comm="/lib/systemd/systemd-logind " label="unconfined")
[29721:1109/042242.685275:ERROR:nss_util.cc(232)] Error initializing NSS with a persistent database (sql:/home/student/.pki/nssdb): NSS error code: -8174
[36637:1109/073136.605907:WARNING:bluez_dbus_manager.cc(247)] Floss manager not present, cannot set Floss enable/disable.
[36637:1109/073136.849824:ERROR:browser_main_loop.cc(270)] Gtk: gtk_widget_add_accelerator: assertion 'GTK_IS_ACCEL_GROUP (accel_group)' failed
[36637:1109/073136.907738:ERROR:object_proxy.cc(623)] Failed to call method: org.freedesktop.login1.Manager.Inhibit: object_path= /org/freedesktop/login1: org.freedesktop.DBus.Error.AccessDenied: An AppArmor policy prevents this sender from sending this message to this recipient; type="method_call", sender=":1.418" (uid=1000 pid=36637 comm="/snap/slack/67/usr/lib/slack/slack --no-sandbox --" label="snap.slack.slack (enforce)") interface="org.freedesktop.login1.Manager" member="Inhibit" error name="(unset)" requested_reply="0" destination="org.freedesktop.login1" (uid=0 pid=668 comm="/lib/systemd/systemd-logind " label="unconfined")
[36637:1109/073137.043359:ERROR:nss_util.cc(232)] Error initializing NSS with a persistent database (sql:/home/student/.pki/nssdb): NSS error code: -8174
[38574:1110/005051.237160:WARNING:bluez_dbus_manager.cc(247)] Floss manager not present, cannot set Floss enable/disable.
[38574:1110/005051.473018:ERROR:browser_main_loop.cc(270)] Gtk: gtk_widget_add_accelerator: assertion 'GTK_IS_ACCEL_GROUP (accel_group)' failed
[38574:1110/005051.538566:ERROR:object_proxy.cc(623)] Failed to call method: org.freedesktop.login1.Manager.Inhibit: object_path= /org/freedesktop/login1: org.freedesktop.DBus.Error.AccessDenied: An AppArmor policy prevents this sender from sending this message to this recipient; type="method_call", sender=":1.453" (uid=1000 pid=38574 comm="/snap/slack/67/usr/lib/slack/slack --no-sandbox --" label="snap.slack.slack (enforce)") interface="org.freedesktop.login1.Manager" member="Inhibit" error name="(unset)" requested_reply="0" destination="org.freedesktop.login1" (uid=0 pid=668 comm="/lib/systemd/systemd-logind " label="unconfined")
[38574:1110/005051.647779:ERROR:nss_util.cc(232)] Error initializing NSS with a persistent database (sql:/home/student/.pki/nssdb): NSS error code: -8174
[45712:1110/112447.028083:WARNING:bluez_dbus_manager.cc(247)] Floss manager not present, cannot set Floss enable/disable.
[45712:1110/112447.314207:ERROR:browser_main_loop.cc(270)] Gtk: gtk_widget_add_accelerator: assertion 'GTK_IS_ACCEL_GROUP (accel_group)' failed
[45712:1110/112447.382043:ERROR:object_proxy.cc(623)] Failed to call method: org.freedesktop.login1.Manager.Inhibit: object_path= /org/freedesktop/login1: org.freedesktop.DBus.Error.AccessDenied: An AppArmor policy prevents this sender from sending this message to this recipient; type="method_call", sender=":1.548" (uid=1000 pid=45712 comm="/snap/slack/67/usr/lib/slack/slack --no-sandbox --" label="snap.slack.slack (enforce)") interface="org.freedesktop.login1.Manager" member="Inhibit" error name="(unset)" requested_reply="0" destination="org.freedesktop.login1" (uid=0 pid=668 comm="/lib/systemd/systemd-logind " label="unconfined")
[45712:1110/112447.472999:ERROR:nss_util.cc(232)] Error initializing NSS with a persistent database (sql:/home/student/.pki/nssdb): NSS error code: -8174
[53980:1111/024804.594261:WARNING:bluez_dbus_manager.cc(247)] Floss manager not present, cannot set Floss enable/disable.
[53980:1111/024804.939200:ERROR:browser_main_loop.cc(270)] Gtk: gtk_widget_add_accelerator: assertion 'GTK_IS_ACCEL_GROUP (accel_group)' failed
[53980:1111/024805.033790:ERROR:object_proxy.cc(623)] Failed to call method: org.freedesktop.login1.Manager.Inhibit: object_path= /org/freedesktop/login1: org.freedesktop.DBus.Error.AccessDenied: An AppArmor policy prevents this sender from sending this message to this recipient; type="method_call", sender=":1.669" (uid=1000 pid=53980 comm="/snap/slack/67/usr/lib/slack/slack --no-sandbox --" label="snap.slack.slack (enforce)") interface="org.freedesktop.login1.Manager" member="Inhibit" error name="(unset)" requested_reply="0" destination="org.freedesktop.login1" (uid=0 pid=668 comm="/lib/systemd/systemd-logind " label="unconfined")
[53980:1111/024805.040752:ERROR:nss_util.cc(232)] Error initializing NSS with a persistent database (sql:/home/student/.pki/nssdb): NSS error code: -8174
[56767:1111/041417.200825:WARNING:bluez_dbus_manager.cc(247)] Floss manager not present, cannot set Floss enable/disable.
[56767:1111/041417.473230:ERROR:browser_main_loop.cc(270)] Gtk: gtk_widget_add_accelerator: assertion 'GTK_IS_ACCEL_GROUP (accel_group)' failed
[56767:1111/041417.535650:ERROR:object_proxy.cc(623)] Failed to call method: org.freedesktop.login1.Manager.Inhibit: object_path= /org/freedesktop/login1: org.freedesktop.DBus.Error.AccessDenied: An AppArmor policy prevents this sender from sending this message to this recipient; type="method_call", sender=":1.716" (uid=1000 pid=56767 comm="/snap/slack/67/usr/lib/slack/slack --no-sandbox --" label="snap.slack.slack (enforce)") interface="org.freedesktop.login1.Manager" member="Inhibit" error name="(unset)" requested_reply="0" destination="org.freedesktop.login1" (uid=0 pid=668 comm="/lib/systemd/systemd-logind " label="unconfined")
[56767:1111/041417.577558:ERROR:nss_util.cc(232)] Error initializing NSS with a persistent database (sql:/home/student/.pki/nssdb): NSS error code: -8174
[58738:1111/045521.244365:WARNING:bluez_dbus_manager.cc(247)] Floss manager not present, cannot set Floss enable/disable.
[58738:1111/045521.508252:ERROR:browser_main_loop.cc(270)] Gtk: gtk_widget_add_accelerator: assertion 'GTK_IS_ACCEL_GROUP (accel_group)' failed
[58738:1111/045521.573306:ERROR:object_proxy.cc(623)] Failed to call method: org.freedesktop.login1.Manager.Inhibit: object_path= /org/freedesktop/login1: org.freedesktop.DBus.Error.AccessDenied: An AppArmor policy prevents this sender from sending this message to this recipient; type="method_call", sender=":1.749" (uid=1000 pid=58738 comm="/snap/slack/67/usr/lib/slack/slack --no-sandbox --" label="snap.slack.slack (enforce)") interface="org.freedesktop.login1.Manager" member="Inhibit" error name="(unset)" requested_reply="0" destination="org.freedesktop.login1" (uid=0 pid=668 comm="/lib/systemd/systemd-logind " label="unconfined")
[58738:1111/045521.677532:ERROR:nss_util.cc(232)] Error initializing NSS with a persistent database (sql:/home/student/.pki/nssdb): NSS error code: -8174
[5898:1111/063527.113042:WARNING:bluez_dbus_manager.cc(247)] Floss manager not present, cannot set Floss enable/disable.
[5898:1111/063528.993451:ERROR:browser_main_loop.cc(270)] Gtk: gtk_widget_add_accelerator: assertion 'GTK_IS_ACCEL_GROUP (accel_group)' failed
[5898:1111/063529.078304:ERROR:object_proxy.cc(623)] Failed to call method: org.freedesktop.login1.Manager.Inhibit: object_path= /org/freedesktop/login1: org.freedesktop.DBus.Error.AccessDenied: An AppArmor policy prevents this sender from sending this message to this recipient; type="method_call", sender=":1.152" (uid=1000 pid=5898 comm="/snap/slack/67/usr/lib/slack/slack --no-sandbox --" label="snap.slack.slack (enforce)") interface="org.freedesktop.login1.Manager" member="Inhibit" error name="(unset)" requested_reply="0" destination="org.freedesktop.login1" (uid=0 pid=697 comm="/lib/systemd/systemd-logind " label="unconfined")
[5898:1111/063531.286989:ERROR:nss_util.cc(232)] Error initializing NSS with a persistent database (sql:/home/student/.pki/nssdb): NSS error code: -8174
[70448:1113/141948.133371:WARNING:bluez_dbus_manager.cc(247)] Floss manager not present, cannot set Floss enable/disable.
[70448:1113/141949.500654:ERROR:browser_main_loop.cc(270)] Gtk: gtk_widget_add_accelerator: assertion 'GTK_IS_ACCEL_GROUP (accel_group)' failed
[70448:1113/141949.645717:ERROR:object_proxy.cc(623)] Failed to call method: org.freedesktop.login1.Manager.Inhibit: object_path= /org/freedesktop/login1: org.freedesktop.DBus.Error.AccessDenied: An AppArmor policy prevents this sender from sending this message to this recipient; type="method_call", sender=":1.777" (uid=1000 pid=70448 comm="/snap/slack/67/usr/lib/slack/slack --no-sandbox --" label="snap.slack.slack (enforce)") interface="org.freedesktop.login1.Manager" member="Inhibit" error name="(unset)" requested_reply="0" destination="org.freedesktop.login1" (uid=0 pid=697 comm="/lib/systemd/systemd-logind " label="unconfined")
[70448:1113/141950.488997:ERROR:nss_util.cc(232)] Error initializing NSS with a persistent database (sql:/home/student/.pki/nssdb): NSS error code: -8174
[78059:1114/040115.001736:WARNING:bluez_dbus_manager.cc(247)] Floss manager not present, cannot set Floss enable/disable.
[78059:1114/040115.336275:ERROR:browser_main_loop.cc(270)] Gtk: gtk_widget_add_accelerator: assertion 'GTK_IS_ACCEL_GROUP (accel_group)' failed
[78059:1114/040115.403140:ERROR:object_proxy.cc(623)] Failed to call method: org.freedesktop.login1.Manager.Inhibit: object_path= /org/freedesktop/login1: org.freedesktop.DBus.Error.AccessDenied: An AppArmor policy prevents this sender from sending this message to this recipient; type="method_call", sender=":1.831" (uid=1000 pid=78059 comm="/snap/slack/67/usr/lib/slack/slack --no-sandbox --" label="snap.slack.slack (enforce)") interface="org.freedesktop.login1.Manager" member="Inhibit" error name="(unset)" requested_reply="0" destination="org.freedesktop.login1" (uid=0 pid=697 comm="/lib/systemd/systemd-logind " label="unconfined")
[78059:1114/040115.931677:ERROR:nss_util.cc(232)] Error initializing NSS with a persistent database (sql:/home/student/.pki/nssdb): NSS error code: -8174
[81516:1114/065830.643009:WARNING:bluez_dbus_manager.cc(247)] Floss manager not present, cannot set Floss enable/disable.
[81516:1114/065830.882642:ERROR:browser_main_loop.cc(270)] Gtk: gtk_widget_add_accelerator: assertion 'GTK_IS_ACCEL_GROUP (accel_group)' failed
[81516:1114/065830.952576:ERROR:object_proxy.cc(623)] Failed to call method: org.freedesktop.login1.Manager.Inhibit: object_path= /org/freedesktop/login1: org.freedesktop.DBus.Error.AccessDenied: An AppArmor policy prevents this sender from sending this message to this recipient; type="method_call", sender=":1.890" (uid=1000 pid=81516 comm="/snap/slack/67/usr/lib/slack/slack --no-sandbox --" label="snap.slack.slack (enforce)") interface="org.freedesktop.login1.Manager" member="Inhibit" error name="(unset)" requested_reply="0" destination="org.freedesktop.login1" (uid=0 pid=697 comm="/lib/systemd/systemd-logind " label="unconfined")
[81516:1114/065831.510987:ERROR:nss_util.cc(232)] Error initializing NSS with a persistent database (sql:/home/student/.pki/nssdb): NSS error code: -8174
[60550:1117/075657.789660:WARNING:bluez_dbus_manager.cc(247)] Floss manager not present, cannot set Floss enable/disable.
[60550:1117/075658.789856:ERROR:browser_main_loop.cc(270)] Gtk: gtk_widget_add_accelerator: assertion 'GTK_IS_ACCEL_GROUP (accel_group)' failed
[60550:1117/075658.881242:ERROR:nss_util.cc(232)] Error initializing NSS with a persistent database (sql:/home/student/.pki/nssdb): NSS error code: -8174
[60550:1117/075659.124655:ERROR:object_proxy.cc(623)] Failed to call method: org.freedesktop.login1.Manager.Inhibit: object_path= /org/freedesktop/login1: org.freedesktop.DBus.Error.AccessDenied: An AppArmor policy prevents this sender from sending this message to this recipient; type="method_call", sender=":1.292" (uid=1000 pid=60550 comm="/snap/slack/67/usr/lib/slack/slack --no-sandbox --" label="snap.slack.slack (enforce)") interface="org.freedesktop.login1.Manager" member="Inhibit" error name="(unset)" requested_reply="0" destination="org.freedesktop.login1" (uid=0 pid=735 comm="/lib/systemd/systemd-logind " label="unconfined")
[65673:1117/125055.084419:WARNING:bluez_dbus_manager.cc(247)] Floss manager not present, cannot set Floss enable/disable.
[65673:1117/125055.377552:ERROR:browser_main_loop.cc(270)] Gtk: gtk_widget_add_accelerator: assertion 'GTK_IS_ACCEL_GROUP (accel_group)' failed
[65673:1117/125055.447869:ERROR:object_proxy.cc(623)] Failed to call method: org.freedesktop.login1.Manager.Inhibit: object_path= /org/freedesktop/login1: org.freedesktop.DBus.Error.AccessDenied: An AppArmor policy prevents this sender from sending this message to this recipient; type="method_call", sender=":1.359" (uid=1000 pid=65673 comm="/snap/slack/67/usr/lib/slack/slack --no-sandbox --" label="snap.slack.slack (enforce)") interface="org.freedesktop.login1.Manager" member="Inhibit" error name="(unset)" requested_reply="0" destination="org.freedesktop.login1" (uid=0 pid=735 comm="/lib/systemd/systemd-logind " label="unconfined")
[65673:1117/125055.651069:ERROR:nss_util.cc(232)] Error initializing NSS with a persistent database (sql:/home/student/.pki/nssdb): NSS error code: -8174
[65715:1117/125111.729584:WARNING:sqlite_persistent_store_backend_base.cc(163)] Failed to post task from FlushAndNotifyInBackground@net/extras/sqlite/sqlite_persistent_store_backend_base.cc:211 to client_task_runner_.
[73332:1118/083211.309586:WARNING:bluez_dbus_manager.cc(247)] Floss manager not present, cannot set Floss enable/disable.
[73332:1118/083211.594965:ERROR:browser_main_loop.cc(270)] Gtk: gtk_widget_add_accelerator: assertion 'GTK_IS_ACCEL_GROUP (accel_group)' failed
[73332:1118/083211.652714:ERROR:object_proxy.cc(623)] Failed to call method: org.freedesktop.login1.Manager.Inhibit: object_path= /org/freedesktop/login1: org.freedesktop.DBus.Error.AccessDenied: An AppArmor policy prevents this sender from sending this message to this recipient; type="method_call", sender=":1.431" (uid=1000 pid=73332 comm="/snap/slack/67/usr/lib/slack/slack --no-sandbox --" label="snap.slack.slack (enforce)") interface="org.freedesktop.login1.Manager" member="Inhibit" error name="(unset)" requested_reply="0" destination="org.freedesktop.login1" (uid=0 pid=735 comm="/lib/systemd/systemd-logind " label="unconfined")
[73332:1118/083211.751217:ERROR:nss_util.cc(232)] Error initializing NSS with a persistent database (sql:/home/student/.pki/nssdb): NSS error code: -8174
[75027:1118/084925.910883:WARNING:bluez_dbus_manager.cc(247)] Floss manager not present, cannot set Floss enable/disable.
[75027:1118/084926.254304:ERROR:browser_main_loop.cc(270)] Gtk: gtk_widget_add_accelerator: assertion 'GTK_IS_ACCEL_GROUP (accel_group)' failed
[75027:1118/084926.328000:ERROR:object_proxy.cc(623)] Failed to call method: org.freedesktop.login1.Manager.Inhibit: object_path= /org/freedesktop/login1: org.freedesktop.DBus.Error.AccessDenied: An AppArmor policy prevents this sender from sending this message to this recipient; type="method_call", sender=":1.445" (uid=1000 pid=75027 comm="/snap/slack/67/usr/lib/slack/slack --no-sandbox --" label="snap.slack.slack (enforce)") interface="org.freedesktop.login1.Manager" member="Inhibit" error name="(unset)" requested_reply="0" destination="org.freedesktop.login1" (uid=0 pid=735 comm="/lib/systemd/systemd-logind " label="unconfined")
[75027:1118/084926.377210:ERROR:nss_util.cc(232)] Error initializing NSS with a persistent database (sql:/home/student/.pki/nssdb): NSS error code: -8174
