[11/11/22, 04:14:18:140] info: 
╔══════════════════════════════════════════════════════════════════╗
║      Slack 4.28.184, linux (Store) 5.11.0-27-generic on x64      ║
╚══════════════════════════════════════════════════════════════════╝ 
[11/11/22, 04:14:18:140] info: Configured logger via 
{
  "enableConsoleTransport": true,
  "identifierOverride": "webapp-auth-console",
  "shouldUseNewBackend": false,
  "loggerInstanceCount": 3
}
[11/11/22, 04:14:18:141] info: Predefined values for process 
{
  "NODE_ENV": "production",
  "platform": "linux",
  "type": "browser",
  "timeZone": "America/New_York",
  "PACKAGE_MANIFEST.productName": "Slack",
  "PACKAGE_MANIFEST.version": "4.28.184",
  "PACKAGE_MANIFEST.commit": "d0e84ec",
  "PACKAGE_MANIFEST.branch": "HEAD"
}
[11/11/22, 04:55:22:292] info: 
╔══════════════════════════════════════════════════════════════════╗
║      Slack 4.28.184, linux (Store) 5.11.0-27-generic on x64      ║
╚══════════════════════════════════════════════════════════════════╝ 
[11/11/22, 04:55:22:293] info: Configured logger via 
{
  "enableConsoleTransport": true,
  "identifierOverride": "webapp-auth-console",
  "shouldUseNewBackend": false,
  "loggerInstanceCount": 3
}
[11/11/22, 04:55:22:293] info: Predefined values for process 
{
  "NODE_ENV": "production",
  "platform": "linux",
  "type": "browser",
  "timeZone": "America/New_York",
  "PACKAGE_MANIFEST.productName": "Slack",
  "PACKAGE_MANIFEST.version": "4.28.184",
  "PACKAGE_MANIFEST.commit": "d0e84ec",
  "PACKAGE_MANIFEST.branch": "HEAD"
}
[11/11/22, 06:35:32:095] info: 
╔══════════════════════════════════════════════════════════════════╗
║      Slack 4.28.184, linux (Store) 5.11.0-27-generic on x64      ║
╚══════════════════════════════════════════════════════════════════╝ 
[11/11/22, 06:35:32:096] info: Configured logger via 
{
  "enableConsoleTransport": true,
  "identifierOverride": "webapp-auth-console",
  "shouldUseNewBackend": false,
  "loggerInstanceCount": 3
}
[11/11/22, 06:35:32:097] info: Predefined values for process 
{
  "NODE_ENV": "production",
  "platform": "linux",
  "type": "browser",
  "timeZone": "America/New_York",
  "PACKAGE_MANIFEST.productName": "Slack",
  "PACKAGE_MANIFEST.version": "4.28.184",
  "PACKAGE_MANIFEST.commit": "d0e84ec",
  "PACKAGE_MANIFEST.branch": "HEAD"
}
[11/13/22, 14:19:51:425] info: 
╔══════════════════════════════════════════════════════════════════╗
║      Slack 4.28.184, linux (Store) 5.11.0-27-generic on x64      ║
╚══════════════════════════════════════════════════════════════════╝ 
[11/13/22, 14:19:51:425] info: Configured logger via 
{
  "enableConsoleTransport": true,
  "identifierOverride": "webapp-auth-console",
  "shouldUseNewBackend": false,
  "loggerInstanceCount": 3
}
[11/13/22, 14:19:51:426] info: Predefined values for process 
{
  "NODE_ENV": "production",
  "platform": "linux",
  "type": "browser",
  "timeZone": "America/New_York",
  "PACKAGE_MANIFEST.productName": "Slack",
  "PACKAGE_MANIFEST.version": "4.28.184",
  "PACKAGE_MANIFEST.commit": "d0e84ec",
  "PACKAGE_MANIFEST.branch": "HEAD"
}
[11/14/22, 04:01:16:678] info: 
╔══════════════════════════════════════════════════════════════════╗
║      Slack 4.28.184, linux (Store) 5.11.0-27-generic on x64      ║
╚══════════════════════════════════════════════════════════════════╝ 
[11/14/22, 04:01:16:678] info: Configured logger via 
{
  "enableConsoleTransport": true,
  "identifierOverride": "webapp-auth-console",
  "shouldUseNewBackend": false,
  "loggerInstanceCount": 3
}
[11/14/22, 04:01:16:679] info: Predefined values for process 
{
  "NODE_ENV": "production",
  "platform": "linux",
  "type": "browser",
  "timeZone": "America/New_York",
  "PACKAGE_MANIFEST.productName": "Slack",
  "PACKAGE_MANIFEST.version": "4.28.184",
  "PACKAGE_MANIFEST.commit": "d0e84ec",
  "PACKAGE_MANIFEST.branch": "HEAD"
}
