2022-11-13 14:36:30.577 [info] Validating found git in: git
2022-11-13 14:36:30.577 [info] Using git 2.25.1 from git
2022-11-13 14:36:30.578 [info] > git rev-parse --show-toplevel [5ms]
2022-11-13 14:36:30.578 [info] > git rev-parse --git-dir --git-common-dir [6ms]
2022-11-13 14:36:30.578 [info] Log level: Info
2022-11-13 14:36:30.578 [info] Open repository: /home/student
2022-11-13 14:36:30.580 [info] > git rev-parse --show-toplevel [41ms]
2022-11-13 14:36:30.596 [info] > git remote --verbose [71ms]
2022-11-13 14:36:30.597 [info] > git for-each-ref --sort -committerdate --format %(refname) %(objectname) %(*objectname) [79ms]
2022-11-13 14:36:30.605 [info] > git config --get commit.template [30ms]
2022-11-13 14:36:30.608 [info] > git rev-parse --show-toplevel [12ms]
2022-11-13 14:36:30.629 [info] > git for-each-ref --format=%(refname)%00%(upstream:short)%00%(objectname)%00%(upstream:track)%00%(upstream:remotename)%00%(upstream:remoteref) refs/heads/master refs/remotes/master [3ms]
2022-11-13 14:36:30.631 [info] > git rev-parse --show-toplevel [14ms]
2022-11-13 14:36:30.640 [info] > git rev-parse --show-toplevel [2ms]
2022-11-13 14:36:30.655 [info] > git rev-parse --show-toplevel [3ms]
2022-11-13 14:36:30.674 [info] > git rev-parse --show-toplevel [3ms]
2022-11-13 14:36:30.683 [info] > git rev-parse --show-toplevel [3ms]
2022-11-13 14:36:30.693 [info] > git rev-parse --show-toplevel [1ms]
2022-11-13 14:36:30.701 [info] > git rev-parse --git-dir --git-common-dir [2ms]
2022-11-13 14:36:30.705 [info] Log level: Info
2022-11-13 14:36:30.705 [info] Open repository: /home/student/.nvm
2022-11-13 14:36:30.741 [info] > git status -z -uall [19ms]
2022-11-13 14:36:30.743 [info] > git remote --verbose [26ms]
2022-11-13 14:36:30.746 [info] > git config --get commit.template [5ms]
2022-11-13 14:36:30.747 [info] > git rev-parse --show-toplevel [17ms]
2022-11-13 14:36:30.757 [info] > git rev-parse --show-toplevel [4ms]
2022-11-13 14:36:30.764 [info] > git rev-parse --show-toplevel [2ms]
2022-11-13 14:36:30.772 [info] > git status -z -uall [241ms]
2022-11-13 14:36:30.824 [info] > git remote --verbose [26ms]
2022-11-13 14:36:30.824 [info] > git for-each-ref --sort -committerdate --format %(refname) %(objectname) %(*objectname) [32ms]
2022-11-13 14:36:30.825 [info] > git rev-parse --show-toplevel [55ms]
2022-11-13 14:36:30.877 [info] > git rev-parse --show-toplevel [3ms]
2022-11-13 14:36:30.887 [info] > git config --get commit.template [76ms]
2022-11-13 14:36:30.888 [info] > git for-each-ref --sort -committerdate --format %(refname) %(objectname) %(*objectname) [177ms]
2022-11-13 14:36:31.013 [info] > git status -z -uall [99ms]
2022-11-13 14:36:31.021 [info] > git remote --verbose [114ms]
2022-11-13 14:36:31.022 [info] > git for-each-ref --sort -committerdate --format %(refname) %(objectname) %(*objectname) [122ms]
2022-11-13 14:36:31.022 [info] > git rev-parse --show-toplevel [136ms]
2022-11-13 14:36:31.044 [info] > git config --get commit.template [55ms]
2022-11-13 14:36:31.046 [info] > git status -z -uall [243ms]
2022-11-13 14:36:31.047 [info] > git for-each-ref --format=%(refname)%00%(upstream:short)%00%(objectname)%00%(upstream:track)%00%(upstream:remotename)%00%(upstream:remoteref) refs/heads/master refs/remotes/master [12ms]
2022-11-13 14:36:31.054 [info] > git rev-parse --show-toplevel [25ms]
2022-11-13 14:36:31.061 [info] > git rev-parse --show-toplevel [2ms]
2022-11-13 14:36:31.073 [info] > git rev-parse --show-toplevel [4ms]
2022-11-13 14:36:31.080 [info] > git rev-parse --show-toplevel [2ms]
2022-11-13 14:36:31.088 [info] > git rev-parse --show-toplevel [1ms]
2022-11-13 14:36:31.096 [info] > git rev-parse --show-toplevel [1ms]
2022-11-13 14:36:31.104 [info] > git rev-parse --git-dir --git-common-dir [1ms]
2022-11-13 14:36:31.108 [info] Log level: Info
2022-11-13 14:36:31.108 [info] Open repository: /home/student/my-repository
2022-11-13 14:36:31.142 [info] > git status -z -uall [15ms]
2022-11-13 14:36:31.144 [info] > git remote --verbose [24ms]
2022-11-13 14:36:31.144 [info] > git for-each-ref --sort -committerdate --format %(refname) %(objectname) %(*objectname) [30ms]
2022-11-13 14:36:31.146 [info] > git config --get commit.template [4ms]
2022-11-13 14:36:31.148 [info] > git rev-parse --show-toplevel [13ms]
2022-11-13 14:36:31.231 [info] > git rev-parse --git-dir --git-common-dir [75ms]
2022-11-13 14:36:31.236 [info] Log level: Info
2022-11-13 14:36:31.236 [info] Open repository: /home/student/phase-0-git-basics-lab
2022-11-13 14:36:31.281 [info] > git status -z -uall [26ms]
2022-11-13 14:36:31.282 [info] > git rev-parse --show-toplevel [19ms]
2022-11-13 14:36:31.283 [info] > git remote --verbose [34ms]
2022-11-13 14:36:31.283 [info] > git for-each-ref --sort -committerdate --format %(refname) %(objectname) %(*objectname) [39ms]
2022-11-13 14:36:31.284 [info] > git config --get commit.template [4ms]
2022-11-13 14:36:31.285 [info] > git for-each-ref --format=%(refname)%00%(upstream:short)%00%(objectname)%00%(upstream:track)%00%(upstream:remotename)%00%(upstream:remoteref) refs/heads/master refs/remotes/master [12ms]
2022-11-13 14:36:31.300 [info] > git for-each-ref --format=%(refname)%00%(upstream:short)%00%(objectname)%00%(upstream:track)%00%(upstream:remotename)%00%(upstream:remoteref) refs/heads/master refs/remotes/master [4ms]
2022-11-13 14:36:31.847 [info] > git check-ignore -v -z --stdin [18ms]
2022-11-13 14:36:31.848 [info] > git check-ignore -v -z --stdin [12ms]
2022-11-13 14:36:31.849 [info] > git check-ignore -v -z --stdin [4ms]
2022-11-13 14:36:31.872 [info] > git check-ignore -v -z --stdin [53ms]
2022-11-13 14:36:32.892 [info] > git remote --verbose [16ms]
2022-11-13 14:36:32.892 [info] > git for-each-ref --sort -committerdate --format %(refname) %(objectname) %(*objectname) [23ms]
2022-11-13 14:36:32.893 [info] > git config --get commit.template [3ms]
2022-11-13 14:36:32.918 [info] > git for-each-ref --format=%(refname)%00%(upstream:short)%00%(objectname)%00%(upstream:track)%00%(upstream:remotename)%00%(upstream:remoteref) refs/heads/master refs/remotes/master [1ms]
2022-11-13 14:36:33.049 [info] > git status -z -uall [167ms]
2022-11-13 14:36:38.092 [info] > git remote --verbose [18ms]
2022-11-13 14:36:38.092 [info] > git for-each-ref --sort -committerdate --format %(refname) %(objectname) %(*objectname) [24ms]
2022-11-13 14:36:38.095 [info] > git config --get commit.template [3ms]
2022-11-13 14:36:38.130 [info] > git for-each-ref --format=%(refname)%00%(upstream:short)%00%(objectname)%00%(upstream:track)%00%(upstream:remotename)%00%(upstream:remoteref) refs/heads/master refs/remotes/master [1ms]
2022-11-13 14:36:38.250 [info] > git status -z -uall [169ms]
2022-11-13 14:36:43.294 [info] > git remote --verbose [17ms]
2022-11-13 14:36:43.295 [info] > git for-each-ref --sort -committerdate --format %(refname) %(objectname) %(*objectname) [25ms]
2022-11-13 14:36:43.296 [info] > git config --get commit.template [3ms]
2022-11-13 14:36:43.335 [info] > git for-each-ref --format=%(refname)%00%(upstream:short)%00%(objectname)%00%(upstream:track)%00%(upstream:remotename)%00%(upstream:remoteref) refs/heads/master refs/remotes/master [6ms]
2022-11-13 14:36:43.452 [info] > git status -z -uall [168ms]
2022-11-13 14:40:47.487 [info] > git remote --verbose [19ms]
2022-11-13 14:40:47.489 [info] > git for-each-ref --sort -committerdate --format %(refname) %(objectname) %(*objectname) [28ms]
2022-11-13 14:40:47.504 [info] > git config --get commit.template [17ms]
2022-11-13 14:40:47.522 [info] > git for-each-ref --format=%(refname)%00%(upstream:short)%00%(objectname)%00%(upstream:track)%00%(upstream:remotename)%00%(upstream:remoteref) refs/heads/master refs/remotes/master [20ms]
2022-11-13 14:40:47.662 [info] > git status -z -uall [188ms]
2022-11-13 14:40:52.698 [info] > git remote --verbose [12ms]
2022-11-13 14:40:52.699 [info] > git for-each-ref --sort -committerdate --format %(refname) %(objectname) %(*objectname) [17ms]
2022-11-13 14:40:52.703 [info] > git config --get commit.template [5ms]
2022-11-13 14:40:52.738 [info] > git for-each-ref --format=%(refname)%00%(upstream:short)%00%(objectname)%00%(upstream:track)%00%(upstream:remotename)%00%(upstream:remoteref) refs/heads/master refs/remotes/master [3ms]
2022-11-13 14:40:52.857 [info] > git status -z -uall [166ms]
2022-11-13 14:40:57.900 [info] > git remote --verbose [18ms]
2022-11-13 14:40:57.901 [info] > git for-each-ref --sort -committerdate --format %(refname) %(objectname) %(*objectname) [27ms]
2022-11-13 14:40:57.927 [info] > git config --get commit.template [27ms]
2022-11-13 14:40:57.930 [info] > git for-each-ref --format=%(refname)%00%(upstream:short)%00%(objectname)%00%(upstream:track)%00%(upstream:remotename)%00%(upstream:remoteref) refs/heads/master refs/remotes/master [11ms]
2022-11-13 14:40:58.159 [info] > git status -z -uall [269ms]
2022-11-13 14:41:03.214 [info] > git remote --verbose [16ms]
2022-11-13 14:41:03.215 [info] > git for-each-ref --sort -committerdate --format %(refname) %(objectname) %(*objectname) [22ms]
2022-11-13 14:41:03.216 [info] > git config --get commit.template [3ms]
2022-11-13 14:41:03.255 [info] > git for-each-ref --format=%(refname)%00%(upstream:short)%00%(objectname)%00%(upstream:track)%00%(upstream:remotename)%00%(upstream:remoteref) refs/heads/master refs/remotes/master [2ms]
2022-11-13 14:41:03.369 [info] > git status -z -uall [164ms]
2022-11-13 14:41:08.410 [info] > git remote --verbose [17ms]
2022-11-13 14:41:08.411 [info] > git for-each-ref --sort -committerdate --format %(refname) %(objectname) %(*objectname) [25ms]
2022-11-13 14:41:08.412 [info] > git config --get commit.template [4ms]
2022-11-13 14:41:08.466 [info] > git for-each-ref --format=%(refname)%00%(upstream:short)%00%(objectname)%00%(upstream:track)%00%(upstream:remotename)%00%(upstream:remoteref) refs/heads/master refs/remotes/master [19ms]
2022-11-13 14:41:08.603 [info] > git status -z -uall [204ms]
2022-11-13 14:41:13.642 [info] > git remote --verbose [14ms]
2022-11-13 14:41:13.642 [info] > git for-each-ref --sort -committerdate --format %(refname) %(objectname) %(*objectname) [23ms]
2022-11-13 14:41:13.644 [info] > git config --get commit.template [4ms]
2022-11-13 14:41:13.679 [info] > git for-each-ref --format=%(refname)%00%(upstream:short)%00%(objectname)%00%(upstream:track)%00%(upstream:remotename)%00%(upstream:remoteref) refs/heads/master refs/remotes/master [3ms]
2022-11-13 14:41:13.821 [info] > git status -z -uall [187ms]
2022-11-13 14:41:18.859 [info] > git remote --verbose [14ms]
2022-11-13 14:41:18.860 [info] > git for-each-ref --sort -committerdate --format %(refname) %(objectname) %(*objectname) [21ms]
2022-11-13 14:41:18.861 [info] > git config --get commit.template [3ms]
2022-11-13 14:41:18.889 [info] > git for-each-ref --format=%(refname)%00%(upstream:short)%00%(objectname)%00%(upstream:track)%00%(upstream:remotename)%00%(upstream:remoteref) refs/heads/master refs/remotes/master [2ms]
2022-11-13 14:41:19.017 [info] > git status -z -uall [166ms]
2022-11-13 14:41:37.044 [info] > git remote --verbose [22ms]
2022-11-13 14:41:37.045 [info] > git for-each-ref --sort -committerdate --format %(refname) %(objectname) %(*objectname) [40ms]
2022-11-13 14:41:37.066 [info] > git for-each-ref --format=%(refname)%00%(upstream:short)%00%(objectname)%00%(upstream:track)%00%(upstream:remotename)%00%(upstream:remoteref) refs/heads/master refs/remotes/master [2ms]
2022-11-13 14:41:37.067 [info] > git config --get commit.template [24ms]
2022-11-13 14:41:37.412 [info] > git status -z -uall [382ms]
2022-11-13 14:41:37.998 [info] > git show --textconv :index2.html [44ms]
2022-11-13 14:41:38.019 [info] > git ls-files --stage -- /home/student/index2.html [21ms]
2022-11-13 14:41:38.187 [info] > git check-ignore -v -z --stdin [33ms]
2022-11-13 14:41:42.461 [info] > git remote --verbose [17ms]
2022-11-13 14:41:42.461 [info] > git for-each-ref --sort -committerdate --format %(refname) %(objectname) %(*objectname) [25ms]
2022-11-13 14:41:42.465 [info] > git config --get commit.template [6ms]
2022-11-13 14:41:42.499 [info] > git for-each-ref --format=%(refname)%00%(upstream:short)%00%(objectname)%00%(upstream:track)%00%(upstream:remotename)%00%(upstream:remoteref) refs/heads/master refs/remotes/master [3ms]
2022-11-13 14:41:42.628 [info] > git status -z -uall [178ms]
2022-11-13 14:42:25.616 [info] > git remote --verbose [13ms]
2022-11-13 14:42:25.617 [info] > git for-each-ref --sort -committerdate --format %(refname) %(objectname) %(*objectname) [31ms]
2022-11-13 14:42:25.656 [info] > git config --get commit.template [30ms]
2022-11-13 14:42:25.666 [info] > git for-each-ref --format=%(refname)%00%(upstream:short)%00%(objectname)%00%(upstream:track)%00%(upstream:remotename)%00%(upstream:remoteref) refs/heads/master refs/remotes/master [12ms]
2022-11-13 14:42:25.867 [info] > git status -z -uall [253ms]
2022-11-13 14:42:30.908 [info] > git remote --verbose [13ms]
2022-11-13 14:42:30.908 [info] > git for-each-ref --sort -committerdate --format %(refname) %(objectname) %(*objectname) [20ms]
2022-11-13 14:42:30.909 [info] > git config --get commit.template [2ms]
2022-11-13 14:42:30.946 [info] > git for-each-ref --format=%(refname)%00%(upstream:short)%00%(objectname)%00%(upstream:track)%00%(upstream:remotename)%00%(upstream:remoteref) refs/heads/master refs/remotes/master [23ms]
2022-11-13 14:42:31.071 [info] > git status -z -uall [171ms]
2022-11-13 14:42:36.122 [info] > git remote --verbose [28ms]
2022-11-13 14:42:36.123 [info] > git for-each-ref --sort -committerdate --format %(refname) %(objectname) %(*objectname) [39ms]
2022-11-13 14:42:36.124 [info] > git config --get commit.template [13ms]
2022-11-13 14:42:36.150 [info] > git for-each-ref --format=%(refname)%00%(upstream:short)%00%(objectname)%00%(upstream:track)%00%(upstream:remotename)%00%(upstream:remoteref) refs/heads/master refs/remotes/master [4ms]
2022-11-13 14:42:36.313 [info] > git status -z -uall [210ms]
2022-11-13 14:43:58.724 [info] > git remote --verbose [22ms]
2022-11-13 14:43:58.724 [info] > git for-each-ref --sort -committerdate --format %(refname) %(objectname) %(*objectname) [41ms]
2022-11-13 14:43:58.726 [info] > git config --get commit.template [3ms]
2022-11-13 14:43:58.766 [info] > git for-each-ref --format=%(refname)%00%(upstream:short)%00%(objectname)%00%(upstream:track)%00%(upstream:remotename)%00%(upstream:remoteref) refs/heads/master refs/remotes/master [3ms]
2022-11-13 14:43:58.927 [info] > git status -z -uall [216ms]
2022-11-13 14:44:40.150 [info] > git remote --verbose [22ms]
2022-11-13 14:44:40.151 [info] > git for-each-ref --sort -committerdate --format %(refname) %(objectname) %(*objectname) [36ms]
2022-11-13 14:44:40.152 [info] > git config --get commit.template [4ms]
2022-11-13 14:44:40.181 [info] > git for-each-ref --format=%(refname)%00%(upstream:short)%00%(objectname)%00%(upstream:track)%00%(upstream:remotename)%00%(upstream:remoteref) refs/heads/master refs/remotes/master [3ms]
2022-11-13 14:44:40.383 [info] > git status -z -uall [244ms]
2022-11-13 14:44:45.434 [info] > git remote --verbose [19ms]
2022-11-13 14:44:45.435 [info] > git for-each-ref --sort -committerdate --format %(refname) %(objectname) %(*objectname) [27ms]
2022-11-13 14:44:45.439 [info] > git config --get commit.template [6ms]
2022-11-13 14:44:45.485 [info] > git for-each-ref --format=%(refname)%00%(upstream:short)%00%(objectname)%00%(upstream:track)%00%(upstream:remotename)%00%(upstream:remoteref) refs/heads/master refs/remotes/master [3ms]
2022-11-13 14:44:45.623 [info] > git status -z -uall [199ms]
2022-11-13 14:45:03.437 [info] > git remote --verbose [23ms]
2022-11-13 14:45:03.438 [info] > git for-each-ref --sort -committerdate --format %(refname) %(objectname) %(*objectname) [33ms]
2022-11-13 14:45:03.485 [info] > git config --get commit.template [49ms]
2022-11-13 14:45:03.490 [info] > git for-each-ref --format=%(refname)%00%(upstream:short)%00%(objectname)%00%(upstream:track)%00%(upstream:remotename)%00%(upstream:remoteref) refs/heads/master refs/remotes/master [6ms]
2022-11-13 14:45:03.644 [info] > git status -z -uall [221ms]
2022-11-13 14:45:53.547 [info] > git remote --verbose [23ms]
2022-11-13 14:45:53.548 [info] > git for-each-ref --sort -committerdate --format %(refname) %(objectname) %(*objectname) [36ms]
2022-11-13 14:45:53.552 [info] > git config --get commit.template [4ms]
2022-11-13 14:45:53.583 [info] > git for-each-ref --format=%(refname)%00%(upstream:short)%00%(objectname)%00%(upstream:track)%00%(upstream:remotename)%00%(upstream:remoteref) refs/heads/master refs/remotes/master [0ms]
2022-11-13 14:45:53.790 [info] > git status -z -uall [257ms]
2022-11-13 14:45:58.834 [info] > git remote --verbose [18ms]
2022-11-13 14:45:58.835 [info] > git for-each-ref --sort -committerdate --format %(refname) %(objectname) %(*objectname) [25ms]
2022-11-13 14:45:58.839 [info] > git config --get commit.template [7ms]
2022-11-13 14:45:58.856 [info] > git for-each-ref --format=%(refname)%00%(upstream:short)%00%(objectname)%00%(upstream:track)%00%(upstream:remotename)%00%(upstream:remoteref) refs/heads/master refs/remotes/master [2ms]
2022-11-13 14:45:59.001 [info] > git status -z -uall [179ms]
2022-11-13 14:46:26.934 [info] > git remote --verbose [28ms]
2022-11-13 14:46:26.934 [info] > git for-each-ref --sort -committerdate --format %(refname) %(objectname) %(*objectname) [41ms]
2022-11-13 14:46:26.955 [info] > git for-each-ref --format=%(refname)%00%(upstream:short)%00%(objectname)%00%(upstream:track)%00%(upstream:remotename)%00%(upstream:remoteref) refs/heads/master refs/remotes/master [2ms]
2022-11-13 14:46:26.960 [info] > git config --get commit.template [29ms]
2022-11-13 14:46:27.132 [info] > git status -z -uall [216ms]
2022-11-13 14:46:32.187 [info] > git remote --verbose [22ms]
2022-11-13 14:46:32.187 [info] > git for-each-ref --sort -committerdate --format %(refname) %(objectname) %(*objectname) [32ms]
2022-11-13 14:46:32.206 [info] > git config --get commit.template [20ms]
2022-11-13 14:46:32.208 [info] > git for-each-ref --format=%(refname)%00%(upstream:short)%00%(objectname)%00%(upstream:track)%00%(upstream:remotename)%00%(upstream:remoteref) refs/heads/master refs/remotes/master [2ms]
2022-11-13 14:46:32.444 [info] > git status -z -uall [270ms]
2022-11-13 14:47:15.227 [info] > git remote --verbose [24ms]
2022-11-13 14:47:15.228 [info] > git for-each-ref --sort -committerdate --format %(refname) %(objectname) %(*objectname) [34ms]
2022-11-13 14:47:15.266 [info] > git config --get commit.template [42ms]
2022-11-13 14:47:15.267 [info] > git for-each-ref --format=%(refname)%00%(upstream:short)%00%(objectname)%00%(upstream:track)%00%(upstream:remotename)%00%(upstream:remoteref) refs/heads/master refs/remotes/master [2ms]
2022-11-13 14:47:15.417 [info] > git status -z -uall [208ms]
2022-11-13 14:47:20.461 [info] > git remote --verbose [16ms]
2022-11-13 14:47:20.462 [info] > git for-each-ref --sort -committerdate --format %(refname) %(objectname) %(*objectname) [24ms]
2022-11-13 14:47:20.463 [info] > git config --get commit.template [3ms]
2022-11-13 14:47:20.496 [info] > git for-each-ref --format=%(refname)%00%(upstream:short)%00%(objectname)%00%(upstream:track)%00%(upstream:remotename)%00%(upstream:remoteref) refs/heads/master refs/remotes/master [4ms]
2022-11-13 14:47:20.646 [info] > git status -z -uall [195ms]
2022-11-13 14:47:25.690 [info] > git remote --verbose [18ms]
2022-11-13 14:47:25.690 [info] > git for-each-ref --sort -committerdate --format %(refname) %(objectname) %(*objectname) [26ms]
2022-11-13 14:47:25.695 [info] > git config --get commit.template [6ms]
2022-11-13 14:47:25.716 [info] > git for-each-ref --format=%(refname)%00%(upstream:short)%00%(objectname)%00%(upstream:track)%00%(upstream:remotename)%00%(upstream:remoteref) refs/heads/master refs/remotes/master [2ms]
2022-11-13 14:47:25.890 [info] > git status -z -uall [212ms]
2022-11-13 14:47:30.938 [info] > git remote --verbose [18ms]
2022-11-13 14:47:30.938 [info] > git for-each-ref --sort -committerdate --format %(refname) %(objectname) %(*objectname) [27ms]
2022-11-13 14:47:30.939 [info] > git config --get commit.template [3ms]
2022-11-13 14:47:30.966 [info] > git for-each-ref --format=%(refname)%00%(upstream:short)%00%(objectname)%00%(upstream:track)%00%(upstream:remotename)%00%(upstream:remoteref) refs/heads/master refs/remotes/master [3ms]
2022-11-13 14:47:31.116 [info] > git status -z -uall [191ms]
2022-11-13 14:47:36.157 [info] > git remote --verbose [17ms]
2022-11-13 14:47:36.157 [info] > git for-each-ref --sort -committerdate --format %(refname) %(objectname) %(*objectname) [25ms]
2022-11-13 14:47:36.161 [info] > git config --get commit.template [6ms]
2022-11-13 14:47:36.195 [info] > git for-each-ref --format=%(refname)%00%(upstream:short)%00%(objectname)%00%(upstream:track)%00%(upstream:remotename)%00%(upstream:remoteref) refs/heads/master refs/remotes/master [5ms]
2022-11-13 14:47:36.349 [info] > git status -z -uall [203ms]
2022-11-13 14:47:41.397 [info] > git remote --verbose [21ms]
2022-11-13 14:47:41.397 [info] > git for-each-ref --sort -committerdate --format %(refname) %(objectname) %(*objectname) [33ms]
2022-11-13 14:47:41.425 [info] > git config --get commit.template [33ms]
2022-11-13 14:47:41.431 [info] > git for-each-ref --format=%(refname)%00%(upstream:short)%00%(objectname)%00%(upstream:track)%00%(upstream:remotename)%00%(upstream:remoteref) refs/heads/master refs/remotes/master [6ms]
2022-11-13 14:47:41.597 [info] > git status -z -uall [217ms]
2022-11-13 14:47:46.635 [info] > git remote --verbose [14ms]
2022-11-13 14:47:46.635 [info] > git for-each-ref --sort -committerdate --format %(refname) %(objectname) %(*objectname) [21ms]
2022-11-13 14:47:46.636 [info] > git config --get commit.template [3ms]
2022-11-13 14:47:46.676 [info] > git for-each-ref --format=%(refname)%00%(upstream:short)%00%(objectname)%00%(upstream:track)%00%(upstream:remotename)%00%(upstream:remoteref) refs/heads/master refs/remotes/master [2ms]
2022-11-13 14:47:46.807 [info] > git status -z -uall [181ms]
2022-11-13 14:47:51.849 [info] > git remote --verbose [16ms]
2022-11-13 14:47:51.849 [info] > git for-each-ref --sort -committerdate --format %(refname) %(objectname) %(*objectname) [25ms]
2022-11-13 14:47:51.850 [info] > git config --get commit.template [3ms]
2022-11-13 14:47:51.881 [info] > git for-each-ref --format=%(refname)%00%(upstream:short)%00%(objectname)%00%(upstream:track)%00%(upstream:remotename)%00%(upstream:remoteref) refs/heads/master refs/remotes/master [0ms]
2022-11-13 14:47:52.034 [info] > git status -z -uall [195ms]
2022-11-13 14:48:00.228 [info] > git remote --verbose [24ms]
2022-11-13 14:48:00.229 [info] > git for-each-ref --sort -committerdate --format %(refname) %(objectname) %(*objectname) [36ms]
2022-11-13 14:48:00.242 [info] > git config --get commit.template [16ms]
2022-11-13 14:48:00.246 [info] > git for-each-ref --format=%(refname)%00%(upstream:short)%00%(objectname)%00%(upstream:track)%00%(upstream:remotename)%00%(upstream:remoteref) refs/heads/master refs/remotes/master [4ms]
2022-11-13 14:48:00.448 [info] > git status -z -uall [232ms]
2022-11-13 14:48:05.491 [info] > git remote --verbose [16ms]
2022-11-13 14:48:05.491 [info] > git for-each-ref --sort -committerdate --format %(refname) %(objectname) %(*objectname) [26ms]
2022-11-13 14:48:05.492 [info] > git config --get commit.template [4ms]
2022-11-13 14:48:05.525 [info] > git for-each-ref --format=%(refname)%00%(upstream:short)%00%(objectname)%00%(upstream:track)%00%(upstream:remotename)%00%(upstream:remoteref) refs/heads/master refs/remotes/master [2ms]
2022-11-13 14:48:05.667 [info] > git status -z -uall [186ms]
2022-11-13 14:48:10.712 [info] > git remote --verbose [20ms]
2022-11-13 14:48:10.713 [info] > git for-each-ref --sort -committerdate --format %(refname) %(objectname) %(*objectname) [29ms]
2022-11-13 14:48:10.722 [info] > git config --get commit.template [2ms]
2022-11-13 14:48:10.751 [info] > git for-each-ref --format=%(refname)%00%(upstream:short)%00%(objectname)%00%(upstream:track)%00%(upstream:remotename)%00%(upstream:remoteref) refs/heads/master refs/remotes/master [0ms]
2022-11-13 14:48:10.902 [info] > git status -z -uall [202ms]
2022-11-13 14:48:15.947 [info] > git remote --verbose [17ms]
2022-11-13 14:48:15.948 [info] > git for-each-ref --sort -committerdate --format %(refname) %(objectname) %(*objectname) [24ms]
2022-11-13 14:48:15.949 [info] > git config --get commit.template [2ms]
2022-11-13 14:48:15.990 [info] > git for-each-ref --format=%(refname)%00%(upstream:short)%00%(objectname)%00%(upstream:track)%00%(upstream:remotename)%00%(upstream:remoteref) refs/heads/master refs/remotes/master [2ms]
2022-11-13 14:48:16.130 [info] > git status -z -uall [194ms]
2022-11-13 14:49:32.921 [info] > git remote --verbose [25ms]
2022-11-13 14:49:32.922 [info] > git for-each-ref --sort -committerdate --format %(refname) %(objectname) %(*objectname) [36ms]
2022-11-13 14:49:32.938 [info] > git config --get commit.template [16ms]
2022-11-13 14:49:32.945 [info] > git for-each-ref --format=%(refname)%00%(upstream:short)%00%(objectname)%00%(upstream:track)%00%(upstream:remotename)%00%(upstream:remoteref) refs/heads/master refs/remotes/master [8ms]
2022-11-13 14:49:33.117 [info] > git status -z -uall [208ms]
2022-11-13 14:49:38.164 [info] > git remote --verbose [20ms]
2022-11-13 14:49:38.164 [info] > git for-each-ref --sort -committerdate --format %(refname) %(objectname) %(*objectname) [28ms]
2022-11-13 14:49:38.191 [info] > git config --get commit.template [28ms]
2022-11-13 14:49:38.196 [info] > git for-each-ref --format=%(refname)%00%(upstream:short)%00%(objectname)%00%(upstream:track)%00%(upstream:remotename)%00%(upstream:remoteref) refs/heads/master refs/remotes/master [5ms]
2022-11-13 14:49:38.337 [info] > git status -z -uall [186ms]
2022-11-13 14:49:49.610 [info] > git remote --verbose [23ms]
2022-11-13 14:49:49.610 [info] > git for-each-ref --sort -committerdate --format %(refname) %(objectname) %(*objectname) [33ms]
2022-11-13 14:49:49.624 [info] > git config --get commit.template [13ms]
2022-11-13 14:49:49.629 [info] > git for-each-ref --format=%(refname)%00%(upstream:short)%00%(objectname)%00%(upstream:track)%00%(upstream:remotename)%00%(upstream:remoteref) refs/heads/master refs/remotes/master [4ms]
2022-11-13 14:49:49.840 [info] > git status -z -uall [245ms]
2022-11-13 14:49:54.886 [info] > git remote --verbose [16ms]
2022-11-13 14:49:54.887 [info] > git for-each-ref --sort -committerdate --format %(refname) %(objectname) %(*objectname) [26ms]
2022-11-13 14:49:54.911 [info] > git config --get commit.template [25ms]
2022-11-13 14:49:54.920 [info] > git for-each-ref --format=%(refname)%00%(upstream:short)%00%(objectname)%00%(upstream:track)%00%(upstream:remotename)%00%(upstream:remoteref) refs/heads/master refs/remotes/master [10ms]
2022-11-13 14:49:55.072 [info] > git status -z -uall [194ms]
2022-11-13 14:50:00.113 [info] > git remote --verbose [18ms]
2022-11-13 14:50:00.114 [info] > git for-each-ref --sort -committerdate --format %(refname) %(objectname) %(*objectname) [24ms]
2022-11-13 14:50:00.137 [info] > git config --get commit.template [25ms]
2022-11-13 14:50:00.138 [info] > git for-each-ref --format=%(refname)%00%(upstream:short)%00%(objectname)%00%(upstream:track)%00%(upstream:remotename)%00%(upstream:remoteref) refs/heads/master refs/remotes/master [3ms]
2022-11-13 14:50:00.290 [info] > git status -z -uall [188ms]
2022-11-13 14:50:05.335 [info] > git remote --verbose [16ms]
2022-11-13 14:50:05.335 [info] > git for-each-ref --sort -committerdate --format %(refname) %(objectname) %(*objectname) [26ms]
2022-11-13 14:50:05.336 [info] > git config --get commit.template [3ms]
2022-11-13 14:50:05.360 [info] > git for-each-ref --format=%(refname)%00%(upstream:short)%00%(objectname)%00%(upstream:track)%00%(upstream:remotename)%00%(upstream:remoteref) refs/heads/master refs/remotes/master [3ms]
2022-11-13 14:50:05.518 [info] > git status -z -uall [194ms]
2022-11-13 14:50:10.557 [info] > git remote --verbose [16ms]
2022-11-13 14:50:10.558 [info] > git for-each-ref --sort -committerdate --format %(refname) %(objectname) %(*objectname) [23ms]
2022-11-13 14:50:10.558 [info] > git config --get commit.template [2ms]
2022-11-13 14:50:10.599 [info] > git for-each-ref --format=%(refname)%00%(upstream:short)%00%(objectname)%00%(upstream:track)%00%(upstream:remotename)%00%(upstream:remoteref) refs/heads/master refs/remotes/master [13ms]
2022-11-13 14:50:10.739 [info] > git status -z -uall [192ms]
2022-11-13 14:50:15.780 [info] > git remote --verbose [17ms]
2022-11-13 14:50:15.781 [info] > git for-each-ref --sort -committerdate --format %(refname) %(objectname) %(*objectname) [25ms]
2022-11-13 14:50:15.782 [info] > git config --get commit.template [3ms]
2022-11-13 14:50:15.823 [info] > git for-each-ref --format=%(refname)%00%(upstream:short)%00%(objectname)%00%(upstream:track)%00%(upstream:remotename)%00%(upstream:remoteref) refs/heads/master refs/remotes/master [1ms]
2022-11-13 14:50:15.958 [info] > git status -z -uall [188ms]
2022-11-13 14:50:20.997 [info] > git remote --verbose [15ms]
2022-11-13 14:50:20.998 [info] > git for-each-ref --sort -committerdate --format %(refname) %(objectname) %(*objectname) [22ms]
2022-11-13 14:50:21.013 [info] > git config --get commit.template [17ms]
2022-11-13 14:50:21.018 [info] > git for-each-ref --format=%(refname)%00%(upstream:short)%00%(objectname)%00%(upstream:track)%00%(upstream:remotename)%00%(upstream:remoteref) refs/heads/master refs/remotes/master [5ms]
2022-11-13 14:50:21.181 [info] > git status -z -uall [192ms]
2022-11-13 14:50:26.224 [info] > git remote --verbose [18ms]
2022-11-13 14:50:26.224 [info] > git for-each-ref --sort -committerdate --format %(refname) %(objectname) %(*objectname) [25ms]
2022-11-13 14:50:26.227 [info] > git config --get commit.template [6ms]
2022-11-13 14:50:26.260 [info] > git for-each-ref --format=%(refname)%00%(upstream:short)%00%(objectname)%00%(upstream:track)%00%(upstream:remotename)%00%(upstream:remoteref) refs/heads/master refs/remotes/master [1ms]
2022-11-13 14:50:26.397 [info] > git status -z -uall [185ms]
2022-11-13 14:50:31.439 [info] > git remote --verbose [16ms]
2022-11-13 14:50:31.439 [info] > git for-each-ref --sort -committerdate --format %(refname) %(objectname) %(*objectname) [24ms]
2022-11-13 14:50:31.444 [info] > git config --get commit.template [7ms]
2022-11-13 14:50:31.475 [info] > git for-each-ref --format=%(refname)%00%(upstream:short)%00%(objectname)%00%(upstream:track)%00%(upstream:remotename)%00%(upstream:remoteref) refs/heads/master refs/remotes/master [0ms]
2022-11-13 14:50:31.622 [info] > git status -z -uall [193ms]
2022-11-13 14:50:36.666 [info] > git remote --verbose [20ms]
2022-11-13 14:50:36.667 [info] > git for-each-ref --sort -committerdate --format %(refname) %(objectname) %(*objectname) [28ms]
2022-11-13 14:50:36.668 [info] > git config --get commit.template [2ms]
2022-11-13 14:50:36.698 [info] > git for-each-ref --format=%(refname)%00%(upstream:short)%00%(objectname)%00%(upstream:track)%00%(upstream:remotename)%00%(upstream:remoteref) refs/heads/master refs/remotes/master [3ms]
2022-11-13 14:50:36.844 [info] > git status -z -uall [190ms]
2022-11-13 14:50:41.889 [info] > git remote --verbose [16ms]
2022-11-13 14:50:41.890 [info] > git for-each-ref --sort -committerdate --format %(refname) %(objectname) %(*objectname) [25ms]
2022-11-13 14:50:41.891 [info] > git config --get commit.template [2ms]
2022-11-13 14:50:41.930 [info] > git for-each-ref --format=%(refname)%00%(upstream:short)%00%(objectname)%00%(upstream:track)%00%(upstream:remotename)%00%(upstream:remoteref) refs/heads/master refs/remotes/master [1ms]
2022-11-13 14:50:42.061 [info] > git status -z -uall [183ms]
2022-11-13 14:50:47.096 [info] > git remote --verbose [15ms]
2022-11-13 14:50:47.096 [info] > git for-each-ref --sort -committerdate --format %(refname) %(objectname) %(*objectname) [23ms]
2022-11-13 14:50:47.097 [info] > git config --get commit.template [3ms]
2022-11-13 14:50:47.132 [info] > git for-each-ref --format=%(refname)%00%(upstream:short)%00%(objectname)%00%(upstream:track)%00%(upstream:remotename)%00%(upstream:remoteref) refs/heads/master refs/remotes/master [2ms]
2022-11-13 14:50:47.267 [info] > git status -z -uall [180ms]
2022-11-13 14:50:52.309 [info] > git remote --verbose [16ms]
2022-11-13 14:50:52.310 [info] > git for-each-ref --sort -committerdate --format %(refname) %(objectname) %(*objectname) [26ms]
2022-11-13 14:50:52.311 [info] > git config --get commit.template [3ms]
2022-11-13 14:50:52.359 [info] > git for-each-ref --format=%(refname)%00%(upstream:short)%00%(objectname)%00%(upstream:track)%00%(upstream:remotename)%00%(upstream:remoteref) refs/heads/master refs/remotes/master [1ms]
2022-11-13 14:50:52.506 [info] > git status -z -uall [207ms]
2022-11-13 14:50:57.547 [info] > git remote --verbose [16ms]
2022-11-13 14:50:57.548 [info] > git for-each-ref --sort -committerdate --format %(refname) %(objectname) %(*objectname) [26ms]
2022-11-13 14:50:57.552 [info] > git config --get commit.template [5ms]
2022-11-13 14:50:57.590 [info] > git for-each-ref --format=%(refname)%00%(upstream:short)%00%(objectname)%00%(upstream:track)%00%(upstream:remotename)%00%(upstream:remoteref) refs/heads/master refs/remotes/master [3ms]
2022-11-13 14:50:57.727 [info] > git status -z -uall [189ms]
2022-11-13 14:51:11.511 [info] > git remote --verbose [80ms]
2022-11-13 14:51:11.512 [info] > git for-each-ref --sort -committerdate --format %(refname) %(objectname) %(*objectname) [89ms]
2022-11-13 14:51:11.512 [info] > git config --get commit.template [2ms]
2022-11-13 14:51:11.524 [info] > git for-each-ref --format=%(refname)%00%(upstream:short)%00%(objectname)%00%(upstream:track)%00%(upstream:remotename)%00%(upstream:remoteref) refs/heads/master refs/remotes/master [1ms]
2022-11-13 14:51:11.674 [info] > git status -z -uall [231ms]
2022-11-13 14:51:16.715 [info] > git remote --verbose [15ms]
2022-11-13 14:51:16.715 [info] > git for-each-ref --sort -committerdate --format %(refname) %(objectname) %(*objectname) [23ms]
2022-11-13 14:51:16.716 [info] > git config --get commit.template [4ms]
2022-11-13 14:51:16.754 [info] > git for-each-ref --format=%(refname)%00%(upstream:short)%00%(objectname)%00%(upstream:track)%00%(upstream:remotename)%00%(upstream:remoteref) refs/heads/master refs/remotes/master [2ms]
2022-11-13 14:51:16.892 [info] > git status -z -uall [188ms]
2022-11-13 14:51:21.942 [info] > git remote --verbose [22ms]
2022-11-13 14:51:21.943 [info] > git for-each-ref --sort -committerdate --format %(refname) %(objectname) %(*objectname) [30ms]
2022-11-13 14:51:21.943 [info] > git config --get commit.template [2ms]
2022-11-13 14:51:21.971 [info] > git for-each-ref --format=%(refname)%00%(upstream:short)%00%(objectname)%00%(upstream:track)%00%(upstream:remotename)%00%(upstream:remoteref) refs/heads/master refs/remotes/master [3ms]
2022-11-13 14:51:22.132 [info] > git status -z -uall [204ms]
2022-11-13 14:51:27.167 [info] > git remote --verbose [14ms]
2022-11-13 14:51:27.167 [info] > git for-each-ref --sort -committerdate --format %(refname) %(objectname) %(*objectname) [22ms]
2022-11-13 14:51:27.168 [info] > git config --get commit.template [3ms]
2022-11-13 14:51:27.206 [info] > git for-each-ref --format=%(refname)%00%(upstream:short)%00%(objectname)%00%(upstream:track)%00%(upstream:remotename)%00%(upstream:remoteref) refs/heads/master refs/remotes/master [2ms]
2022-11-13 14:51:27.346 [info] > git status -z -uall [188ms]
2022-11-13 14:51:32.390 [info] > git remote --verbose [17ms]
2022-11-13 14:51:32.391 [info] > git for-each-ref --sort -committerdate --format %(refname) %(objectname) %(*objectname) [27ms]
2022-11-13 14:51:32.392 [info] > git config --get commit.template [3ms]
2022-11-13 14:51:32.414 [info] > git for-each-ref --format=%(refname)%00%(upstream:short)%00%(objectname)%00%(upstream:track)%00%(upstream:remotename)%00%(upstream:remoteref) refs/heads/master refs/remotes/master [4ms]
2022-11-13 14:51:32.579 [info] > git status -z -uall [199ms]
2022-11-13 14:51:37.618 [info] > git remote --verbose [16ms]
2022-11-13 14:51:37.618 [info] > git for-each-ref --sort -committerdate --format %(refname) %(objectname) %(*objectname) [24ms]
2022-11-13 14:51:37.619 [info] > git config --get commit.template [3ms]
2022-11-13 14:51:37.673 [info] > git for-each-ref --format=%(refname)%00%(upstream:short)%00%(objectname)%00%(upstream:track)%00%(upstream:remotename)%00%(upstream:remoteref) refs/heads/master refs/remotes/master [4ms]
2022-11-13 14:51:37.853 [info] > git status -z -uall [245ms]
2022-11-13 14:51:42.906 [info] > git remote --verbose [22ms]
2022-11-13 14:51:42.906 [info] > git for-each-ref --sort -committerdate --format %(refname) %(objectname) %(*objectname) [31ms]
2022-11-13 14:51:42.907 [info] > git config --get commit.template [3ms]
2022-11-13 14:51:42.965 [info] > git for-each-ref --format=%(refname)%00%(upstream:short)%00%(objectname)%00%(upstream:track)%00%(upstream:remotename)%00%(upstream:remoteref) refs/heads/master refs/remotes/master [8ms]
2022-11-13 14:51:43.114 [info] > git status -z -uall [222ms]
2022-11-13 14:51:48.160 [info] > git remote --verbose [18ms]
2022-11-13 14:51:48.160 [info] > git for-each-ref --sort -committerdate --format %(refname) %(objectname) %(*objectname) [27ms]
2022-11-13 14:51:48.170 [info] > git config --get commit.template [6ms]
2022-11-13 14:51:48.190 [info] > git for-each-ref --format=%(refname)%00%(upstream:short)%00%(objectname)%00%(upstream:track)%00%(upstream:remotename)%00%(upstream:remoteref) refs/heads/master refs/remotes/master [8ms]
2022-11-13 14:51:48.344 [info] > git status -z -uall [198ms]
2022-11-13 14:51:53.389 [info] > git remote --verbose [20ms]
2022-11-13 14:51:53.389 [info] > git for-each-ref --sort -committerdate --format %(refname) %(objectname) %(*objectname) [28ms]
2022-11-13 14:51:53.390 [info] > git config --get commit.template [3ms]
2022-11-13 14:51:53.430 [info] > git for-each-ref --format=%(refname)%00%(upstream:short)%00%(objectname)%00%(upstream:track)%00%(upstream:remotename)%00%(upstream:remoteref) refs/heads/master refs/remotes/master [1ms]
2022-11-13 14:51:53.568 [info] > git status -z -uall [191ms]
2022-11-13 14:51:58.610 [info] > git remote --verbose [19ms]
2022-11-13 14:51:58.612 [info] > git for-each-ref --sort -committerdate --format %(refname) %(objectname) %(*objectname) [26ms]
2022-11-13 14:51:58.653 [info] > git config --get commit.template [44ms]
2022-11-13 14:51:58.657 [info] > git for-each-ref --format=%(refname)%00%(upstream:short)%00%(objectname)%00%(upstream:track)%00%(upstream:remotename)%00%(upstream:remoteref) refs/heads/master refs/remotes/master [4ms]
2022-11-13 14:51:58.816 [info] > git status -z -uall [218ms]
2022-11-13 14:52:03.857 [info] > git remote --verbose [18ms]
2022-11-13 14:52:03.857 [info] > git for-each-ref --sort -committerdate --format %(refname) %(objectname) %(*objectname) [25ms]
2022-11-13 14:52:03.861 [info] > git config --get commit.template [5ms]
2022-11-13 14:52:03.891 [info] > git for-each-ref --format=%(refname)%00%(upstream:short)%00%(objectname)%00%(upstream:track)%00%(upstream:remotename)%00%(upstream:remoteref) refs/heads/master refs/remotes/master [1ms]
2022-11-13 14:52:04.087 [info] > git status -z -uall [242ms]
2022-11-13 14:52:12.475 [info] > git remote --verbose [21ms]
2022-11-13 14:52:12.476 [info] > git for-each-ref --sort -committerdate --format %(refname) %(objectname) %(*objectname) [30ms]
2022-11-13 14:52:12.477 [info] > git config --get commit.template [2ms]
2022-11-13 14:52:12.504 [info] > git for-each-ref --format=%(refname)%00%(upstream:short)%00%(objectname)%00%(upstream:track)%00%(upstream:remotename)%00%(upstream:remoteref) refs/heads/master refs/remotes/master [3ms]
2022-11-13 14:52:12.697 [info] > git status -z -uall [235ms]
2022-11-13 14:52:17.750 [info] > git remote --verbose [14ms]
2022-11-13 14:52:17.750 [info] > git for-each-ref --sort -committerdate --format %(refname) %(objectname) %(*objectname) [22ms]
2022-11-13 14:52:17.775 [info] > git config --get commit.template [27ms]
2022-11-13 14:52:17.779 [info] > git for-each-ref --format=%(refname)%00%(upstream:short)%00%(objectname)%00%(upstream:track)%00%(upstream:remotename)%00%(upstream:remoteref) refs/heads/master refs/remotes/master [4ms]
2022-11-13 14:52:17.937 [info] > git status -z -uall [196ms]
2022-11-13 14:52:22.979 [info] > git remote --verbose [15ms]
2022-11-13 14:52:22.980 [info] > git for-each-ref --sort -committerdate --format %(refname) %(objectname) %(*objectname) [25ms]
2022-11-13 14:52:22.983 [info] > git config --get commit.template [6ms]
2022-11-13 14:52:23.019 [info] > git for-each-ref --format=%(refname)%00%(upstream:short)%00%(objectname)%00%(upstream:track)%00%(upstream:remotename)%00%(upstream:remoteref) refs/heads/master refs/remotes/master [2ms]
2022-11-13 14:52:23.158 [info] > git status -z -uall [188ms]
2022-11-13 14:52:28.199 [info] > git remote --verbose [17ms]
2022-11-13 14:52:28.200 [info] > git for-each-ref --sort -committerdate --format %(refname) %(objectname) %(*objectname) [25ms]
2022-11-13 14:52:28.217 [info] > git config --get commit.template [19ms]
2022-11-13 14:52:28.220 [info] > git for-each-ref --format=%(refname)%00%(upstream:short)%00%(objectname)%00%(upstream:track)%00%(upstream:remotename)%00%(upstream:remoteref) refs/heads/master refs/remotes/master [4ms]
2022-11-13 14:52:28.382 [info] > git status -z -uall [193ms]
2022-11-13 14:52:33.428 [info] > git remote --verbose [18ms]
2022-11-13 14:52:33.428 [info] > git for-each-ref --sort -committerdate --format %(refname) %(objectname) %(*objectname) [25ms]
2022-11-13 14:52:33.429 [info] > git config --get commit.template [3ms]
2022-11-13 14:52:33.459 [info] > git for-each-ref --format=%(refname)%00%(upstream:short)%00%(objectname)%00%(upstream:track)%00%(upstream:remotename)%00%(upstream:remoteref) refs/heads/master refs/remotes/master [3ms]
2022-11-13 14:52:33.608 [info] > git status -z -uall [192ms]
2022-11-13 14:52:38.650 [info] > git remote --verbose [17ms]
2022-11-13 14:52:38.650 [info] > git for-each-ref --sort -committerdate --format %(refname) %(objectname) %(*objectname) [25ms]
2022-11-13 14:52:38.654 [info] > git config --get commit.template [5ms]
2022-11-13 14:52:38.690 [info] > git for-each-ref --format=%(refname)%00%(upstream:short)%00%(objectname)%00%(upstream:track)%00%(upstream:remotename)%00%(upstream:remoteref) refs/heads/master refs/remotes/master [3ms]
2022-11-13 14:52:38.830 [info] > git status -z -uall [190ms]
2022-11-13 14:52:48.253 [info] > git remote --verbose [29ms]
2022-11-13 14:52:48.254 [info] > git for-each-ref --sort -committerdate --format %(refname) %(objectname) %(*objectname) [38ms]
2022-11-13 14:52:48.257 [info] > git config --get commit.template [6ms]
2022-11-13 14:52:48.270 [info] > git for-each-ref --format=%(refname)%00%(upstream:short)%00%(objectname)%00%(upstream:track)%00%(upstream:remotename)%00%(upstream:remoteref) refs/heads/master refs/remotes/master [2ms]
2022-11-13 14:52:48.444 [info] > git status -z -uall [214ms]
2022-11-13 14:52:53.489 [info] > git remote --verbose [19ms]
2022-11-13 14:52:53.490 [info] > git for-each-ref --sort -committerdate --format %(refname) %(objectname) %(*objectname) [28ms]
2022-11-13 14:52:53.491 [info] > git config --get commit.template [2ms]
2022-11-13 14:52:53.515 [info] > git for-each-ref --format=%(refname)%00%(upstream:short)%00%(objectname)%00%(upstream:track)%00%(upstream:remotename)%00%(upstream:remoteref) refs/heads/master refs/remotes/master [8ms]
2022-11-13 14:52:53.667 [info] > git status -z -uall [188ms]
2022-11-13 14:52:58.706 [info] > git remote --verbose [11ms]
2022-11-13 14:52:58.706 [info] > git for-each-ref --sort -committerdate --format %(refname) %(objectname) %(*objectname) [20ms]
2022-11-13 14:52:58.735 [info] > git config --get commit.template [16ms]
2022-11-13 14:52:58.738 [info] > git for-each-ref --format=%(refname)%00%(upstream:short)%00%(objectname)%00%(upstream:track)%00%(upstream:remotename)%00%(upstream:remoteref) refs/heads/master refs/remotes/master [4ms]
2022-11-13 14:52:58.894 [info] > git status -z -uall [191ms]
2022-11-13 14:53:03.942 [info] > git remote --verbose [20ms]
2022-11-13 14:53:03.942 [info] > git for-each-ref --sort -committerdate --format %(refname) %(objectname) %(*objectname) [30ms]
2022-11-13 14:53:03.946 [info] > git config --get commit.template [8ms]
2022-11-13 14:53:03.961 [info] > git for-each-ref --format=%(refname)%00%(upstream:short)%00%(objectname)%00%(upstream:track)%00%(upstream:remotename)%00%(upstream:remoteref) refs/heads/master refs/remotes/master [3ms]
2022-11-13 14:53:04.117 [info] > git status -z -uall [188ms]
2022-11-13 14:53:14.461 [info] > git remote --verbose [20ms]
2022-11-13 14:53:14.462 [info] > git for-each-ref --sort -committerdate --format %(refname) %(objectname) %(*objectname) [31ms]
2022-11-13 14:53:14.463 [info] > git config --get commit.template [5ms]
2022-11-13 14:53:14.477 [info] > git for-each-ref --format=%(refname)%00%(upstream:short)%00%(objectname)%00%(upstream:track)%00%(upstream:remotename)%00%(upstream:remoteref) refs/heads/master refs/remotes/master [1ms]
2022-11-13 14:53:14.671 [info] > git status -z -uall [223ms]
2022-11-13 14:53:19.714 [info] > git remote --verbose [17ms]
2022-11-13 14:53:19.715 [info] > git for-each-ref --sort -committerdate --format %(refname) %(objectname) %(*objectname) [26ms]
2022-11-13 14:53:19.716 [info] > git config --get commit.template [2ms]
2022-11-13 14:53:19.752 [info] > git for-each-ref --format=%(refname)%00%(upstream:short)%00%(objectname)%00%(upstream:track)%00%(upstream:remotename)%00%(upstream:remoteref) refs/heads/master refs/remotes/master [12ms]
2022-11-13 14:53:19.886 [info] > git status -z -uall [182ms]
2022-11-13 14:53:24.931 [info] > git remote --verbose [16ms]
2022-11-13 14:53:24.931 [info] > git for-each-ref --sort -committerdate --format %(refname) %(objectname) %(*objectname) [26ms]
2022-11-13 14:53:24.933 [info] > git config --get commit.template [4ms]
2022-11-13 14:53:24.971 [info] > git for-each-ref --format=%(refname)%00%(upstream:short)%00%(objectname)%00%(upstream:track)%00%(upstream:remotename)%00%(upstream:remoteref) refs/heads/master refs/remotes/master [3ms]
2022-11-13 14:53:25.108 [info] > git status -z -uall [187ms]
2022-11-13 14:53:30.153 [info] > git remote --verbose [16ms]
2022-11-13 14:53:30.153 [info] > git for-each-ref --sort -committerdate --format %(refname) %(objectname) %(*objectname) [25ms]
2022-11-13 14:53:30.154 [info] > git config --get commit.template [4ms]
2022-11-13 14:53:30.192 [info] > git for-each-ref --format=%(refname)%00%(upstream:short)%00%(objectname)%00%(upstream:track)%00%(upstream:remotename)%00%(upstream:remoteref) refs/heads/master refs/remotes/master [1ms]
2022-11-13 14:53:30.331 [info] > git status -z -uall [189ms]
2022-11-13 14:53:35.373 [info] > git remote --verbose [18ms]
2022-11-13 14:53:35.374 [info] > git for-each-ref --sort -committerdate --format %(refname) %(objectname) %(*objectname) [26ms]
2022-11-13 14:53:35.379 [info] > git config --get commit.template [5ms]
2022-11-13 14:53:35.414 [info] > git for-each-ref --format=%(refname)%00%(upstream:short)%00%(objectname)%00%(upstream:track)%00%(upstream:remotename)%00%(upstream:remoteref) refs/heads/master refs/remotes/master [2ms]
2022-11-13 14:53:35.569 [info] > git status -z -uall [208ms]
2022-11-13 14:53:40.611 [info] > git remote --verbose [15ms]
2022-11-13 14:53:40.611 [info] > git for-each-ref --sort -committerdate --format %(refname) %(objectname) %(*objectname) [24ms]
2022-11-13 14:53:40.612 [info] > git config --get commit.template [3ms]
2022-11-13 14:53:40.651 [info] > git for-each-ref --format=%(refname)%00%(upstream:short)%00%(objectname)%00%(upstream:track)%00%(upstream:remotename)%00%(upstream:remoteref) refs/heads/master refs/remotes/master [3ms]
2022-11-13 14:53:40.788 [info] > git status -z -uall [186ms]
2022-11-13 14:53:45.833 [info] > git remote --verbose [19ms]
2022-11-13 14:53:45.833 [info] > git for-each-ref --sort -committerdate --format %(refname) %(objectname) %(*objectname) [29ms]
2022-11-13 14:53:45.859 [info] > git config --get commit.template [27ms]
2022-11-13 14:53:45.861 [info] > git for-each-ref --format=%(refname)%00%(upstream:short)%00%(objectname)%00%(upstream:track)%00%(upstream:remotename)%00%(upstream:remoteref) refs/heads/master refs/remotes/master [4ms]
2022-11-13 14:53:46.008 [info] > git status -z -uall [188ms]
2022-11-13 14:53:52.147 [info] > git remote --verbose [15ms]
2022-11-13 14:53:52.148 [info] > git for-each-ref --sort -committerdate --format %(refname) %(objectname) %(*objectname) [22ms]
2022-11-13 14:53:52.150 [info] > git config --get commit.template [5ms]
2022-11-13 14:53:52.182 [info] > git for-each-ref --format=%(refname)%00%(upstream:short)%00%(objectname)%00%(upstream:track)%00%(upstream:remotename)%00%(upstream:remoteref) refs/heads/master refs/remotes/master [1ms]
2022-11-13 14:53:52.327 [info] > git status -z -uall [190ms]
2022-11-13 14:54:01.344 [info] > git remote --verbose [22ms]
2022-11-13 14:54:01.344 [info] > git for-each-ref --sort -committerdate --format %(refname) %(objectname) %(*objectname) [40ms]
2022-11-13 14:54:01.345 [info] > git config --get commit.template [3ms]
2022-11-13 14:54:01.373 [info] > git for-each-ref --format=%(refname)%00%(upstream:short)%00%(objectname)%00%(upstream:track)%00%(upstream:remotename)%00%(upstream:remoteref) refs/heads/master refs/remotes/master [1ms]
2022-11-13 14:54:01.574 [info] > git status -z -uall [242ms]
2022-11-13 14:54:06.620 [info] > git remote --verbose [17ms]
2022-11-13 14:54:06.620 [info] > git for-each-ref --sort -committerdate --format %(refname) %(objectname) %(*objectname) [27ms]
2022-11-13 14:54:06.621 [info] > git config --get commit.template [3ms]
2022-11-13 14:54:06.645 [info] > git for-each-ref --format=%(refname)%00%(upstream:short)%00%(objectname)%00%(upstream:track)%00%(upstream:remotename)%00%(upstream:remoteref) refs/heads/master refs/remotes/master [3ms]
2022-11-13 14:54:06.803 [info] > git status -z -uall [194ms]
2022-11-13 14:54:11.845 [info] > git remote --verbose [18ms]
2022-11-13 14:54:11.846 [info] > git for-each-ref --sort -committerdate --format %(refname) %(objectname) %(*objectname) [27ms]
2022-11-13 14:54:11.847 [info] > git config --get commit.template [2ms]
2022-11-13 14:54:11.879 [info] > git for-each-ref --format=%(refname)%00%(upstream:short)%00%(objectname)%00%(upstream:track)%00%(upstream:remotename)%00%(upstream:remoteref) refs/heads/master refs/remotes/master [3ms]
2022-11-13 14:54:12.022 [info] > git status -z -uall [188ms]
2022-11-13 14:54:17.077 [info] > git remote --verbose [28ms]
2022-11-13 14:54:17.077 [info] > git for-each-ref --sort -committerdate --format %(refname) %(objectname) %(*objectname) [36ms]
2022-11-13 14:54:17.084 [info] > git config --get commit.template [14ms]
2022-11-13 14:54:17.120 [info] > git for-each-ref --format=%(refname)%00%(upstream:short)%00%(objectname)%00%(upstream:track)%00%(upstream:remotename)%00%(upstream:remoteref) refs/heads/master refs/remotes/master [2ms]
2022-11-13 14:54:17.269 [info] > git status -z -uall [213ms]
2022-11-13 14:54:22.306 [info] > git remote --verbose [14ms]
2022-11-13 14:54:22.307 [info] > git for-each-ref --sort -committerdate --format %(refname) %(objectname) %(*objectname) [21ms]
2022-11-13 14:54:22.308 [info] > git config --get commit.template [3ms]
2022-11-13 14:54:22.338 [info] > git for-each-ref --format=%(refname)%00%(upstream:short)%00%(objectname)%00%(upstream:track)%00%(upstream:remotename)%00%(upstream:remoteref) refs/heads/master refs/remotes/master [3ms]
2022-11-13 14:54:22.481 [info] > git status -z -uall [184ms]
2022-11-13 14:54:27.527 [info] > git remote --verbose [17ms]
2022-11-13 14:54:27.527 [info] > git for-each-ref --sort -committerdate --format %(refname) %(objectname) %(*objectname) [26ms]
2022-11-13 14:54:27.528 [info] > git config --get commit.template [2ms]
2022-11-13 14:54:27.551 [info] > git for-each-ref --format=%(refname)%00%(upstream:short)%00%(objectname)%00%(upstream:track)%00%(upstream:remotename)%00%(upstream:remoteref) refs/heads/master refs/remotes/master [4ms]
2022-11-13 14:54:27.711 [info] > git status -z -uall [194ms]
2022-11-13 14:54:40.102 [info] > git remote --verbose [19ms]
2022-11-13 14:54:40.102 [info] > git for-each-ref --sort -committerdate --format %(refname) %(objectname) %(*objectname) [38ms]
2022-11-13 14:54:40.118 [info] > git config --get commit.template [3ms]
2022-11-13 14:54:40.153 [info] > git for-each-ref --format=%(refname)%00%(upstream:short)%00%(objectname)%00%(upstream:track)%00%(upstream:remotename)%00%(upstream:remoteref) refs/heads/master refs/remotes/master [6ms]
2022-11-13 14:54:40.334 [info] > git status -z -uall [242ms]
2022-11-13 14:54:45.401 [info] > git remote --verbose [39ms]
2022-11-13 14:54:45.402 [info] > git for-each-ref --sort -committerdate --format %(refname) %(objectname) %(*objectname) [49ms]
2022-11-13 14:54:45.453 [info] > git config --get commit.template [54ms]
2022-11-13 14:54:45.456 [info] > git for-each-ref --format=%(refname)%00%(upstream:short)%00%(objectname)%00%(upstream:track)%00%(upstream:remotename)%00%(upstream:remoteref) refs/heads/master refs/remotes/master [4ms]
2022-11-13 14:54:45.628 [info] > git status -z -uall [250ms]
2022-11-13 14:54:50.677 [info] > git remote --verbose [22ms]
2022-11-13 14:54:50.678 [info] > git for-each-ref --sort -committerdate --format %(refname) %(objectname) %(*objectname) [35ms]
2022-11-13 14:54:50.707 [info] > git config --get commit.template [30ms]
2022-11-13 14:54:50.724 [info] > git for-each-ref --format=%(refname)%00%(upstream:short)%00%(objectname)%00%(upstream:track)%00%(upstream:remotename)%00%(upstream:remoteref) refs/heads/master refs/remotes/master [18ms]
2022-11-13 14:54:50.888 [info] > git status -z -uall [225ms]
2022-11-13 14:54:55.930 [info] > git remote --verbose [18ms]
2022-11-13 14:54:55.931 [info] > git for-each-ref --sort -committerdate --format %(refname) %(objectname) %(*objectname) [25ms]
2022-11-13 14:54:55.932 [info] > git config --get commit.template [2ms]
2022-11-13 14:54:55.966 [info] > git for-each-ref --format=%(refname)%00%(upstream:short)%00%(objectname)%00%(upstream:track)%00%(upstream:remotename)%00%(upstream:remoteref) refs/heads/master refs/remotes/master [7ms]
2022-11-13 14:54:56.115 [info] > git status -z -uall [196ms]
2022-11-13 14:55:01.160 [info] > git remote --verbose [19ms]
2022-11-13 14:55:01.161 [info] > git for-each-ref --sort -committerdate --format %(refname) %(objectname) %(*objectname) [28ms]
2022-11-13 14:55:01.162 [info] > git config --get commit.template [4ms]
2022-11-13 14:55:01.194 [info] > git for-each-ref --format=%(refname)%00%(upstream:short)%00%(objectname)%00%(upstream:track)%00%(upstream:remotename)%00%(upstream:remoteref) refs/heads/master refs/remotes/master [11ms]
2022-11-13 14:55:01.353 [info] > git status -z -uall [205ms]
2022-11-13 14:55:06.394 [info] > git remote --verbose [17ms]
2022-11-13 14:55:06.395 [info] > git for-each-ref --sort -committerdate --format %(refname) %(objectname) %(*objectname) [25ms]
2022-11-13 14:55:06.396 [info] > git config --get commit.template [2ms]
2022-11-13 14:55:06.425 [info] > git for-each-ref --format=%(refname)%00%(upstream:short)%00%(objectname)%00%(upstream:track)%00%(upstream:remotename)%00%(upstream:remoteref) refs/heads/master refs/remotes/master [3ms]
2022-11-13 14:55:06.581 [info] > git status -z -uall [197ms]
2022-11-13 14:55:11.626 [info] > git remote --verbose [19ms]
2022-11-13 14:55:11.627 [info] > git for-each-ref --sort -committerdate --format %(refname) %(objectname) %(*objectname) [27ms]
2022-11-13 14:55:11.664 [info] > git config --get commit.template [39ms]
2022-11-13 14:55:11.665 [info] > git for-each-ref --format=%(refname)%00%(upstream:short)%00%(objectname)%00%(upstream:track)%00%(upstream:remotename)%00%(upstream:remoteref) refs/heads/master refs/remotes/master [3ms]
2022-11-13 14:55:11.808 [info] > git status -z -uall [194ms]
2022-11-13 14:55:16.844 [info] > git remote --verbose [18ms]
2022-11-13 14:55:16.845 [info] > git for-each-ref --sort -committerdate --format %(refname) %(objectname) %(*objectname) [24ms]
2022-11-13 14:55:16.847 [info] > git config --get commit.template [6ms]
2022-11-13 14:55:16.865 [info] > git for-each-ref --format=%(refname)%00%(upstream:short)%00%(objectname)%00%(upstream:track)%00%(upstream:remotename)%00%(upstream:remoteref) refs/heads/master refs/remotes/master [2ms]
2022-11-13 14:55:17.020 [info] > git status -z -uall [188ms]
2022-11-13 14:55:22.061 [info] > git remote --verbose [17ms]
2022-11-13 14:55:22.061 [info] > git for-each-ref --sort -committerdate --format %(refname) %(objectname) %(*objectname) [25ms]
2022-11-13 14:55:22.062 [info] > git config --get commit.template [3ms]
2022-11-13 14:55:22.103 [info] > git for-each-ref --format=%(refname)%00%(upstream:short)%00%(objectname)%00%(upstream:track)%00%(upstream:remotename)%00%(upstream:remoteref) refs/heads/master refs/remotes/master [25ms]
2022-11-13 14:55:22.236 [info] > git status -z -uall [185ms]
2022-11-13 14:55:27.278 [info] > git remote --verbose [18ms]
2022-11-13 14:55:27.279 [info] > git for-each-ref --sort -committerdate --format %(refname) %(objectname) %(*objectname) [28ms]
2022-11-13 14:55:27.280 [info] > git config --get commit.template [4ms]
2022-11-13 14:55:27.302 [info] > git for-each-ref --format=%(refname)%00%(upstream:short)%00%(objectname)%00%(upstream:track)%00%(upstream:remotename)%00%(upstream:remoteref) refs/heads/master refs/remotes/master [3ms]
2022-11-13 14:55:27.457 [info] > git status -z -uall [189ms]
2022-11-13 14:55:32.500 [info] > git remote --verbose [17ms]
2022-11-13 14:55:32.500 [info] > git for-each-ref --sort -committerdate --format %(refname) %(objectname) %(*objectname) [25ms]
2022-11-13 14:55:32.505 [info] > git config --get commit.template [7ms]
2022-11-13 14:55:32.532 [info] > git for-each-ref --format=%(refname)%00%(upstream:short)%00%(objectname)%00%(upstream:track)%00%(upstream:remotename)%00%(upstream:remoteref) refs/heads/master refs/remotes/master [0ms]
2022-11-13 14:55:32.668 [info] > git status -z -uall [179ms]
2022-11-13 14:55:37.714 [info] > git remote --verbose [18ms]
2022-11-13 14:55:37.715 [info] > git for-each-ref --sort -committerdate --format %(refname) %(objectname) %(*objectname) [28ms]
2022-11-13 14:55:37.757 [info] > git config --get commit.template [43ms]
2022-11-13 14:55:37.757 [info] > git for-each-ref --format=%(refname)%00%(upstream:short)%00%(objectname)%00%(upstream:track)%00%(upstream:remotename)%00%(upstream:remoteref) refs/heads/master refs/remotes/master [2ms]
2022-11-13 14:55:37.891 [info] > git status -z -uall [189ms]
2022-11-13 14:55:42.937 [info] > git remote --verbose [17ms]
2022-11-13 14:55:42.938 [info] > git for-each-ref --sort -committerdate --format %(refname) %(objectname) %(*objectname) [25ms]
2022-11-13 14:55:42.939 [info] > git config --get commit.template [3ms]
2022-11-13 14:55:42.978 [info] > git for-each-ref --format=%(refname)%00%(upstream:short)%00%(objectname)%00%(upstream:track)%00%(upstream:remotename)%00%(upstream:remoteref) refs/heads/master refs/remotes/master [2ms]
2022-11-13 14:55:43.118 [info] > git status -z -uall [191ms]
2022-11-13 14:55:48.161 [info] > git remote --verbose [15ms]
2022-11-13 14:55:48.161 [info] > git for-each-ref --sort -committerdate --format %(refname) %(objectname) %(*objectname) [23ms]
2022-11-13 14:55:48.162 [info] > git config --get commit.template [3ms]
2022-11-13 14:55:48.182 [info] > git for-each-ref --format=%(refname)%00%(upstream:short)%00%(objectname)%00%(upstream:track)%00%(upstream:remotename)%00%(upstream:remoteref) refs/heads/master refs/remotes/master [4ms]
2022-11-13 14:55:48.337 [info] > git status -z -uall [185ms]
2022-11-13 14:55:53.381 [info] > git remote --verbose [17ms]
2022-11-13 14:55:53.381 [info] > git for-each-ref --sort -committerdate --format %(refname) %(objectname) %(*objectname) [24ms]
2022-11-13 14:55:53.382 [info] > git config --get commit.template [4ms]
2022-11-13 14:55:53.419 [info] > git for-each-ref --format=%(refname)%00%(upstream:short)%00%(objectname)%00%(upstream:track)%00%(upstream:remotename)%00%(upstream:remoteref) refs/heads/master refs/remotes/master [3ms]
2022-11-13 14:55:53.562 [info] > git status -z -uall [193ms]
2022-11-13 14:56:01.107 [info] > git remote --verbose [16ms]
2022-11-13 14:56:01.107 [info] > git for-each-ref --sort -committerdate --format %(refname) %(objectname) %(*objectname) [23ms]
2022-11-13 14:56:01.108 [info] > git config --get commit.template [3ms]
2022-11-13 14:56:01.128 [info] > git for-each-ref --format=%(refname)%00%(upstream:short)%00%(objectname)%00%(upstream:track)%00%(upstream:remotename)%00%(upstream:remoteref) refs/heads/master refs/remotes/master [1ms]
2022-11-13 14:56:01.283 [info] > git status -z -uall [186ms]
2022-11-13 14:56:06.999 [info] > git remote --verbose [18ms]
2022-11-13 14:56:06.999 [info] > git for-each-ref --sort -committerdate --format %(refname) %(objectname) %(*objectname) [26ms]
2022-11-13 14:56:07.002 [info] > git config --get commit.template [4ms]
2022-11-13 14:56:07.033 [info] > git for-each-ref --format=%(refname)%00%(upstream:short)%00%(objectname)%00%(upstream:track)%00%(upstream:remotename)%00%(upstream:remoteref) refs/heads/master refs/remotes/master [7ms]
2022-11-13 14:56:07.174 [info] > git status -z -uall [186ms]
2022-11-13 14:56:12.216 [info] > git remote --verbose [17ms]
2022-11-13 14:56:12.217 [info] > git for-each-ref --sort -committerdate --format %(refname) %(objectname) %(*objectname) [25ms]
2022-11-13 14:56:12.219 [info] > git config --get commit.template [5ms]
2022-11-13 14:56:12.249 [info] > git for-each-ref --format=%(refname)%00%(upstream:short)%00%(objectname)%00%(upstream:track)%00%(upstream:remotename)%00%(upstream:remoteref) refs/heads/master refs/remotes/master [2ms]
2022-11-13 14:56:12.424 [info] > git status -z -uall [219ms]
2022-11-13 14:56:17.613 [info] > git remote --verbose [28ms]
2022-11-13 14:56:17.613 [info] > git for-each-ref --sort -committerdate --format %(refname) %(objectname) %(*objectname) [34ms]
2022-11-13 14:56:17.623 [info] > git config --get commit.template [11ms]
2022-11-13 14:56:17.642 [info] > git for-each-ref --format=%(refname)%00%(upstream:short)%00%(objectname)%00%(upstream:track)%00%(upstream:remotename)%00%(upstream:remoteref) refs/heads/master refs/remotes/master [3ms]
2022-11-13 14:56:17.797 [info] > git status -z -uall [204ms]
2022-11-13 14:56:22.845 [info] > git remote --verbose [19ms]
2022-11-13 14:56:22.845 [info] > git for-each-ref --sort -committerdate --format %(refname) %(objectname) %(*objectname) [29ms]
2022-11-13 14:56:22.846 [info] > git config --get commit.template [3ms]
2022-11-13 14:56:22.884 [info] > git for-each-ref --format=%(refname)%00%(upstream:short)%00%(objectname)%00%(upstream:track)%00%(upstream:remotename)%00%(upstream:remoteref) refs/heads/master refs/remotes/master [9ms]
2022-11-13 14:56:23.026 [info] > git status -z -uall [193ms]
2022-11-13 14:56:28.072 [info] > git remote --verbose [20ms]
2022-11-13 14:56:28.073 [info] > git for-each-ref --sort -committerdate --format %(refname) %(objectname) %(*objectname) [27ms]
2022-11-13 14:56:28.074 [info] > git config --get commit.template [2ms]
2022-11-13 14:56:28.099 [info] > git for-each-ref --format=%(refname)%00%(upstream:short)%00%(objectname)%00%(upstream:track)%00%(upstream:remotename)%00%(upstream:remoteref) refs/heads/master refs/remotes/master [3ms]
2022-11-13 14:56:28.250 [info] > git status -z -uall [189ms]
2022-11-13 14:56:33.297 [info] > git remote --verbose [17ms]
2022-11-13 14:56:33.297 [info] > git for-each-ref --sort -committerdate --format %(refname) %(objectname) %(*objectname) [28ms]
2022-11-13 14:56:33.319 [info] > git config --get commit.template [24ms]
2022-11-13 14:56:33.337 [info] > git for-each-ref --format=%(refname)%00%(upstream:short)%00%(objectname)%00%(upstream:track)%00%(upstream:remotename)%00%(upstream:remoteref) refs/heads/master refs/remotes/master [1ms]
2022-11-13 14:56:33.500 [info] > git status -z -uall [214ms]
2022-11-13 15:00:38.863 [info] > git remote --verbose [18ms]
2022-11-13 15:00:38.863 [info] > git for-each-ref --sort -committerdate --format %(refname) %(objectname) %(*objectname) [32ms]
2022-11-13 15:00:38.864 [info] > git config --get commit.template [4ms]
2022-11-13 15:00:38.920 [info] > git for-each-ref --format=%(refname)%00%(upstream:short)%00%(objectname)%00%(upstream:track)%00%(upstream:remotename)%00%(upstream:remoteref) refs/heads/master refs/remotes/master [6ms]
2022-11-13 15:00:38.943 [info] > git ls-files --stage -- /home/student/index2.html [10ms]
2022-11-13 15:00:38.951 [info] > git cat-file -s 2650b6051cc1f8bd87694d475df3c34cc3f33850 [2ms]
2022-11-13 15:00:39.003 [info] > git show --textconv :index2.html [40ms]
2022-11-13 15:00:39.037 [info] > git status -z -uall [185ms]
