2022-11-13 13:53:23.316 [info] Validating found git in: git
2022-11-13 13:53:23.316 [info] Using git 2.25.1 from git
2022-11-13 13:54:05.347 [info] > git rev-parse --show-toplevel [310ms]
2022-11-13 13:54:05.357 [info] > git rev-parse --git-dir --git-common-dir [2ms]
2022-11-13 13:54:05.368 [info] Log level: Info
2022-11-13 13:54:05.368 [info] Open repository: /home/student
2022-11-13 13:54:05.414 [info] > git remote --verbose [24ms]
2022-11-13 13:54:05.620 [info] > git config --get commit.template [207ms]
2022-11-13 13:54:05.621 [info] > git for-each-ref --sort -committerdate --format %(refname) %(objectname) %(*objectname) [243ms]
2022-11-13 13:54:05.638 [info] > git for-each-ref --format=%(refname)%00%(upstream:short)%00%(objectname)%00%(upstream:track)%00%(upstream:remotename)%00%(upstream:remoteref) refs/heads/master refs/remotes/master [7ms]
2022-11-13 13:54:06.114 [info] > git show --textconv :index.html [156ms]
2022-11-13 13:54:06.144 [info] > git ls-files --stage -- /home/student/index.html [158ms]
2022-11-13 13:54:06.216 [info] > git check-ignore -v -z --stdin [76ms]
2022-11-13 13:54:14.351 [info] > git status -z -uall [8953ms]
2022-11-13 13:54:14.406 [info] > git remote --verbose [16ms]
2022-11-13 13:54:14.407 [info] > git for-each-ref --sort -committerdate --format %(refname) %(objectname) %(*objectname) [24ms]
2022-11-13 13:54:14.438 [info] > git config --get commit.template [34ms]
2022-11-13 13:54:14.443 [info] > git for-each-ref --format=%(refname)%00%(upstream:short)%00%(objectname)%00%(upstream:track)%00%(upstream:remotename)%00%(upstream:remoteref) refs/heads/master refs/remotes/master [6ms]
2022-11-13 13:54:14.722 [info] > git status -z -uall [328ms]
2022-11-13 13:54:47.270 [info] > git remote --verbose [62ms]
2022-11-13 13:54:47.271 [info] > git for-each-ref --sort -committerdate --format %(refname) %(objectname) %(*objectname) [73ms]
2022-11-13 13:54:47.280 [info] > git config --get commit.template [13ms]
2022-11-13 13:54:47.281 [info] > git for-each-ref --format=%(refname)%00%(upstream:short)%00%(objectname)%00%(upstream:track)%00%(upstream:remotename)%00%(upstream:remoteref) refs/heads/master refs/remotes/master [3ms]
2022-11-13 13:54:47.490 [info] > git status -z -uall [275ms]
2022-11-13 13:54:52.539 [info] > git remote --verbose [18ms]
2022-11-13 13:54:52.540 [info] > git for-each-ref --sort -committerdate --format %(refname) %(objectname) %(*objectname) [25ms]
2022-11-13 13:54:52.541 [info] > git config --get commit.template [3ms]
2022-11-13 13:54:52.579 [info] > git for-each-ref --format=%(refname)%00%(upstream:short)%00%(objectname)%00%(upstream:track)%00%(upstream:remotename)%00%(upstream:remoteref) refs/heads/master refs/remotes/master [1ms]
2022-11-13 13:54:52.788 [info] > git status -z -uall [259ms]
2022-11-13 13:55:01.304 [info] > git remote --verbose [22ms]
2022-11-13 13:55:01.313 [info] > git for-each-ref --sort -committerdate --format %(refname) %(objectname) %(*objectname) [31ms]
2022-11-13 13:55:01.316 [info] > git config --get commit.template [14ms]
2022-11-13 13:55:01.333 [info] > git for-each-ref --format=%(refname)%00%(upstream:short)%00%(objectname)%00%(upstream:track)%00%(upstream:remotename)%00%(upstream:remoteref) refs/heads/master refs/remotes/master [8ms]
2022-11-13 13:55:01.566 [info] > git status -z -uall [277ms]
2022-11-13 13:55:06.614 [info] > git remote --verbose [16ms]
2022-11-13 13:55:06.615 [info] > git for-each-ref --sort -committerdate --format %(refname) %(objectname) %(*objectname) [22ms]
2022-11-13 13:55:06.617 [info] > git config --get commit.template [3ms]
2022-11-13 13:55:06.655 [info] > git for-each-ref --format=%(refname)%00%(upstream:short)%00%(objectname)%00%(upstream:track)%00%(upstream:remotename)%00%(upstream:remoteref) refs/heads/master refs/remotes/master [1ms]
2022-11-13 13:55:06.853 [info] > git status -z -uall [248ms]
2022-11-13 13:55:18.036 [info] > git remote --verbose [27ms]
2022-11-13 13:55:18.041 [info] > git for-each-ref --sort -committerdate --format %(refname) %(objectname) %(*objectname) [37ms]
2022-11-13 13:55:18.043 [info] > git config --get commit.template [10ms]
2022-11-13 13:55:18.062 [info] > git for-each-ref --format=%(refname)%00%(upstream:short)%00%(objectname)%00%(upstream:track)%00%(upstream:remotename)%00%(upstream:remoteref) refs/heads/master refs/remotes/master [8ms]
2022-11-13 13:55:18.442 [info] > git status -z -uall [420ms]
2022-11-13 13:55:23.493 [info] > git remote --verbose [16ms]
2022-11-13 13:55:23.494 [info] > git for-each-ref --sort -committerdate --format %(refname) %(objectname) %(*objectname) [24ms]
2022-11-13 13:55:23.496 [info] > git config --get commit.template [6ms]
2022-11-13 13:55:23.534 [info] > git for-each-ref --format=%(refname)%00%(upstream:short)%00%(objectname)%00%(upstream:track)%00%(upstream:remotename)%00%(upstream:remoteref) refs/heads/master refs/remotes/master [4ms]
2022-11-13 13:55:23.736 [info] > git status -z -uall [255ms]
2022-11-13 13:55:28.839 [info] > git remote --verbose [70ms]
2022-11-13 13:55:28.839 [info] > git for-each-ref --sort -committerdate --format %(refname) %(objectname) %(*objectname) [79ms]
2022-11-13 13:55:28.841 [info] > git config --get commit.template [55ms]
2022-11-13 13:55:28.853 [info] > git for-each-ref --format=%(refname)%00%(upstream:short)%00%(objectname)%00%(upstream:track)%00%(upstream:remotename)%00%(upstream:remoteref) refs/heads/master refs/remotes/master [2ms]
2022-11-13 13:55:29.050 [info] > git status -z -uall [275ms]
2022-11-13 13:55:34.101 [info] > git remote --verbose [21ms]
2022-11-13 13:55:34.102 [info] > git for-each-ref --sort -committerdate --format %(refname) %(objectname) %(*objectname) [29ms]
2022-11-13 13:55:34.140 [info] > git config --get commit.template [40ms]
2022-11-13 13:55:34.141 [info] > git for-each-ref --format=%(refname)%00%(upstream:short)%00%(objectname)%00%(upstream:track)%00%(upstream:remotename)%00%(upstream:remoteref) refs/heads/master refs/remotes/master [2ms]
2022-11-13 13:55:34.355 [info] > git status -z -uall [265ms]
2022-11-13 13:55:39.404 [info] > git remote --verbose [17ms]
2022-11-13 13:55:39.405 [info] > git for-each-ref --sort -committerdate --format %(refname) %(objectname) %(*objectname) [25ms]
2022-11-13 13:55:39.410 [info] > git config --get commit.template [6ms]
2022-11-13 13:55:39.429 [info] > git for-each-ref --format=%(refname)%00%(upstream:short)%00%(objectname)%00%(upstream:track)%00%(upstream:remotename)%00%(upstream:remoteref) refs/heads/master refs/remotes/master [3ms]
2022-11-13 13:55:39.647 [info] > git status -z -uall [253ms]
2022-11-13 13:55:46.319 [info] > git remote --verbose [17ms]
2022-11-13 13:55:46.320 [info] > git for-each-ref --sort -committerdate --format %(refname) %(objectname) %(*objectname) [31ms]
2022-11-13 13:55:46.325 [info] > git config --get commit.template [14ms]
2022-11-13 13:55:46.360 [info] > git for-each-ref --format=%(refname)%00%(upstream:short)%00%(objectname)%00%(upstream:track)%00%(upstream:remotename)%00%(upstream:remoteref) refs/heads/master refs/remotes/master [3ms]
2022-11-13 13:55:46.573 [info] > git status -z -uall [272ms]
2022-11-13 13:55:51.620 [info] > git remote --verbose [12ms]
2022-11-13 13:55:51.621 [info] > git for-each-ref --sort -committerdate --format %(refname) %(objectname) %(*objectname) [21ms]
2022-11-13 13:55:51.623 [info] > git config --get commit.template [3ms]
2022-11-13 13:55:51.661 [info] > git for-each-ref --format=%(refname)%00%(upstream:short)%00%(objectname)%00%(upstream:track)%00%(upstream:remotename)%00%(upstream:remoteref) refs/heads/master refs/remotes/master [2ms]
2022-11-13 13:55:51.853 [info] > git status -z -uall [241ms]
2022-11-13 13:55:56.899 [info] > git remote --verbose [17ms]
2022-11-13 13:55:56.900 [info] > git for-each-ref --sort -committerdate --format %(refname) %(objectname) %(*objectname) [23ms]
2022-11-13 13:55:56.901 [info] > git config --get commit.template [4ms]
2022-11-13 13:55:56.941 [info] > git for-each-ref --format=%(refname)%00%(upstream:short)%00%(objectname)%00%(upstream:track)%00%(upstream:remotename)%00%(upstream:remoteref) refs/heads/master refs/remotes/master [1ms]
2022-11-13 13:55:57.142 [info] > git status -z -uall [254ms]
2022-11-13 13:56:02.186 [info] > git remote --verbose [17ms]
2022-11-13 13:56:02.187 [info] > git for-each-ref --sort -committerdate --format %(refname) %(objectname) %(*objectname) [26ms]
2022-11-13 13:56:02.188 [info] > git config --get commit.template [3ms]
2022-11-13 13:56:02.212 [info] > git for-each-ref --format=%(refname)%00%(upstream:short)%00%(objectname)%00%(upstream:track)%00%(upstream:remotename)%00%(upstream:remoteref) refs/heads/master refs/remotes/master [3ms]
2022-11-13 13:56:02.432 [info] > git status -z -uall [257ms]
2022-11-13 13:56:07.477 [info] > git remote --verbose [18ms]
2022-11-13 13:56:07.478 [info] > git for-each-ref --sort -committerdate --format %(refname) %(objectname) %(*objectname) [26ms]
2022-11-13 13:56:07.500 [info] > git config --get commit.template [25ms]
2022-11-13 13:56:07.503 [info] > git for-each-ref --format=%(refname)%00%(upstream:short)%00%(objectname)%00%(upstream:track)%00%(upstream:remotename)%00%(upstream:remoteref) refs/heads/master refs/remotes/master [4ms]
2022-11-13 13:56:07.728 [info] > git status -z -uall [261ms]
2022-11-13 13:56:29.138 [info] > git remote --verbose [24ms]
2022-11-13 13:56:29.139 [info] > git for-each-ref --sort -committerdate --format %(refname) %(objectname) %(*objectname) [33ms]
2022-11-13 13:56:29.140 [info] > git config --get commit.template [3ms]
2022-11-13 13:56:29.163 [info] > git for-each-ref --format=%(refname)%00%(upstream:short)%00%(objectname)%00%(upstream:track)%00%(upstream:remotename)%00%(upstream:remoteref) refs/heads/master refs/remotes/master [13ms]
2022-11-13 13:56:29.419 [info] > git status -z -uall [296ms]
2022-11-13 13:56:34.472 [info] > git remote --verbose [18ms]
2022-11-13 13:56:34.473 [info] > git for-each-ref --sort -committerdate --format %(refname) %(objectname) %(*objectname) [26ms]
2022-11-13 13:56:34.474 [info] > git config --get commit.template [5ms]
2022-11-13 13:56:34.510 [info] > git for-each-ref --format=%(refname)%00%(upstream:short)%00%(objectname)%00%(upstream:track)%00%(upstream:remotename)%00%(upstream:remoteref) refs/heads/master refs/remotes/master [16ms]
2022-11-13 13:56:34.710 [info] > git status -z -uall [250ms]
2022-11-13 13:56:39.756 [info] > git remote --verbose [17ms]
2022-11-13 13:56:39.756 [info] > git for-each-ref --sort -committerdate --format %(refname) %(objectname) %(*objectname) [24ms]
2022-11-13 13:56:39.758 [info] > git config --get commit.template [3ms]
2022-11-13 13:56:39.796 [info] > git for-each-ref --format=%(refname)%00%(upstream:short)%00%(objectname)%00%(upstream:track)%00%(upstream:remotename)%00%(upstream:remoteref) refs/heads/master refs/remotes/master [2ms]
2022-11-13 13:56:39.997 [info] > git status -z -uall [252ms]
2022-11-13 13:56:45.051 [info] > git remote --verbose [16ms]
2022-11-13 13:56:45.052 [info] > git for-each-ref --sort -committerdate --format %(refname) %(objectname) %(*objectname) [24ms]
2022-11-13 13:56:45.055 [info] > git config --get commit.template [5ms]
2022-11-13 13:56:45.093 [info] > git for-each-ref --format=%(refname)%00%(upstream:short)%00%(objectname)%00%(upstream:track)%00%(upstream:remotename)%00%(upstream:remoteref) refs/heads/master refs/remotes/master [3ms]
2022-11-13 13:56:45.329 [info] > git status -z -uall [288ms]
2022-11-13 13:56:50.386 [info] > git remote --verbose [16ms]
2022-11-13 13:56:50.387 [info] > git for-each-ref --sort -committerdate --format %(refname) %(objectname) %(*objectname) [36ms]
2022-11-13 13:56:50.388 [info] > git config --get commit.template [15ms]
2022-11-13 13:56:50.401 [info] > git for-each-ref --format=%(refname)%00%(upstream:short)%00%(objectname)%00%(upstream:track)%00%(upstream:remotename)%00%(upstream:remoteref) refs/heads/master refs/remotes/master [2ms]
2022-11-13 13:56:50.618 [info] > git status -z -uall [254ms]
2022-11-13 13:56:55.665 [info] > git remote --verbose [15ms]
2022-11-13 13:56:55.666 [info] > git for-each-ref --sort -committerdate --format %(refname) %(objectname) %(*objectname) [22ms]
2022-11-13 13:56:55.667 [info] > git config --get commit.template [4ms]
2022-11-13 13:56:55.700 [info] > git for-each-ref --format=%(refname)%00%(upstream:short)%00%(objectname)%00%(upstream:track)%00%(upstream:remotename)%00%(upstream:remoteref) refs/heads/master refs/remotes/master [4ms]
2022-11-13 13:56:55.900 [info] > git status -z -uall [245ms]
2022-11-13 13:57:00.943 [info] > git remote --verbose [17ms]
2022-11-13 13:57:00.943 [info] > git for-each-ref --sort -committerdate --format %(refname) %(objectname) %(*objectname) [25ms]
2022-11-13 13:57:00.964 [info] > git config --get commit.template [23ms]
2022-11-13 13:57:00.968 [info] > git for-each-ref --format=%(refname)%00%(upstream:short)%00%(objectname)%00%(upstream:track)%00%(upstream:remotename)%00%(upstream:remoteref) refs/heads/master refs/remotes/master [5ms]
2022-11-13 13:57:01.195 [info] > git status -z -uall [263ms]
2022-11-13 13:57:06.241 [info] > git remote --verbose [16ms]
2022-11-13 13:57:06.242 [info] > git for-each-ref --sort -committerdate --format %(refname) %(objectname) %(*objectname) [24ms]
2022-11-13 13:57:06.246 [info] > git config --get commit.template [5ms]
2022-11-13 13:57:06.278 [info] > git for-each-ref --format=%(refname)%00%(upstream:short)%00%(objectname)%00%(upstream:track)%00%(upstream:remotename)%00%(upstream:remoteref) refs/heads/master refs/remotes/master [9ms]
2022-11-13 13:57:06.479 [info] > git status -z -uall [248ms]
2022-11-13 13:57:11.524 [info] > git remote --verbose [16ms]
2022-11-13 13:57:11.525 [info] > git for-each-ref --sort -committerdate --format %(refname) %(objectname) %(*objectname) [24ms]
2022-11-13 13:57:11.539 [info] > git config --get commit.template [18ms]
2022-11-13 13:57:11.564 [info] > git for-each-ref --format=%(refname)%00%(upstream:short)%00%(objectname)%00%(upstream:track)%00%(upstream:remotename)%00%(upstream:remoteref) refs/heads/master refs/remotes/master [1ms]
2022-11-13 13:57:11.764 [info] > git status -z -uall [251ms]
2022-11-13 13:57:16.808 [info] > git remote --verbose [16ms]
2022-11-13 13:57:16.809 [info] > git for-each-ref --sort -committerdate --format %(refname) %(objectname) %(*objectname) [24ms]
2022-11-13 13:57:16.812 [info] > git config --get commit.template [6ms]
2022-11-13 13:57:16.833 [info] > git for-each-ref --format=%(refname)%00%(upstream:short)%00%(objectname)%00%(upstream:track)%00%(upstream:remotename)%00%(upstream:remoteref) refs/heads/master refs/remotes/master [3ms]
2022-11-13 13:57:17.049 [info] > git status -z -uall [251ms]
2022-11-13 13:57:22.096 [info] > git remote --verbose [16ms]
2022-11-13 13:57:22.097 [info] > git for-each-ref --sort -committerdate --format %(refname) %(objectname) %(*objectname) [24ms]
2022-11-13 13:57:22.101 [info] > git config --get commit.template [6ms]
2022-11-13 13:57:22.133 [info] > git for-each-ref --format=%(refname)%00%(upstream:short)%00%(objectname)%00%(upstream:track)%00%(upstream:remotename)%00%(upstream:remoteref) refs/heads/master refs/remotes/master [6ms]
2022-11-13 13:57:22.328 [info] > git status -z -uall [242ms]
2022-11-13 13:57:27.376 [info] > git remote --verbose [18ms]
2022-11-13 13:57:27.376 [info] > git for-each-ref --sort -committerdate --format %(refname) %(objectname) %(*objectname) [26ms]
2022-11-13 13:57:27.379 [info] > git config --get commit.template [4ms]
2022-11-13 13:57:27.408 [info] > git for-each-ref --format=%(refname)%00%(upstream:short)%00%(objectname)%00%(upstream:track)%00%(upstream:remotename)%00%(upstream:remoteref) refs/heads/master refs/remotes/master [3ms]
2022-11-13 13:57:27.606 [info] > git status -z -uall [241ms]
2022-11-13 13:57:32.648 [info] > git remote --verbose [15ms]
2022-11-13 13:57:32.649 [info] > git for-each-ref --sort -committerdate --format %(refname) %(objectname) %(*objectname) [21ms]
2022-11-13 13:57:32.650 [info] > git config --get commit.template [3ms]
2022-11-13 13:57:32.688 [info] > git for-each-ref --format=%(refname)%00%(upstream:short)%00%(objectname)%00%(upstream:track)%00%(upstream:remotename)%00%(upstream:remoteref) refs/heads/master refs/remotes/master [6ms]
2022-11-13 13:57:32.878 [info] > git status -z -uall [240ms]
2022-11-13 13:57:37.913 [info] > git remote --verbose [17ms]
2022-11-13 13:57:37.914 [info] > git for-each-ref --sort -committerdate --format %(refname) %(objectname) %(*objectname) [23ms]
2022-11-13 13:57:37.932 [info] > git config --get commit.template [20ms]
2022-11-13 13:57:37.937 [info] > git for-each-ref --format=%(refname)%00%(upstream:short)%00%(objectname)%00%(upstream:track)%00%(upstream:remotename)%00%(upstream:remoteref) refs/heads/master refs/remotes/master [5ms]
2022-11-13 13:57:38.142 [info] > git status -z -uall [239ms]
2022-11-13 13:57:43.179 [info] > git remote --verbose [14ms]
2022-11-13 13:57:43.180 [info] > git for-each-ref --sort -committerdate --format %(refname) %(objectname) %(*objectname) [22ms]
2022-11-13 13:57:43.181 [info] > git config --get commit.template [4ms]
2022-11-13 13:57:43.220 [info] > git for-each-ref --format=%(refname)%00%(upstream:short)%00%(objectname)%00%(upstream:track)%00%(upstream:remotename)%00%(upstream:remoteref) refs/heads/master refs/remotes/master [2ms]
2022-11-13 13:57:43.415 [info] > git status -z -uall [245ms]
2022-11-13 13:57:48.462 [info] > git remote --verbose [19ms]
2022-11-13 13:57:48.462 [info] > git for-each-ref --sort -committerdate --format %(refname) %(objectname) %(*objectname) [28ms]
2022-11-13 13:57:48.465 [info] > git config --get commit.template [5ms]
2022-11-13 13:57:48.499 [info] > git for-each-ref --format=%(refname)%00%(upstream:short)%00%(objectname)%00%(upstream:track)%00%(upstream:remotename)%00%(upstream:remoteref) refs/heads/master refs/remotes/master [2ms]
2022-11-13 13:57:48.688 [info] > git status -z -uall [240ms]
2022-11-13 13:57:54.556 [info] > git remote --verbose [25ms]
2022-11-13 13:57:54.557 [info] > git for-each-ref --sort -committerdate --format %(refname) %(objectname) %(*objectname) [34ms]
2022-11-13 13:57:54.558 [info] > git config --get commit.template [4ms]
2022-11-13 13:57:54.570 [info] > git for-each-ref --format=%(refname)%00%(upstream:short)%00%(objectname)%00%(upstream:track)%00%(upstream:remotename)%00%(upstream:remoteref) refs/heads/master refs/remotes/master [3ms]
2022-11-13 13:57:54.841 [info] > git status -z -uall [301ms]
2022-11-13 13:57:59.888 [info] > git remote --verbose [16ms]
2022-11-13 13:57:59.889 [info] > git for-each-ref --sort -committerdate --format %(refname) %(objectname) %(*objectname) [23ms]
2022-11-13 13:57:59.890 [info] > git config --get commit.template [3ms]
2022-11-13 13:57:59.924 [info] > git for-each-ref --format=%(refname)%00%(upstream:short)%00%(objectname)%00%(upstream:track)%00%(upstream:remotename)%00%(upstream:remoteref) refs/heads/master refs/remotes/master [1ms]
2022-11-13 13:58:00.132 [info] > git status -z -uall [254ms]
2022-11-13 13:58:05.180 [info] > git remote --verbose [19ms]
2022-11-13 13:58:05.182 [info] > git for-each-ref --sort -committerdate --format %(refname) %(objectname) %(*objectname) [29ms]
2022-11-13 13:58:05.190 [info] > git config --get commit.template [13ms]
2022-11-13 13:58:05.216 [info] > git for-each-ref --format=%(refname)%00%(upstream:short)%00%(objectname)%00%(upstream:track)%00%(upstream:remotename)%00%(upstream:remoteref) refs/heads/master refs/remotes/master [2ms]
2022-11-13 13:58:05.422 [info] > git status -z -uall [255ms]
2022-11-13 13:58:10.465 [info] > git remote --verbose [17ms]
2022-11-13 13:58:10.466 [info] > git for-each-ref --sort -committerdate --format %(refname) %(objectname) %(*objectname) [25ms]
2022-11-13 13:58:10.467 [info] > git config --get commit.template [4ms]
2022-11-13 13:58:10.490 [info] > git for-each-ref --format=%(refname)%00%(upstream:short)%00%(objectname)%00%(upstream:track)%00%(upstream:remotename)%00%(upstream:remoteref) refs/heads/master refs/remotes/master [3ms]
2022-11-13 13:58:10.708 [info] > git status -z -uall [253ms]
2022-11-13 13:58:15.745 [info] > git remote --verbose [17ms]
2022-11-13 13:58:15.745 [info] > git for-each-ref --sort -committerdate --format %(refname) %(objectname) %(*objectname) [24ms]
2022-11-13 13:58:15.746 [info] > git config --get commit.template [3ms]
2022-11-13 13:58:15.770 [info] > git for-each-ref --format=%(refname)%00%(upstream:short)%00%(objectname)%00%(upstream:track)%00%(upstream:remotename)%00%(upstream:remoteref) refs/heads/master refs/remotes/master [3ms]
2022-11-13 13:58:15.974 [info] > git status -z -uall [240ms]
2022-11-13 13:58:21.018 [info] > git remote --verbose [18ms]
2022-11-13 13:58:21.019 [info] > git for-each-ref --sort -committerdate --format %(refname) %(objectname) %(*objectname) [25ms]
2022-11-13 13:58:21.026 [info] > git config --get commit.template [5ms]
2022-11-13 13:58:21.061 [info] > git for-each-ref --format=%(refname)%00%(upstream:short)%00%(objectname)%00%(upstream:track)%00%(upstream:remotename)%00%(upstream:remoteref) refs/heads/master refs/remotes/master [2ms]
2022-11-13 13:58:21.260 [info] > git status -z -uall [253ms]
2022-11-13 13:58:26.304 [info] > git remote --verbose [18ms]
2022-11-13 13:58:26.305 [info] > git for-each-ref --sort -committerdate --format %(refname) %(objectname) %(*objectname) [27ms]
2022-11-13 13:58:26.310 [info] > git config --get commit.template [7ms]
2022-11-13 13:58:26.339 [info] > git for-each-ref --format=%(refname)%00%(upstream:short)%00%(objectname)%00%(upstream:track)%00%(upstream:remotename)%00%(upstream:remoteref) refs/heads/master refs/remotes/master [2ms]
2022-11-13 13:58:26.547 [info] > git status -z -uall [253ms]
2022-11-13 13:58:31.593 [info] > git remote --verbose [18ms]
2022-11-13 13:58:31.594 [info] > git for-each-ref --sort -committerdate --format %(refname) %(objectname) %(*objectname) [26ms]
2022-11-13 13:58:31.595 [info] > git config --get commit.template [2ms]
2022-11-13 13:58:31.632 [info] > git for-each-ref --format=%(refname)%00%(upstream:short)%00%(objectname)%00%(upstream:track)%00%(upstream:remotename)%00%(upstream:remoteref) refs/heads/master refs/remotes/master [2ms]
2022-11-13 13:58:31.832 [info] > git status -z -uall [250ms]
2022-11-13 13:58:36.877 [info] > git remote --verbose [18ms]
2022-11-13 13:58:36.877 [info] > git for-each-ref --sort -committerdate --format %(refname) %(objectname) %(*objectname) [26ms]
2022-11-13 13:58:36.878 [info] > git config --get commit.template [3ms]
2022-11-13 13:58:36.916 [info] > git for-each-ref --format=%(refname)%00%(upstream:short)%00%(objectname)%00%(upstream:track)%00%(upstream:remotename)%00%(upstream:remoteref) refs/heads/master refs/remotes/master [3ms]
2022-11-13 13:58:37.120 [info] > git status -z -uall [253ms]
2022-11-13 13:58:42.163 [info] > git remote --verbose [16ms]
2022-11-13 13:58:42.164 [info] > git for-each-ref --sort -committerdate --format %(refname) %(objectname) %(*objectname) [23ms]
2022-11-13 13:58:42.165 [info] > git config --get commit.template [3ms]
2022-11-13 13:58:42.194 [info] > git for-each-ref --format=%(refname)%00%(upstream:short)%00%(objectname)%00%(upstream:track)%00%(upstream:remotename)%00%(upstream:remoteref) refs/heads/master refs/remotes/master [3ms]
2022-11-13 13:58:42.397 [info] > git status -z -uall [244ms]
2022-11-13 13:58:47.437 [info] > git remote --verbose [16ms]
2022-11-13 13:58:47.438 [info] > git for-each-ref --sort -committerdate --format %(refname) %(objectname) %(*objectname) [23ms]
2022-11-13 13:58:47.442 [info] > git config --get commit.template [6ms]
2022-11-13 13:58:47.463 [info] > git for-each-ref --format=%(refname)%00%(upstream:short)%00%(objectname)%00%(upstream:track)%00%(upstream:remotename)%00%(upstream:remoteref) refs/heads/master refs/remotes/master [3ms]
2022-11-13 13:58:47.666 [info] > git status -z -uall [239ms]
2022-11-13 13:58:52.705 [info] > git remote --verbose [13ms]
2022-11-13 13:58:52.706 [info] > git for-each-ref --sort -committerdate --format %(refname) %(objectname) %(*objectname) [20ms]
2022-11-13 13:58:52.707 [info] > git config --get commit.template [2ms]
2022-11-13 13:58:52.748 [info] > git for-each-ref --format=%(refname)%00%(upstream:short)%00%(objectname)%00%(upstream:track)%00%(upstream:remotename)%00%(upstream:remoteref) refs/heads/master refs/remotes/master [1ms]
2022-11-13 13:58:52.942 [info] > git status -z -uall [245ms]
2022-11-13 13:58:57.987 [info] > git remote --verbose [15ms]
2022-11-13 13:58:57.988 [info] > git for-each-ref --sort -committerdate --format %(refname) %(objectname) %(*objectname) [23ms]
2022-11-13 13:58:57.989 [info] > git config --get commit.template [3ms]
2022-11-13 13:58:58.014 [info] > git for-each-ref --format=%(refname)%00%(upstream:short)%00%(objectname)%00%(upstream:track)%00%(upstream:remotename)%00%(upstream:remoteref) refs/heads/master refs/remotes/master [9ms]
2022-11-13 13:58:58.229 [info] > git status -z -uall [252ms]
2022-11-13 13:59:03.271 [info] > git remote --verbose [15ms]
2022-11-13 13:59:03.272 [info] > git for-each-ref --sort -committerdate --format %(refname) %(objectname) %(*objectname) [23ms]
2022-11-13 13:59:03.273 [info] > git config --get commit.template [4ms]
2022-11-13 13:59:03.313 [info] > git for-each-ref --format=%(refname)%00%(upstream:short)%00%(objectname)%00%(upstream:track)%00%(upstream:remotename)%00%(upstream:remoteref) refs/heads/master refs/remotes/master [2ms]
2022-11-13 13:59:03.499 [info] > git status -z -uall [238ms]
2022-11-13 13:59:08.543 [info] > git remote --verbose [16ms]
2022-11-13 13:59:08.544 [info] > git for-each-ref --sort -committerdate --format %(refname) %(objectname) %(*objectname) [25ms]
2022-11-13 13:59:08.547 [info] > git config --get commit.template [5ms]
2022-11-13 13:59:08.573 [info] > git for-each-ref --format=%(refname)%00%(upstream:short)%00%(objectname)%00%(upstream:track)%00%(upstream:remotename)%00%(upstream:remoteref) refs/heads/master refs/remotes/master [3ms]
2022-11-13 13:59:08.785 [info] > git status -z -uall [250ms]
2022-11-13 13:59:13.828 [info] > git remote --verbose [15ms]
2022-11-13 13:59:13.828 [info] > git for-each-ref --sort -committerdate --format %(refname) %(objectname) %(*objectname) [24ms]
2022-11-13 13:59:13.829 [info] > git config --get commit.template [4ms]
2022-11-13 13:59:13.860 [info] > git for-each-ref --format=%(refname)%00%(upstream:short)%00%(objectname)%00%(upstream:track)%00%(upstream:remotename)%00%(upstream:remoteref) refs/heads/master refs/remotes/master [1ms]
2022-11-13 13:59:14.064 [info] > git status -z -uall [247ms]
2022-11-13 13:59:19.112 [info] > git remote --verbose [19ms]
2022-11-13 13:59:19.113 [info] > git for-each-ref --sort -committerdate --format %(refname) %(objectname) %(*objectname) [28ms]
2022-11-13 13:59:19.113 [info] > git config --get commit.template [3ms]
2022-11-13 13:59:19.146 [info] > git for-each-ref --format=%(refname)%00%(upstream:short)%00%(objectname)%00%(upstream:track)%00%(upstream:remotename)%00%(upstream:remoteref) refs/heads/master refs/remotes/master [2ms]
2022-11-13 13:59:19.345 [info] > git status -z -uall [245ms]
2022-11-13 13:59:24.392 [info] > git remote --verbose [20ms]
2022-11-13 13:59:24.392 [info] > git for-each-ref --sort -committerdate --format %(refname) %(objectname) %(*objectname) [28ms]
2022-11-13 13:59:24.393 [info] > git config --get commit.template [3ms]
2022-11-13 13:59:24.418 [info] > git for-each-ref --format=%(refname)%00%(upstream:short)%00%(objectname)%00%(upstream:track)%00%(upstream:remotename)%00%(upstream:remoteref) refs/heads/master refs/remotes/master [4ms]
2022-11-13 13:59:24.631 [info] > git status -z -uall [251ms]
2022-11-13 13:59:29.674 [info] > git remote --verbose [17ms]
2022-11-13 13:59:29.674 [info] > git for-each-ref --sort -committerdate --format %(refname) %(objectname) %(*objectname) [24ms]
2022-11-13 13:59:29.675 [info] > git config --get commit.template [3ms]
2022-11-13 13:59:29.714 [info] > git for-each-ref --format=%(refname)%00%(upstream:short)%00%(objectname)%00%(upstream:track)%00%(upstream:remotename)%00%(upstream:remoteref) refs/heads/master refs/remotes/master [2ms]
2022-11-13 13:59:29.901 [info] > git status -z -uall [237ms]
2022-11-13 13:59:34.948 [info] > git remote --verbose [18ms]
2022-11-13 13:59:34.949 [info] > git for-each-ref --sort -committerdate --format %(refname) %(objectname) %(*objectname) [27ms]
2022-11-13 13:59:34.967 [info] > git for-each-ref --format=%(refname)%00%(upstream:short)%00%(objectname)%00%(upstream:track)%00%(upstream:remotename)%00%(upstream:remoteref) refs/heads/master refs/remotes/master [1ms]
2022-11-13 13:59:34.968 [info] > git config --get commit.template [22ms]
2022-11-13 13:59:35.181 [info] > git status -z -uall [245ms]
2022-11-13 13:59:40.229 [info] > git remote --verbose [18ms]
2022-11-13 13:59:40.230 [info] > git for-each-ref --sort -committerdate --format %(refname) %(objectname) %(*objectname) [27ms]
2022-11-13 13:59:40.231 [info] > git config --get commit.template [5ms]
2022-11-13 13:59:40.268 [info] > git for-each-ref --format=%(refname)%00%(upstream:short)%00%(objectname)%00%(upstream:track)%00%(upstream:remotename)%00%(upstream:remoteref) refs/heads/master refs/remotes/master [2ms]
2022-11-13 13:59:40.462 [info] > git status -z -uall [244ms]
2022-11-13 13:59:45.508 [info] > git remote --verbose [17ms]
2022-11-13 13:59:45.508 [info] > git for-each-ref --sort -committerdate --format %(refname) %(objectname) %(*objectname) [25ms]
2022-11-13 13:59:45.510 [info] > git config --get commit.template [3ms]
2022-11-13 13:59:45.554 [info] > git for-each-ref --format=%(refname)%00%(upstream:short)%00%(objectname)%00%(upstream:track)%00%(upstream:remotename)%00%(upstream:remoteref) refs/heads/master refs/remotes/master [2ms]
2022-11-13 13:59:45.750 [info] > git status -z -uall [253ms]
2022-11-13 13:59:50.796 [info] > git remote --verbose [15ms]
2022-11-13 13:59:50.796 [info] > git for-each-ref --sort -committerdate --format %(refname) %(objectname) %(*objectname) [22ms]
2022-11-13 13:59:50.797 [info] > git config --get commit.template [3ms]
2022-11-13 13:59:50.831 [info] > git for-each-ref --format=%(refname)%00%(upstream:short)%00%(objectname)%00%(upstream:track)%00%(upstream:remotename)%00%(upstream:remoteref) refs/heads/master refs/remotes/master [1ms]
2022-11-13 13:59:51.038 [info] > git status -z -uall [252ms]
2022-11-13 13:59:56.082 [info] > git remote --verbose [17ms]
2022-11-13 13:59:56.094 [info] > git for-each-ref --sort -committerdate --format %(refname) %(objectname) %(*objectname) [37ms]
2022-11-13 13:59:56.095 [info] > git config --get commit.template [15ms]
2022-11-13 13:59:56.118 [info] > git for-each-ref --format=%(refname)%00%(upstream:short)%00%(objectname)%00%(upstream:track)%00%(upstream:remotename)%00%(upstream:remoteref) refs/heads/master refs/remotes/master [3ms]
2022-11-13 13:59:56.314 [info] > git status -z -uall [241ms]
2022-11-13 14:00:01.361 [info] > git remote --verbose [17ms]
2022-11-13 14:00:01.361 [info] > git for-each-ref --sort -committerdate --format %(refname) %(objectname) %(*objectname) [27ms]
2022-11-13 14:00:01.362 [info] > git config --get commit.template [2ms]
2022-11-13 14:00:01.386 [info] > git for-each-ref --format=%(refname)%00%(upstream:short)%00%(objectname)%00%(upstream:track)%00%(upstream:remotename)%00%(upstream:remoteref) refs/heads/master refs/remotes/master [3ms]
2022-11-13 14:00:01.593 [info] > git status -z -uall [243ms]
2022-11-13 14:00:06.638 [info] > git remote --verbose [15ms]
2022-11-13 14:00:06.639 [info] > git for-each-ref --sort -committerdate --format %(refname) %(objectname) %(*objectname) [24ms]
2022-11-13 14:00:06.640 [info] > git config --get commit.template [2ms]
2022-11-13 14:00:06.665 [info] > git for-each-ref --format=%(refname)%00%(upstream:short)%00%(objectname)%00%(upstream:track)%00%(upstream:remotename)%00%(upstream:remoteref) refs/heads/master refs/remotes/master [8ms]
2022-11-13 14:00:06.872 [info] > git status -z -uall [243ms]
2022-11-13 14:00:11.920 [info] > git remote --verbose [16ms]
2022-11-13 14:00:11.921 [info] > git for-each-ref --sort -committerdate --format %(refname) %(objectname) %(*objectname) [24ms]
2022-11-13 14:00:11.922 [info] > git config --get commit.template [2ms]
2022-11-13 14:00:11.949 [info] > git for-each-ref --format=%(refname)%00%(upstream:short)%00%(objectname)%00%(upstream:track)%00%(upstream:remotename)%00%(upstream:remoteref) refs/heads/master refs/remotes/master [6ms]
2022-11-13 14:00:12.161 [info] > git status -z -uall [251ms]
2022-11-13 14:00:17.206 [info] > git remote --verbose [18ms]
2022-11-13 14:00:17.207 [info] > git for-each-ref --sort -committerdate --format %(refname) %(objectname) %(*objectname) [26ms]
2022-11-13 14:00:17.208 [info] > git config --get commit.template [3ms]
2022-11-13 14:00:17.244 [info] > git for-each-ref --format=%(refname)%00%(upstream:short)%00%(objectname)%00%(upstream:track)%00%(upstream:remotename)%00%(upstream:remoteref) refs/heads/master refs/remotes/master [3ms]
2022-11-13 14:00:17.439 [info] > git status -z -uall [244ms]
2022-11-13 14:00:22.478 [info] > git remote --verbose [13ms]
2022-11-13 14:00:22.479 [info] > git for-each-ref --sort -committerdate --format %(refname) %(objectname) %(*objectname) [20ms]
2022-11-13 14:00:22.481 [info] > git config --get commit.template [5ms]
2022-11-13 14:00:22.520 [info] > git for-each-ref --format=%(refname)%00%(upstream:short)%00%(objectname)%00%(upstream:track)%00%(upstream:remotename)%00%(upstream:remoteref) refs/heads/master refs/remotes/master [4ms]
2022-11-13 14:00:22.715 [info] > git status -z -uall [245ms]
2022-11-13 14:00:27.766 [info] > git remote --verbose [18ms]
2022-11-13 14:00:27.766 [info] > git for-each-ref --sort -committerdate --format %(refname) %(objectname) %(*objectname) [30ms]
2022-11-13 14:00:27.781 [info] > git config --get commit.template [17ms]
2022-11-13 14:00:27.805 [info] > git for-each-ref --format=%(refname)%00%(upstream:short)%00%(objectname)%00%(upstream:track)%00%(upstream:remotename)%00%(upstream:remoteref) refs/heads/master refs/remotes/master [1ms]
2022-11-13 14:00:27.998 [info] > git status -z -uall [244ms]
2022-11-13 14:00:33.045 [info] > git remote --verbose [19ms]
2022-11-13 14:00:33.046 [info] > git for-each-ref --sort -committerdate --format %(refname) %(objectname) %(*objectname) [28ms]
2022-11-13 14:00:33.047 [info] > git config --get commit.template [3ms]
2022-11-13 14:00:33.076 [info] > git for-each-ref --format=%(refname)%00%(upstream:short)%00%(objectname)%00%(upstream:track)%00%(upstream:remotename)%00%(upstream:remoteref) refs/heads/master refs/remotes/master [10ms]
2022-11-13 14:00:33.272 [info] > git status -z -uall [239ms]
2022-11-13 14:00:38.316 [info] > git remote --verbose [19ms]
2022-11-13 14:00:38.317 [info] > git for-each-ref --sort -committerdate --format %(refname) %(objectname) %(*objectname) [26ms]
2022-11-13 14:00:38.320 [info] > git config --get commit.template [5ms]
2022-11-13 14:00:38.342 [info] > git for-each-ref --format=%(refname)%00%(upstream:short)%00%(objectname)%00%(upstream:track)%00%(upstream:remotename)%00%(upstream:remoteref) refs/heads/master refs/remotes/master [0ms]
2022-11-13 14:00:38.559 [info] > git status -z -uall [254ms]
2022-11-13 14:00:43.606 [info] > git remote --verbose [18ms]
2022-11-13 14:00:43.606 [info] > git for-each-ref --sort -committerdate --format %(refname) %(objectname) %(*objectname) [26ms]
2022-11-13 14:00:43.607 [info] > git config --get commit.template [3ms]
2022-11-13 14:00:43.634 [info] > git for-each-ref --format=%(refname)%00%(upstream:short)%00%(objectname)%00%(upstream:track)%00%(upstream:remotename)%00%(upstream:remoteref) refs/heads/master refs/remotes/master [3ms]
2022-11-13 14:00:43.847 [info] > git status -z -uall [253ms]
2022-11-13 14:00:48.892 [info] > git remote --verbose [20ms]
2022-11-13 14:00:48.892 [info] > git for-each-ref --sort -committerdate --format %(refname) %(objectname) %(*objectname) [27ms]
2022-11-13 14:00:48.893 [info] > git config --get commit.template [3ms]
2022-11-13 14:00:48.919 [info] > git for-each-ref --format=%(refname)%00%(upstream:short)%00%(objectname)%00%(upstream:track)%00%(upstream:remotename)%00%(upstream:remoteref) refs/heads/master refs/remotes/master [2ms]
2022-11-13 14:00:49.132 [info] > git status -z -uall [251ms]
2022-11-13 14:00:54.176 [info] > git remote --verbose [16ms]
2022-11-13 14:00:54.177 [info] > git for-each-ref --sort -committerdate --format %(refname) %(objectname) %(*objectname) [24ms]
2022-11-13 14:00:54.186 [info] > git config --get commit.template [3ms]
2022-11-13 14:00:54.215 [info] > git for-each-ref --format=%(refname)%00%(upstream:short)%00%(objectname)%00%(upstream:track)%00%(upstream:remotename)%00%(upstream:remoteref) refs/heads/master refs/remotes/master [1ms]
2022-11-13 14:00:54.408 [info] > git status -z -uall [242ms]
2022-11-13 14:00:59.453 [info] > git remote --verbose [15ms]
2022-11-13 14:00:59.453 [info] > git for-each-ref --sort -committerdate --format %(refname) %(objectname) %(*objectname) [23ms]
2022-11-13 14:00:59.455 [info] > git config --get commit.template [4ms]
2022-11-13 14:00:59.477 [info] > git for-each-ref --format=%(refname)%00%(upstream:short)%00%(objectname)%00%(upstream:track)%00%(upstream:remotename)%00%(upstream:remoteref) refs/heads/master refs/remotes/master [10ms]
2022-11-13 14:00:59.696 [info] > git status -z -uall [253ms]
2022-11-13 14:01:04.739 [info] > git remote --verbose [18ms]
2022-11-13 14:01:04.739 [info] > git for-each-ref --sort -committerdate --format %(refname) %(objectname) %(*objectname) [25ms]
2022-11-13 14:01:04.743 [info] > git config --get commit.template [5ms]
2022-11-13 14:01:04.777 [info] > git for-each-ref --format=%(refname)%00%(upstream:short)%00%(objectname)%00%(upstream:track)%00%(upstream:remotename)%00%(upstream:remoteref) refs/heads/master refs/remotes/master [3ms]
2022-11-13 14:01:04.972 [info] > git status -z -uall [244ms]
2022-11-13 14:01:10.020 [info] > git remote --verbose [20ms]
2022-11-13 14:01:10.020 [info] > git for-each-ref --sort -committerdate --format %(refname) %(objectname) %(*objectname) [28ms]
2022-11-13 14:01:10.040 [info] > git config --get commit.template [22ms]
2022-11-13 14:01:10.047 [info] > git for-each-ref --format=%(refname)%00%(upstream:short)%00%(objectname)%00%(upstream:track)%00%(upstream:remotename)%00%(upstream:remoteref) refs/heads/master refs/remotes/master [7ms]
2022-11-13 14:01:10.253 [info] > git status -z -uall [245ms]
2022-11-13 14:01:15.295 [info] > git remote --verbose [15ms]
2022-11-13 14:01:15.296 [info] > git for-each-ref --sort -committerdate --format %(refname) %(objectname) %(*objectname) [22ms]
2022-11-13 14:01:15.297 [info] > git config --get commit.template [3ms]
2022-11-13 14:01:15.334 [info] > git for-each-ref --format=%(refname)%00%(upstream:short)%00%(objectname)%00%(upstream:track)%00%(upstream:remotename)%00%(upstream:remoteref) refs/heads/master refs/remotes/master [8ms]
2022-11-13 14:01:15.533 [info] > git status -z -uall [248ms]
2022-11-13 14:01:20.575 [info] > git remote --verbose [17ms]
2022-11-13 14:01:20.576 [info] > git for-each-ref --sort -committerdate --format %(refname) %(objectname) %(*objectname) [25ms]
2022-11-13 14:01:20.576 [info] > git config --get commit.template [2ms]
2022-11-13 14:01:20.603 [info] > git for-each-ref --format=%(refname)%00%(upstream:short)%00%(objectname)%00%(upstream:track)%00%(upstream:remotename)%00%(upstream:remoteref) refs/heads/master refs/remotes/master [7ms]
2022-11-13 14:01:20.819 [info] > git status -z -uall [255ms]
2022-11-13 14:01:25.859 [info] > git remote --verbose [15ms]
2022-11-13 14:01:25.859 [info] > git for-each-ref --sort -committerdate --format %(refname) %(objectname) %(*objectname) [21ms]
2022-11-13 14:01:25.860 [info] > git config --get commit.template [3ms]
2022-11-13 14:01:25.880 [info] > git for-each-ref --format=%(refname)%00%(upstream:short)%00%(objectname)%00%(upstream:track)%00%(upstream:remotename)%00%(upstream:remoteref) refs/heads/master refs/remotes/master [2ms]
2022-11-13 14:01:26.097 [info] > git status -z -uall [247ms]
2022-11-13 14:01:31.139 [info] > git remote --verbose [16ms]
2022-11-13 14:01:31.140 [info] > git for-each-ref --sort -committerdate --format %(refname) %(objectname) %(*objectname) [24ms]
2022-11-13 14:01:31.141 [info] > git config --get commit.template [2ms]
2022-11-13 14:01:31.175 [info] > git for-each-ref --format=%(refname)%00%(upstream:short)%00%(objectname)%00%(upstream:track)%00%(upstream:remotename)%00%(upstream:remoteref) refs/heads/master refs/remotes/master [3ms]
2022-11-13 14:01:31.372 [info] > git status -z -uall [244ms]
2022-11-13 14:01:36.410 [info] > git remote --verbose [15ms]
2022-11-13 14:01:36.411 [info] > git for-each-ref --sort -committerdate --format %(refname) %(objectname) %(*objectname) [22ms]
2022-11-13 14:01:36.412 [info] > git config --get commit.template [3ms]
2022-11-13 14:01:36.446 [info] > git for-each-ref --format=%(refname)%00%(upstream:short)%00%(objectname)%00%(upstream:track)%00%(upstream:remotename)%00%(upstream:remoteref) refs/heads/master refs/remotes/master [3ms]
2022-11-13 14:01:36.647 [info] > git status -z -uall [247ms]
2022-11-13 14:01:41.693 [info] > git remote --verbose [18ms]
2022-11-13 14:01:41.694 [info] > git for-each-ref --sort -committerdate --format %(refname) %(objectname) %(*objectname) [25ms]
2022-11-13 14:01:41.695 [info] > git config --get commit.template [3ms]
2022-11-13 14:01:41.731 [info] > git for-each-ref --format=%(refname)%00%(upstream:short)%00%(objectname)%00%(upstream:track)%00%(upstream:remotename)%00%(upstream:remoteref) refs/heads/master refs/remotes/master [8ms]
2022-11-13 14:01:41.930 [info] > git status -z -uall [248ms]
2022-11-13 14:01:46.977 [info] > git remote --verbose [19ms]
2022-11-13 14:01:46.977 [info] > git for-each-ref --sort -committerdate --format %(refname) %(objectname) %(*objectname) [26ms]
2022-11-13 14:01:46.979 [info] > git config --get commit.template [3ms]
2022-11-13 14:01:47.016 [info] > git for-each-ref --format=%(refname)%00%(upstream:short)%00%(objectname)%00%(upstream:track)%00%(upstream:remotename)%00%(upstream:remoteref) refs/heads/master refs/remotes/master [4ms]
2022-11-13 14:01:47.212 [info] > git status -z -uall [245ms]
2022-11-13 14:01:52.251 [info] > git remote --verbose [16ms]
2022-11-13 14:01:52.252 [info] > git for-each-ref --sort -committerdate --format %(refname) %(objectname) %(*objectname) [23ms]
2022-11-13 14:01:52.254 [info] > git config --get commit.template [4ms]
2022-11-13 14:01:52.289 [info] > git for-each-ref --format=%(refname)%00%(upstream:short)%00%(objectname)%00%(upstream:track)%00%(upstream:remotename)%00%(upstream:remoteref) refs/heads/master refs/remotes/master [20ms]
2022-11-13 14:01:52.485 [info] > git status -z -uall [243ms]
2022-11-13 14:01:57.534 [info] > git remote --verbose [17ms]
2022-11-13 14:01:57.534 [info] > git for-each-ref --sort -committerdate --format %(refname) %(objectname) %(*objectname) [26ms]
2022-11-13 14:01:57.537 [info] > git config --get commit.template [5ms]
2022-11-13 14:01:57.571 [info] > git for-each-ref --format=%(refname)%00%(upstream:short)%00%(objectname)%00%(upstream:track)%00%(upstream:remotename)%00%(upstream:remoteref) refs/heads/master refs/remotes/master [16ms]
2022-11-13 14:01:57.768 [info] > git status -z -uall [245ms]
2022-11-13 14:02:02.811 [info] > git remote --verbose [16ms]
2022-11-13 14:02:02.812 [info] > git for-each-ref --sort -committerdate --format %(refname) %(objectname) %(*objectname) [24ms]
2022-11-13 14:02:02.813 [info] > git config --get commit.template [3ms]
2022-11-13 14:02:02.845 [info] > git for-each-ref --format=%(refname)%00%(upstream:short)%00%(objectname)%00%(upstream:track)%00%(upstream:remotename)%00%(upstream:remoteref) refs/heads/master refs/remotes/master [1ms]
2022-11-13 14:02:03.053 [info] > git status -z -uall [250ms]
2022-11-13 14:02:08.101 [info] > git remote --verbose [19ms]
2022-11-13 14:02:08.101 [info] > git for-each-ref --sort -committerdate --format %(refname) %(objectname) %(*objectname) [28ms]
2022-11-13 14:02:08.106 [info] > git config --get commit.template [6ms]
2022-11-13 14:02:08.126 [info] > git for-each-ref --format=%(refname)%00%(upstream:short)%00%(objectname)%00%(upstream:track)%00%(upstream:remotename)%00%(upstream:remoteref) refs/heads/master refs/remotes/master [0ms]
2022-11-13 14:02:08.337 [info] > git status -z -uall [248ms]
2022-11-13 14:02:13.377 [info] > git remote --verbose [16ms]
2022-11-13 14:02:13.377 [info] > git for-each-ref --sort -committerdate --format %(refname) %(objectname) %(*objectname) [24ms]
2022-11-13 14:02:13.401 [info] > git config --get commit.template [25ms]
2022-11-13 14:02:13.404 [info] > git for-each-ref --format=%(refname)%00%(upstream:short)%00%(objectname)%00%(upstream:track)%00%(upstream:remotename)%00%(upstream:remoteref) refs/heads/master refs/remotes/master [4ms]
2022-11-13 14:02:13.618 [info] > git status -z -uall [252ms]
2022-11-13 14:02:18.661 [info] > git remote --verbose [16ms]
2022-11-13 14:02:18.662 [info] > git for-each-ref --sort -committerdate --format %(refname) %(objectname) %(*objectname) [22ms]
2022-11-13 14:02:18.665 [info] > git config --get commit.template [5ms]
2022-11-13 14:02:18.690 [info] > git for-each-ref --format=%(refname)%00%(upstream:short)%00%(objectname)%00%(upstream:track)%00%(upstream:remotename)%00%(upstream:remoteref) refs/heads/master refs/remotes/master [3ms]
2022-11-13 14:02:18.896 [info] > git status -z -uall [245ms]
2022-11-13 14:02:23.940 [info] > git remote --verbose [16ms]
2022-11-13 14:02:23.941 [info] > git for-each-ref --sort -committerdate --format %(refname) %(objectname) %(*objectname) [23ms]
2022-11-13 14:02:23.942 [info] > git config --get commit.template [2ms]
2022-11-13 14:02:23.981 [info] > git for-each-ref --format=%(refname)%00%(upstream:short)%00%(objectname)%00%(upstream:track)%00%(upstream:remotename)%00%(upstream:remoteref) refs/heads/master refs/remotes/master [6ms]
2022-11-13 14:02:24.179 [info] > git status -z -uall [248ms]
2022-11-13 14:02:29.226 [info] > git remote --verbose [18ms]
2022-11-13 14:02:29.226 [info] > git for-each-ref --sort -committerdate --format %(refname) %(objectname) %(*objectname) [26ms]
2022-11-13 14:02:29.230 [info] > git config --get commit.template [6ms]
2022-11-13 14:02:29.249 [info] > git for-each-ref --format=%(refname)%00%(upstream:short)%00%(objectname)%00%(upstream:track)%00%(upstream:remotename)%00%(upstream:remoteref) refs/heads/master refs/remotes/master [3ms]
2022-11-13 14:02:29.462 [info] > git status -z -uall [246ms]
2022-11-13 14:02:34.505 [info] > git remote --verbose [15ms]
2022-11-13 14:02:34.506 [info] > git for-each-ref --sort -committerdate --format %(refname) %(objectname) %(*objectname) [24ms]
2022-11-13 14:02:34.507 [info] > git config --get commit.template [3ms]
2022-11-13 14:02:34.548 [info] > git for-each-ref --format=%(refname)%00%(upstream:short)%00%(objectname)%00%(upstream:track)%00%(upstream:remotename)%00%(upstream:remoteref) refs/heads/master refs/remotes/master [2ms]
2022-11-13 14:02:34.741 [info] > git status -z -uall [245ms]
2022-11-13 14:02:39.790 [info] > git remote --verbose [19ms]
2022-11-13 14:02:39.790 [info] > git for-each-ref --sort -committerdate --format %(refname) %(objectname) %(*objectname) [27ms]
2022-11-13 14:02:39.793 [info] > git config --get commit.template [5ms]
2022-11-13 14:02:39.826 [info] > git for-each-ref --format=%(refname)%00%(upstream:short)%00%(objectname)%00%(upstream:track)%00%(upstream:remotename)%00%(upstream:remoteref) refs/heads/master refs/remotes/master [1ms]
2022-11-13 14:02:40.026 [info] > git status -z -uall [249ms]
2022-11-13 14:02:45.072 [info] > git remote --verbose [19ms]
2022-11-13 14:02:45.072 [info] > git for-each-ref --sort -committerdate --format %(refname) %(objectname) %(*objectname) [27ms]
2022-11-13 14:02:45.109 [info] > git config --get commit.template [38ms]
2022-11-13 14:02:45.110 [info] > git for-each-ref --format=%(refname)%00%(upstream:short)%00%(objectname)%00%(upstream:track)%00%(upstream:remotename)%00%(upstream:remoteref) refs/heads/master refs/remotes/master [1ms]
2022-11-13 14:02:45.305 [info] > git status -z -uall [244ms]
2022-11-13 14:02:50.347 [info] > git remote --verbose [16ms]
2022-11-13 14:02:50.348 [info] > git for-each-ref --sort -committerdate --format %(refname) %(objectname) %(*objectname) [23ms]
2022-11-13 14:02:50.349 [info] > git config --get commit.template [3ms]
2022-11-13 14:02:50.387 [info] > git for-each-ref --format=%(refname)%00%(upstream:short)%00%(objectname)%00%(upstream:track)%00%(upstream:remotename)%00%(upstream:remoteref) refs/heads/master refs/remotes/master [1ms]
2022-11-13 14:02:50.582 [info] > git status -z -uall [245ms]
2022-11-13 14:02:55.625 [info] > git remote --verbose [15ms]
2022-11-13 14:02:55.626 [info] > git for-each-ref --sort -committerdate --format %(refname) %(objectname) %(*objectname) [25ms]
2022-11-13 14:02:55.638 [info] > git config --get commit.template [5ms]
2022-11-13 14:02:55.681 [info] > git for-each-ref --format=%(refname)%00%(upstream:short)%00%(objectname)%00%(upstream:track)%00%(upstream:remotename)%00%(upstream:remoteref) refs/heads/master refs/remotes/master [8ms]
2022-11-13 14:02:55.902 [info] > git status -z -uall [287ms]
2022-11-13 14:03:00.952 [info] > git remote --verbose [15ms]
2022-11-13 14:03:00.952 [info] > git for-each-ref --sort -committerdate --format %(refname) %(objectname) %(*objectname) [24ms]
2022-11-13 14:03:00.953 [info] > git config --get commit.template [3ms]
2022-11-13 14:03:00.972 [info] > git for-each-ref --format=%(refname)%00%(upstream:short)%00%(objectname)%00%(upstream:track)%00%(upstream:remotename)%00%(upstream:remoteref) refs/heads/master refs/remotes/master [1ms]
2022-11-13 14:03:01.212 [info] > git status -z -uall [270ms]
2022-11-13 14:03:06.262 [info] > git remote --verbose [23ms]
2022-11-13 14:03:06.267 [info] > git for-each-ref --sort -committerdate --format %(refname) %(objectname) %(*objectname) [34ms]
2022-11-13 14:03:06.268 [info] > git config --get commit.template [14ms]
2022-11-13 14:03:06.340 [info] > git for-each-ref --format=%(refname)%00%(upstream:short)%00%(objectname)%00%(upstream:track)%00%(upstream:remotename)%00%(upstream:remoteref) refs/heads/master refs/remotes/master [2ms]
2022-11-13 14:03:06.557 [info] > git status -z -uall [310ms]
2022-11-13 14:03:11.593 [info] > git remote --verbose [9ms]
2022-11-13 14:03:11.594 [info] > git for-each-ref --sort -committerdate --format %(refname) %(objectname) %(*objectname) [18ms]
2022-11-13 14:03:11.637 [info] > git config --get commit.template [25ms]
2022-11-13 14:03:11.643 [info] > git for-each-ref --format=%(refname)%00%(upstream:short)%00%(objectname)%00%(upstream:track)%00%(upstream:remotename)%00%(upstream:remoteref) refs/heads/master refs/remotes/master [7ms]
2022-11-13 14:03:11.895 [info] > git status -z -uall [305ms]
2022-11-13 14:05:05.829 [info] > git remote --verbose [19ms]
2022-11-13 14:05:05.829 [info] > git for-each-ref --sort -committerdate --format %(refname) %(objectname) %(*objectname) [29ms]
2022-11-13 14:05:05.847 [info] > git config --get commit.template [20ms]
2022-11-13 14:05:05.852 [info] > git for-each-ref --format=%(refname)%00%(upstream:short)%00%(objectname)%00%(upstream:track)%00%(upstream:remotename)%00%(upstream:remoteref) refs/heads/master refs/remotes/master [4ms]
2022-11-13 14:05:06.082 [info] > git status -z -uall [266ms]
2022-11-13 14:05:40.307 [info] > git remote --verbose [23ms]
2022-11-13 14:05:40.308 [info] > git for-each-ref --sort -committerdate --format %(refname) %(objectname) %(*objectname) [36ms]
2022-11-13 14:05:40.318 [info] > git config --get commit.template [13ms]
2022-11-13 14:05:40.337 [info] > git for-each-ref --format=%(refname)%00%(upstream:short)%00%(objectname)%00%(upstream:track)%00%(upstream:remotename)%00%(upstream:remoteref) refs/heads/master refs/remotes/master [19ms]
2022-11-13 14:05:40.567 [info] > git status -z -uall [276ms]
2022-11-13 14:05:45.614 [info] > git remote --verbose [20ms]
2022-11-13 14:05:45.615 [info] > git for-each-ref --sort -committerdate --format %(refname) %(objectname) %(*objectname) [29ms]
2022-11-13 14:05:45.616 [info] > git config --get commit.template [3ms]
2022-11-13 14:05:45.632 [info] > git for-each-ref --format=%(refname)%00%(upstream:short)%00%(objectname)%00%(upstream:track)%00%(upstream:remotename)%00%(upstream:remoteref) refs/heads/master refs/remotes/master [3ms]
2022-11-13 14:05:45.888 [info] > git status -z -uall [286ms]
2022-11-13 14:05:50.933 [info] > git remote --verbose [18ms]
2022-11-13 14:05:50.933 [info] > git for-each-ref --sort -committerdate --format %(refname) %(objectname) %(*objectname) [26ms]
2022-11-13 14:05:50.936 [info] > git config --get commit.template [4ms]
2022-11-13 14:05:50.955 [info] > git for-each-ref --format=%(refname)%00%(upstream:short)%00%(objectname)%00%(upstream:track)%00%(upstream:remotename)%00%(upstream:remoteref) refs/heads/master refs/remotes/master [1ms]
2022-11-13 14:05:51.190 [info] > git status -z -uall [269ms]
