2022-11-13 15:08:41.471 [info] Extension host with pid 57431 started
2022-11-13 15:08:41.471 [info] Skipping acquiring lock for /home/student/.config/Code/User/workspaceStorage/58b1fe8d760d9ab45f7ed9c408ba57cf.
2022-11-13 15:08:41.659 [info] ExtensionService#_doActivateExtension vscode.html-language-features, startup: false, activationEvent: 'onLanguage:html'
2022-11-13 15:08:41.659 [info] ExtensionService#_doActivateExtension vscode.microsoft-authentication, startup: false, activationEvent: 'onAuthenticationRequest:microsoft'
2022-11-13 15:08:41.660 [info] ExtensionService#_doActivateExtension vscode.git-base, startup: true, activationEvent: '*', root cause: vscode.git
2022-11-13 15:08:42.235 [info] ExtensionService#_doActivateExtension vscode.git, startup: true, activationEvent: '*'
2022-11-13 15:08:42.236 [info] ExtensionService#_doActivateExtension vscode.github, startup: true, activationEvent: '*'
2022-11-13 15:08:42.462 [info] Eager extensions activated
2022-11-13 15:08:42.697 [info] ExtensionService#_doActivateExtension vscode.debug-auto-launch, startup: false, activationEvent: 'onStartupFinished'
2022-11-13 15:08:42.716 [info] ExtensionService#_doActivateExtension vscode.emmet, startup: false, activationEvent: 'onStartupFinished'
2022-11-13 15:08:42.717 [info] ExtensionService#_doActivateExtension vscode.merge-conflict, startup: false, activationEvent: 'onStartupFinished'
2022-11-13 15:08:42.717 [info] ExtensionService#_doActivateExtension vscode.github-authentication, startup: false, activationEvent: 'onAuthenticationRequest:github'
2022-11-13 15:19:53.591 [warning] [Decorations] CAPPING events from decorations provider vscode.git 254
2022-11-13 15:19:58.840 [warning] [Decorations] CAPPING events from decorations provider vscode.git 255
2022-11-13 15:22:01.975 [warning] [Decorations] CAPPING events from decorations provider vscode.git 271
2022-11-13 15:22:07.209 [warning] [Decorations] CAPPING events from decorations provider vscode.git 269
2022-11-13 15:22:12.427 [warning] [Decorations] CAPPING events from decorations provider vscode.git 270
2022-11-13 15:22:17.673 [warning] [Decorations] CAPPING events from decorations provider vscode.git 272
2022-11-13 15:22:22.899 [warning] [Decorations] CAPPING events from decorations provider vscode.git 271
2022-11-13 15:22:33.935 [warning] [Decorations] CAPPING events from decorations provider vscode.git 275
2022-11-13 15:22:39.204 [warning] [Decorations] CAPPING events from decorations provider vscode.git 274
2022-11-13 15:22:44.459 [warning] [Decorations] CAPPING events from decorations provider vscode.git 275
2022-11-13 15:22:49.703 [warning] [Decorations] CAPPING events from decorations provider vscode.git 275
2022-11-13 15:22:54.937 [warning] [Decorations] CAPPING events from decorations provider vscode.git 275
2022-11-13 15:23:00.176 [warning] [Decorations] CAPPING events from decorations provider vscode.git 276
2022-11-13 15:23:06.189 [warning] [Decorations] CAPPING events from decorations provider vscode.git 278
2022-11-13 15:23:11.416 [warning] [Decorations] CAPPING events from decorations provider vscode.git 277
2022-11-13 15:23:16.641 [warning] [Decorations] CAPPING events from decorations provider vscode.git 278
2022-11-13 15:23:21.860 [warning] [Decorations] CAPPING events from decorations provider vscode.git 278
2022-11-13 15:23:27.080 [warning] [Decorations] CAPPING events from decorations provider vscode.git 279
2022-11-13 15:23:32.303 [warning] [Decorations] CAPPING events from decorations provider vscode.git 279
2022-11-13 15:23:37.528 [warning] [Decorations] CAPPING events from decorations provider vscode.git 280
2022-11-13 15:23:42.753 [warning] [Decorations] CAPPING events from decorations provider vscode.git 279
2022-11-13 15:23:47.981 [warning] [Decorations] CAPPING events from decorations provider vscode.git 280
2022-11-13 15:23:53.209 [warning] [Decorations] CAPPING events from decorations provider vscode.git 280
2022-11-13 15:23:58.440 [warning] [Decorations] CAPPING events from decorations provider vscode.git 280
2022-11-13 15:24:03.666 [warning] [Decorations] CAPPING events from decorations provider vscode.git 280
2022-11-13 15:24:08.887 [warning] [Decorations] CAPPING events from decorations provider vscode.git 281
2022-11-13 15:24:14.115 [warning] [Decorations] CAPPING events from decorations provider vscode.git 281
2022-11-13 15:24:19.348 [warning] [Decorations] CAPPING events from decorations provider vscode.git 283
2022-11-13 15:24:24.576 [warning] [Decorations] CAPPING events from decorations provider vscode.git 283
2022-11-13 15:24:29.801 [warning] [Decorations] CAPPING events from decorations provider vscode.git 283
2022-11-13 15:24:35.027 [warning] [Decorations] CAPPING events from decorations provider vscode.git 284
2022-11-13 15:24:40.257 [warning] [Decorations] CAPPING events from decorations provider vscode.git 284
2022-11-13 15:24:45.482 [warning] [Decorations] CAPPING events from decorations provider vscode.git 284
2022-11-13 15:24:50.709 [warning] [Decorations] CAPPING events from decorations provider vscode.git 285
2022-11-13 15:24:55.937 [warning] [Decorations] CAPPING events from decorations provider vscode.git 285
2022-11-13 15:25:01.182 [warning] [Decorations] CAPPING events from decorations provider vscode.git 285
2022-11-13 15:25:06.447 [warning] [Decorations] CAPPING events from decorations provider vscode.git 286
2022-11-13 15:25:11.728 [warning] [Decorations] CAPPING events from decorations provider vscode.git 286
2022-11-13 15:25:16.951 [warning] [Decorations] CAPPING events from decorations provider vscode.git 286
2022-11-13 15:25:22.169 [warning] [Decorations] CAPPING events from decorations provider vscode.git 287
2022-11-13 15:25:27.391 [warning] [Decorations] CAPPING events from decorations provider vscode.git 286
2022-11-13 15:25:32.611 [warning] [Decorations] CAPPING events from decorations provider vscode.git 287
2022-11-13 15:25:37.947 [warning] [Decorations] CAPPING events from decorations provider vscode.git 288
2022-11-13 15:25:43.174 [warning] [Decorations] CAPPING events from decorations provider vscode.git 288
2022-11-13 15:25:48.408 [warning] [Decorations] CAPPING events from decorations provider vscode.git 288
2022-11-13 15:25:53.664 [warning] [Decorations] CAPPING events from decorations provider vscode.git 289
2022-11-13 15:25:58.894 [warning] [Decorations] CAPPING events from decorations provider vscode.git 290
2022-11-13 15:26:04.110 [warning] [Decorations] CAPPING events from decorations provider vscode.git 294
2022-11-13 15:26:09.351 [warning] [Decorations] CAPPING events from decorations provider vscode.git 294
2022-11-13 15:26:14.588 [warning] [Decorations] CAPPING events from decorations provider vscode.git 293
2022-11-13 15:26:19.814 [warning] [Decorations] CAPPING events from decorations provider vscode.git 293
2022-11-13 15:26:25.503 [warning] [Decorations] CAPPING events from decorations provider vscode.git 295
2022-11-13 15:26:30.757 [warning] [Decorations] CAPPING events from decorations provider vscode.git 295
2022-11-13 15:26:36.011 [warning] [Decorations] CAPPING events from decorations provider vscode.git 298
2022-11-13 15:26:41.226 [warning] [Decorations] CAPPING events from decorations provider vscode.git 297
2022-11-13 15:26:46.447 [warning] [Decorations] CAPPING events from decorations provider vscode.git 297
2022-11-13 15:26:51.678 [warning] [Decorations] CAPPING events from decorations provider vscode.git 297
2022-11-13 15:26:56.910 [warning] [Decorations] CAPPING events from decorations provider vscode.git 297
2022-11-13 15:27:02.185 [warning] [Decorations] CAPPING events from decorations provider vscode.git 298
2022-11-13 15:27:10.596 [warning] [Decorations] CAPPING events from decorations provider vscode.git 302
2022-11-13 15:27:26.557 [warning] [Decorations] CAPPING events from decorations provider vscode.git 302
2022-11-13 15:27:31.808 [warning] [Decorations] CAPPING events from decorations provider vscode.git 303
2022-11-13 15:27:37.054 [warning] [Decorations] CAPPING events from decorations provider vscode.git 304
2022-11-13 15:27:42.278 [warning] [Decorations] CAPPING events from decorations provider vscode.git 303
2022-11-13 15:27:47.510 [warning] [Decorations] CAPPING events from decorations provider vscode.git 302
2022-11-13 15:27:52.770 [warning] [Decorations] CAPPING events from decorations provider vscode.git 302
2022-11-13 15:27:58.004 [warning] [Decorations] CAPPING events from decorations provider vscode.git 303
2022-11-13 15:28:03.231 [warning] [Decorations] CAPPING events from decorations provider vscode.git 304
2022-11-13 15:28:08.484 [warning] [Decorations] CAPPING events from decorations provider vscode.git 305
2022-11-13 15:28:13.706 [warning] [Decorations] CAPPING events from decorations provider vscode.git 306
2022-11-13 15:28:18.981 [warning] [Decorations] CAPPING events from decorations provider vscode.git 305
2022-11-13 15:28:24.207 [warning] [Decorations] CAPPING events from decorations provider vscode.git 305
2022-11-13 15:28:29.515 [warning] [Decorations] CAPPING events from decorations provider vscode.git 306
2022-11-13 15:28:34.779 [warning] [Decorations] CAPPING events from decorations provider vscode.git 306
2022-11-13 15:28:40.020 [warning] [Decorations] CAPPING events from decorations provider vscode.git 308
2022-11-13 15:28:45.253 [warning] [Decorations] CAPPING events from decorations provider vscode.git 308
2022-11-13 15:28:50.485 [warning] [Decorations] CAPPING events from decorations provider vscode.git 307
2022-11-13 15:28:55.731 [warning] [Decorations] CAPPING events from decorations provider vscode.git 307
2022-11-13 15:29:00.960 [warning] [Decorations] CAPPING events from decorations provider vscode.git 309
2022-11-13 15:29:06.182 [warning] [Decorations] CAPPING events from decorations provider vscode.git 309
2022-11-13 15:29:11.404 [warning] [Decorations] CAPPING events from decorations provider vscode.git 310
2022-11-13 15:29:16.638 [warning] [Decorations] CAPPING events from decorations provider vscode.git 310
2022-11-13 15:29:21.877 [warning] [Decorations] CAPPING events from decorations provider vscode.git 310
2022-11-13 15:29:27.130 [warning] [Decorations] CAPPING events from decorations provider vscode.git 311
2022-11-13 15:29:32.386 [warning] [Decorations] CAPPING events from decorations provider vscode.git 312
2022-11-13 15:29:37.624 [warning] [Decorations] CAPPING events from decorations provider vscode.git 314
2022-11-13 15:29:42.852 [warning] [Decorations] CAPPING events from decorations provider vscode.git 314
2022-11-13 15:29:48.068 [warning] [Decorations] CAPPING events from decorations provider vscode.git 316
2022-11-13 15:29:53.327 [warning] [Decorations] CAPPING events from decorations provider vscode.git 315
2022-11-13 15:29:58.566 [warning] [Decorations] CAPPING events from decorations provider vscode.git 316
2022-11-13 15:30:03.812 [warning] [Decorations] CAPPING events from decorations provider vscode.git 317
2022-11-13 15:30:09.056 [warning] [Decorations] CAPPING events from decorations provider vscode.git 318
2022-11-13 15:30:14.276 [warning] [Decorations] CAPPING events from decorations provider vscode.git 319
2022-11-13 15:30:19.519 [warning] [Decorations] CAPPING events from decorations provider vscode.git 318
2022-11-13 15:30:24.744 [warning] [Decorations] CAPPING events from decorations provider vscode.git 319
2022-11-13 15:30:30.009 [warning] [Decorations] CAPPING events from decorations provider vscode.git 321
2022-11-13 15:30:43.809 [warning] [Decorations] CAPPING events from decorations provider vscode.git 323
2022-11-13 15:30:49.040 [warning] [Decorations] CAPPING events from decorations provider vscode.git 323
2022-11-13 15:30:54.264 [warning] [Decorations] CAPPING events from decorations provider vscode.git 320
2022-11-13 15:30:59.485 [warning] [Decorations] CAPPING events from decorations provider vscode.git 321
2022-11-13 15:31:04.708 [warning] [Decorations] CAPPING events from decorations provider vscode.git 321
2022-11-13 15:31:09.931 [warning] [Decorations] CAPPING events from decorations provider vscode.git 321
2022-11-13 15:31:15.169 [warning] [Decorations] CAPPING events from decorations provider vscode.git 321
2022-11-13 15:31:20.388 [warning] [Decorations] CAPPING events from decorations provider vscode.git 321
2022-11-13 15:31:25.611 [warning] [Decorations] CAPPING events from decorations provider vscode.git 321
2022-11-13 15:31:30.832 [warning] [Decorations] CAPPING events from decorations provider vscode.git 321
2022-11-13 15:31:36.050 [warning] [Decorations] CAPPING events from decorations provider vscode.git 323
2022-11-13 15:31:41.273 [warning] [Decorations] CAPPING events from decorations provider vscode.git 324
2022-11-13 15:31:46.493 [warning] [Decorations] CAPPING events from decorations provider vscode.git 324
2022-11-13 15:31:51.724 [warning] [Decorations] CAPPING events from decorations provider vscode.git 324
2022-11-13 15:31:56.951 [warning] [Decorations] CAPPING events from decorations provider vscode.git 324
2022-11-13 15:32:02.174 [warning] [Decorations] CAPPING events from decorations provider vscode.git 325
2022-11-13 15:32:07.406 [warning] [Decorations] CAPPING events from decorations provider vscode.git 326
2022-11-13 15:32:12.628 [warning] [Decorations] CAPPING events from decorations provider vscode.git 327
2022-11-13 15:32:17.854 [warning] [Decorations] CAPPING events from decorations provider vscode.git 327
2022-11-13 15:32:23.115 [warning] [Decorations] CAPPING events from decorations provider vscode.git 327
2022-11-13 15:32:28.360 [warning] [Decorations] CAPPING events from decorations provider vscode.git 327
2022-11-13 15:32:33.601 [warning] [Decorations] CAPPING events from decorations provider vscode.git 328
2022-11-13 15:32:42.523 [warning] [Decorations] CAPPING events from decorations provider vscode.git 330
2022-11-13 15:32:47.746 [warning] [Decorations] CAPPING events from decorations provider vscode.git 329
2022-11-13 15:32:52.975 [warning] [Decorations] CAPPING events from decorations provider vscode.git 330
2022-11-13 15:32:58.202 [warning] [Decorations] CAPPING events from decorations provider vscode.git 330
2022-11-13 15:33:03.452 [warning] [Decorations] CAPPING events from decorations provider vscode.git 331
2022-11-13 15:33:11.531 [warning] [Decorations] CAPPING events from decorations provider vscode.git 334
2022-11-13 15:33:16.765 [warning] [Decorations] CAPPING events from decorations provider vscode.git 333
2022-11-13 15:33:22.003 [warning] [Decorations] CAPPING events from decorations provider vscode.git 333
2022-11-13 15:33:27.260 [warning] [Decorations] CAPPING events from decorations provider vscode.git 333
2022-11-13 15:33:34.736 [warning] [Decorations] CAPPING events from decorations provider vscode.git 333
2022-11-13 15:33:39.965 [warning] [Decorations] CAPPING events from decorations provider vscode.git 336
2022-11-13 15:33:45.236 [warning] [Decorations] CAPPING events from decorations provider vscode.git 336
2022-11-13 15:33:50.486 [warning] [Decorations] CAPPING events from decorations provider vscode.git 338
2022-11-13 15:33:55.768 [warning] [Decorations] CAPPING events from decorations provider vscode.git 337
2022-11-13 15:34:01.026 [warning] [Decorations] CAPPING events from decorations provider vscode.git 338
2022-11-13 15:34:06.252 [warning] [Decorations] CAPPING events from decorations provider vscode.git 340
2022-11-13 15:34:11.470 [warning] [Decorations] CAPPING events from decorations provider vscode.git 339
2022-11-13 15:34:16.711 [warning] [Decorations] CAPPING events from decorations provider vscode.git 339
2022-11-13 15:34:21.940 [warning] [Decorations] CAPPING events from decorations provider vscode.git 339
2022-11-13 15:34:27.232 [warning] [Decorations] CAPPING events from decorations provider vscode.git 338
2022-11-13 15:34:32.451 [warning] [Decorations] CAPPING events from decorations provider vscode.git 338
2022-11-13 15:34:37.669 [warning] [Decorations] CAPPING events from decorations provider vscode.git 339
2022-11-13 15:34:42.885 [warning] [Decorations] CAPPING events from decorations provider vscode.git 340
2022-11-13 15:34:48.109 [warning] [Decorations] CAPPING events from decorations provider vscode.git 340
2022-11-13 15:34:53.327 [warning] [Decorations] CAPPING events from decorations provider vscode.git 341
2022-11-13 15:34:58.538 [warning] [Decorations] CAPPING events from decorations provider vscode.git 340
2022-11-13 15:35:03.753 [warning] [Decorations] CAPPING events from decorations provider vscode.git 340
2022-11-13 15:35:08.978 [warning] [Decorations] CAPPING events from decorations provider vscode.git 342
2022-11-13 15:35:14.207 [warning] [Decorations] CAPPING events from decorations provider vscode.git 343
2022-11-13 15:35:19.430 [warning] [Decorations] CAPPING events from decorations provider vscode.git 344
2022-11-13 15:35:24.645 [warning] [Decorations] CAPPING events from decorations provider vscode.git 344
2022-11-13 15:35:29.869 [warning] [Decorations] CAPPING events from decorations provider vscode.git 344
2022-11-13 15:35:35.092 [warning] [Decorations] CAPPING events from decorations provider vscode.git 344
2022-11-13 15:35:40.313 [warning] [Decorations] CAPPING events from decorations provider vscode.git 347
2022-11-13 15:35:45.531 [warning] [Decorations] CAPPING events from decorations provider vscode.git 348
2022-11-13 15:35:50.754 [warning] [Decorations] CAPPING events from decorations provider vscode.git 348
2022-11-13 15:35:55.973 [warning] [Decorations] CAPPING events from decorations provider vscode.git 348
2022-11-13 15:36:01.191 [warning] [Decorations] CAPPING events from decorations provider vscode.git 348
2022-11-13 15:36:06.414 [warning] [Decorations] CAPPING events from decorations provider vscode.git 348
2022-11-13 15:36:11.636 [warning] [Decorations] CAPPING events from decorations provider vscode.git 350
2022-11-13 15:36:16.865 [warning] [Decorations] CAPPING events from decorations provider vscode.git 350
2022-11-13 15:36:22.085 [warning] [Decorations] CAPPING events from decorations provider vscode.git 350
2022-11-13 15:36:27.308 [warning] [Decorations] CAPPING events from decorations provider vscode.git 350
2022-11-13 15:36:32.535 [warning] [Decorations] CAPPING events from decorations provider vscode.git 350
2022-11-13 15:36:37.752 [warning] [Decorations] CAPPING events from decorations provider vscode.git 350
2022-11-13 15:36:42.972 [warning] [Decorations] CAPPING events from decorations provider vscode.git 353
2022-11-13 15:36:48.203 [warning] [Decorations] CAPPING events from decorations provider vscode.git 353
2022-11-13 15:36:53.419 [warning] [Decorations] CAPPING events from decorations provider vscode.git 353
2022-11-13 15:36:58.642 [warning] [Decorations] CAPPING events from decorations provider vscode.git 353
2022-11-13 15:37:03.868 [warning] [Decorations] CAPPING events from decorations provider vscode.git 353
2022-11-13 15:37:09.090 [warning] [Decorations] CAPPING events from decorations provider vscode.git 353
2022-11-13 15:37:14.317 [warning] [Decorations] CAPPING events from decorations provider vscode.git 355
2022-11-13 15:37:19.540 [warning] [Decorations] CAPPING events from decorations provider vscode.git 354
2022-11-13 15:37:24.766 [warning] [Decorations] CAPPING events from decorations provider vscode.git 354
2022-11-13 15:37:29.991 [warning] [Decorations] CAPPING events from decorations provider vscode.git 354
2022-11-13 15:37:35.214 [warning] [Decorations] CAPPING events from decorations provider vscode.git 354
2022-11-13 15:37:40.436 [warning] [Decorations] CAPPING events from decorations provider vscode.git 354
2022-11-13 15:37:45.659 [warning] [Decorations] CAPPING events from decorations provider vscode.git 357
2022-11-13 15:37:50.880 [warning] [Decorations] CAPPING events from decorations provider vscode.git 357
2022-11-13 15:37:56.098 [warning] [Decorations] CAPPING events from decorations provider vscode.git 357
2022-11-13 15:38:01.317 [warning] [Decorations] CAPPING events from decorations provider vscode.git 357
2022-11-13 15:38:06.541 [warning] [Decorations] CAPPING events from decorations provider vscode.git 357
2022-11-13 15:38:11.767 [warning] [Decorations] CAPPING events from decorations provider vscode.git 358
2022-11-13 15:38:16.988 [warning] [Decorations] CAPPING events from decorations provider vscode.git 359
2022-11-13 15:38:22.211 [warning] [Decorations] CAPPING events from decorations provider vscode.git 359
2022-11-13 15:38:27.440 [warning] [Decorations] CAPPING events from decorations provider vscode.git 359
2022-11-13 15:38:32.661 [warning] [Decorations] CAPPING events from decorations provider vscode.git 359
2022-11-13 15:38:37.878 [warning] [Decorations] CAPPING events from decorations provider vscode.git 359
2022-11-13 15:38:43.105 [warning] [Decorations] CAPPING events from decorations provider vscode.git 361
2022-11-13 15:38:48.383 [warning] [Decorations] CAPPING events from decorations provider vscode.git 363
2022-11-13 15:38:53.688 [warning] [Decorations] CAPPING events from decorations provider vscode.git 363
2022-11-13 15:38:58.907 [warning] [Decorations] CAPPING events from decorations provider vscode.git 363
2022-11-13 15:39:04.140 [warning] [Decorations] CAPPING events from decorations provider vscode.git 363
2022-11-13 15:39:09.402 [warning] [Decorations] CAPPING events from decorations provider vscode.git 363
2022-11-13 15:39:14.622 [warning] [Decorations] CAPPING events from decorations provider vscode.git 364
2022-11-13 15:39:19.855 [warning] [Decorations] CAPPING events from decorations provider vscode.git 365
2022-11-13 15:39:25.097 [warning] [Decorations] CAPPING events from decorations provider vscode.git 365
2022-11-13 15:39:30.323 [warning] [Decorations] CAPPING events from decorations provider vscode.git 365
2022-11-13 15:39:35.543 [warning] [Decorations] CAPPING events from decorations provider vscode.git 365
2022-11-13 15:39:40.760 [warning] [Decorations] CAPPING events from decorations provider vscode.git 365
2022-11-13 15:39:45.998 [warning] [Decorations] CAPPING events from decorations provider vscode.git 367
2022-11-13 15:39:51.244 [warning] [Decorations] CAPPING events from decorations provider vscode.git 368
2022-11-13 15:39:56.504 [warning] [Decorations] CAPPING events from decorations provider vscode.git 368
2022-11-13 15:40:01.732 [warning] [Decorations] CAPPING events from decorations provider vscode.git 368
2022-11-13 15:40:06.961 [warning] [Decorations] CAPPING events from decorations provider vscode.git 368
2022-11-13 15:40:12.191 [warning] [Decorations] CAPPING events from decorations provider vscode.git 369
2022-11-13 15:40:17.404 [warning] [Decorations] CAPPING events from decorations provider vscode.git 371
2022-11-13 15:40:22.632 [warning] [Decorations] CAPPING events from decorations provider vscode.git 370
2022-11-13 15:40:27.860 [warning] [Decorations] CAPPING events from decorations provider vscode.git 369
2022-11-13 15:40:33.103 [warning] [Decorations] CAPPING events from decorations provider vscode.git 369
2022-11-13 15:40:38.326 [warning] [Decorations] CAPPING events from decorations provider vscode.git 369
2022-11-13 15:40:43.555 [warning] [Decorations] CAPPING events from decorations provider vscode.git 372
2022-11-13 15:40:48.788 [warning] [Decorations] CAPPING events from decorations provider vscode.git 375
2022-11-13 15:40:54.008 [warning] [Decorations] CAPPING events from decorations provider vscode.git 375
2022-11-13 15:40:59.246 [warning] [Decorations] CAPPING events from decorations provider vscode.git 375
2022-11-13 15:41:04.503 [warning] [Decorations] CAPPING events from decorations provider vscode.git 375
2022-11-13 15:41:09.738 [warning] [Decorations] CAPPING events from decorations provider vscode.git 374
2022-11-13 15:41:14.971 [warning] [Decorations] CAPPING events from decorations provider vscode.git 376
2022-11-13 15:41:20.199 [warning] [Decorations] CAPPING events from decorations provider vscode.git 377
2022-11-13 15:41:25.452 [warning] [Decorations] CAPPING events from decorations provider vscode.git 378
2022-11-13 15:42:07.004 [warning] [Decorations] CAPPING events from decorations provider vscode.git 381
2022-11-13 16:21:59.714 [warning] [Decorations] CAPPING events from decorations provider vscode.git 634
2022-11-13 16:22:04.963 [warning] [Decorations] CAPPING events from decorations provider vscode.git 629
2022-11-13 16:23:17.515 [warning] [Decorations] CAPPING events from decorations provider vscode.git 639
2022-11-13 16:23:22.758 [warning] [Decorations] CAPPING events from decorations provider vscode.git 638
2022-11-13 16:23:27.988 [warning] [Decorations] CAPPING events from decorations provider vscode.git 639
2022-11-13 16:23:33.243 [warning] [Decorations] CAPPING events from decorations provider vscode.git 641
2022-11-13 16:23:38.528 [warning] [Decorations] CAPPING events from decorations provider vscode.git 641
2022-11-13 16:24:04.194 [warning] [Decorations] CAPPING events from decorations provider vscode.git 644
2022-11-13 16:24:09.452 [warning] [Decorations] CAPPING events from decorations provider vscode.git 646
2022-11-13 16:29:35.217 [warning] [Decorations] CAPPING events from decorations provider vscode.git 685
2022-11-13 16:29:40.446 [warning] [Decorations] CAPPING events from decorations provider vscode.git 683
2022-11-13 16:29:45.667 [warning] [Decorations] CAPPING events from decorations provider vscode.git 684
2022-11-13 16:29:50.920 [warning] [Decorations] CAPPING events from decorations provider vscode.git 684
2022-11-13 16:36:39.052 [warning] [Decorations] CAPPING events from decorations provider vscode.git 754
2022-11-13 22:16:14.366 [warning] [Decorations] CAPPING events from decorations provider vscode.git 534
2022-11-13 22:16:19.649 [warning] [Decorations] CAPPING events from decorations provider vscode.git 531
2022-11-13 22:16:24.927 [warning] [Decorations] CAPPING events from decorations provider vscode.git 531
2022-11-13 22:16:30.356 [warning] [Decorations] CAPPING events from decorations provider vscode.git 534
2022-11-13 22:18:45.870 [warning] [Decorations] CAPPING events from decorations provider vscode.git 910
2022-11-13 22:18:51.155 [warning] [Decorations] CAPPING events from decorations provider vscode.git 908
2022-11-14 08:28:11.906 [warning] [Decorations] CAPPING events from decorations provider vscode.git 1799
2022-11-14 08:28:17.211 [warning] [Decorations] CAPPING events from decorations provider vscode.git 1796
2022-11-14 08:28:22.521 [warning] [Decorations] CAPPING events from decorations provider vscode.git 1790
2022-11-14 08:28:27.839 [warning] [Decorations] CAPPING events from decorations provider vscode.git 1790
2022-11-14 08:28:33.141 [warning] [Decorations] CAPPING events from decorations provider vscode.git 1790
2022-11-14 08:28:38.451 [warning] [Decorations] CAPPING events from decorations provider vscode.git 1790
2022-11-14 08:28:43.778 [warning] [Decorations] CAPPING events from decorations provider vscode.git 1790
2022-11-14 08:40:49.808 [warning] [Decorations] CAPPING events from decorations provider vscode.git 2013
2022-11-14 08:40:59.578 [warning] [Decorations] CAPPING events from decorations provider vscode.git 2009
2022-11-14 08:41:04.925 [warning] [Decorations] CAPPING events from decorations provider vscode.git 2005
2022-11-14 08:41:10.322 [warning] [Decorations] CAPPING events from decorations provider vscode.git 2006
2022-11-14 08:42:15.596 [warning] [Decorations] CAPPING events from decorations provider vscode.git 2099
2022-11-14 08:42:20.983 [warning] [Decorations] CAPPING events from decorations provider vscode.git 2090
2022-11-15 09:30:22.679 [warning] [Decorations] CAPPING events from decorations provider vscode.git 7448
