2022-11-18 14:52:33.035 [info] Validating found git in: git
2022-11-18 14:52:33.035 [info] Using git 2.25.1 from git
2022-11-18 14:52:33.036 [info] > git rev-parse --show-toplevel [27ms]
2022-11-18 14:52:33.036 [info] > git rev-parse --git-dir --git-common-dir [10ms]
2022-11-18 14:52:33.036 [info] Log level: Info
2022-11-18 14:52:33.036 [info] Open repository: /home/student
2022-11-18 14:52:33.036 [info] > git remote --verbose [67ms]
2022-11-18 14:52:33.036 [info] > git for-each-ref --sort -committerdate --format %(refname) %(objectname) %(*objectname) [86ms]
2022-11-18 14:52:33.036 [info] > git rev-parse --show-toplevel [46ms]
2022-11-18 14:52:33.036 [info] > git config --get commit.template [70ms]
2022-11-18 14:52:33.036 [info] > git rev-parse --show-toplevel [15ms]
2022-11-18 14:52:33.036 [info] > git for-each-ref --format=%(refname)%00%(upstream:short)%00%(objectname)%00%(upstream:track)%00%(upstream:remotename)%00%(upstream:remoteref) refs/heads/main refs/remotes/main [20ms]
2022-11-18 14:52:33.036 [info] > git rev-parse --show-toplevel [6ms]
2022-11-18 14:52:33.036 [info] > git rev-parse --show-toplevel [6ms]
2022-11-18 14:52:33.036 [info] > git rev-parse --show-toplevel [72ms]
2022-11-18 14:52:33.036 [info] > git rev-parse --show-toplevel [90ms]
2022-11-18 14:52:33.036 [info] > git rev-parse --show-toplevel [66ms]
2022-11-18 14:52:33.036 [info] > git rev-parse --show-toplevel [5ms]
2022-11-18 14:52:33.036 [info] > git rev-parse --show-toplevel [32ms]
2022-11-18 14:52:33.036 [info] > git rev-parse --show-toplevel [19ms]
2022-11-18 14:52:33.036 [info] > git rev-parse --git-dir --git-common-dir [35ms]
2022-11-18 14:52:33.036 [info] Log level: Info
2022-11-18 14:52:33.036 [info] Open repository: /home/student/.nvm
2022-11-18 14:52:33.037 [info] > git status -z -uall [76ms]
2022-11-18 14:52:33.037 [info] > git rev-parse --show-toplevel [46ms]
2022-11-18 14:52:33.037 [info] > git remote --verbose [268ms]
2022-11-18 14:52:33.037 [info] > git for-each-ref --sort -committerdate --format %(refname) %(objectname) %(*objectname) [316ms]
2022-11-18 14:52:33.037 [info] > git rev-parse --show-toplevel [5ms]
2022-11-18 14:52:33.037 [info] > git config --get commit.template [229ms]
2022-11-18 14:52:33.037 [info] > git status -z -uall [53ms]
2022-11-18 14:52:33.037 [info] > git remote --verbose [74ms]
2022-11-18 14:52:33.037 [info] > git for-each-ref --sort -committerdate --format %(refname) %(objectname) %(*objectname) [103ms]
2022-11-18 14:52:33.037 [info] > git rev-parse --show-toplevel [153ms]
2022-11-18 14:52:33.037 [info] > git config --get commit.template [34ms]
2022-11-18 14:52:33.037 [info] > git rev-parse --show-toplevel [8ms]
2022-11-18 14:52:33.037 [info] > git rev-parse --show-toplevel [8ms]
2022-11-18 14:52:33.037 [info] > git rev-parse --show-toplevel [6ms]
2022-11-18 14:52:33.037 [info] > git rev-parse --show-toplevel [10ms]
2022-11-18 14:52:33.047 [info] > git rev-parse --show-toplevel [12ms]
2022-11-18 14:52:33.133 [info] > git status -z -uall [1618ms] (cancelled)
2022-11-18 14:52:33.134 [info] > git rev-parse --show-toplevel [64ms]
2022-11-18 14:52:33.178 [info] > git rev-parse --show-toplevel [33ms]
2022-11-18 14:52:33.216 [info] > git rev-parse --show-toplevel [8ms]
2022-11-18 14:52:33.255 [info] > git rev-parse --show-toplevel [8ms]
2022-11-18 14:52:33.280 [info] > git rev-parse --show-toplevel [4ms]
2022-11-18 14:52:33.298 [info] > git rev-parse --git-dir --git-common-dir [6ms]
2022-11-18 14:52:33.327 [info] Log level: Info
2022-11-18 14:52:33.327 [info] Open repository: /home/student/my-repository
2022-11-18 14:52:33.508 [info] > git status -z -uall [67ms]
2022-11-18 14:52:33.509 [info] > git remote --verbose [85ms]
2022-11-18 14:52:33.510 [info] > git for-each-ref --sort -committerdate --format %(refname) %(objectname) %(*objectname) [115ms]
2022-11-18 14:52:33.543 [info] > git config --get commit.template [39ms]
2022-11-18 14:52:33.544 [info] > git rev-parse --show-toplevel [85ms]
2022-11-18 14:52:33.681 [info] > git rev-parse --git-dir --git-common-dir [117ms]
2022-11-18 14:52:33.704 [info] Log level: Info
2022-11-18 14:52:33.704 [info] Open repository: /home/student/phase-0-git-basics-lab
2022-11-18 14:52:33.814 [info] > git status -z -uall [33ms]
2022-11-18 14:52:33.815 [info] > git rev-parse --show-toplevel [17ms]
2022-11-18 14:52:33.817 [info] > git remote --verbose [67ms]
2022-11-18 14:52:33.818 [info] > git for-each-ref --sort -committerdate --format %(refname) %(objectname) %(*objectname) [92ms]
2022-11-18 14:52:33.818 [info] > git for-each-ref --format=%(refname)%00%(upstream:short)%00%(objectname)%00%(upstream:track)%00%(upstream:remotename)%00%(upstream:remoteref) refs/heads/master refs/remotes/master [139ms]
2022-11-18 14:52:33.829 [info] > git config --get commit.template [17ms]
2022-11-18 14:52:33.842 [info] > git for-each-ref --format=%(refname)%00%(upstream:short)%00%(objectname)%00%(upstream:track)%00%(upstream:remotename)%00%(upstream:remoteref) refs/heads/master refs/remotes/master [3ms]
2022-11-18 14:54:22.287 [info] > git check-ignore -v -z --stdin [86ms]
2022-11-18 14:54:22.294 [info] > git show --textconv :Development/index.html [34ms]
2022-11-18 14:54:22.316 [info] > git ls-files --stage -- /home/student/Development/index.html [27ms]
2022-11-18 15:00:19.607 [info] > git show --textconv :Development/phase0/phase-0-html-issue-bot-9000-lab/bot9000.html [22ms]
2022-11-18 15:00:19.623 [info] > git ls-files --stage -- /home/student/Development/phase0/phase-0-html-issue-bot-9000-lab/bot9000.html [27ms]
2022-11-18 15:00:19.813 [info] > git check-ignore -v -z --stdin [14ms]
2022-11-18 15:01:59.326 [info] > git show --textconv :Development/index.html [12ms]
2022-11-18 15:01:59.332 [info] > git ls-files --stage -- /home/student/Development/index.html [9ms]
2022-11-18 15:24:14.528 [info] > git show --textconv :Downloads/phase-0-html-album-cover-lab-master/index.html [12ms]
2022-11-18 15:24:14.537 [info] > git ls-files --stage -- /home/student/Downloads/phase-0-html-album-cover-lab-master/index.html [11ms]
2022-11-18 15:24:14.779 [info] > git check-ignore -v -z --stdin [16ms]
2022-11-18 16:09:16.479 [info] > git show --textconv :Development/index.html [12ms]
2022-11-18 16:09:16.488 [info] > git ls-files --stage -- /home/student/Development/index.html [11ms]
2022-11-18 16:09:42.829 [info] > git show --textconv :Downloads/phase-0-html-album-cover-lab-master/index.html [14ms]
2022-11-18 16:09:42.835 [info] > git ls-files --stage -- /home/student/Downloads/phase-0-html-album-cover-lab-master/index.html [9ms]
2022-11-18 16:09:46.039 [info] > git show --textconv :Development/index.html [10ms]
2022-11-18 16:09:46.047 [info] > git ls-files --stage -- /home/student/Development/index.html [10ms]
2022-11-18 16:09:55.932 [info] > git show --textconv :Downloads/phase-0-html-album-cover-lab-master/index.html [12ms]
2022-11-18 16:09:55.938 [info] > git ls-files --stage -- /home/student/Downloads/phase-0-html-album-cover-lab-master/index.html [9ms]
2022-11-18 16:10:00.396 [info] > git show --textconv :Development/index.html [10ms]
2022-11-18 16:10:00.404 [info] > git ls-files --stage -- /home/student/Development/index.html [10ms]
2022-11-18 16:10:13.090 [info] > git show --textconv :Downloads/phase-0-html-album-cover-lab-master/index.html [17ms]
2022-11-18 16:10:13.100 [info] > git ls-files --stage -- /home/student/Downloads/phase-0-html-album-cover-lab-master/index.html [15ms]
2022-11-18 18:18:28.887 [info] > git show --textconv :Development/index.html [11ms]
2022-11-18 18:18:28.895 [info] > git ls-files --stage -- /home/student/Development/index.html [9ms]
2022-11-18 18:18:45.582 [info] > git show --textconv :Downloads/phase-0-html-album-cover-lab-master/index.html [14ms]
2022-11-18 18:18:45.589 [info] > git ls-files --stage -- /home/student/Downloads/phase-0-html-album-cover-lab-master/index.html [10ms]
2022-11-18 18:18:52.270 [info] > git show --textconv :Development/index.html [11ms]
2022-11-18 18:18:52.279 [info] > git ls-files --stage -- /home/student/Development/index.html [11ms]
2022-11-18 18:19:01.313 [info] > git show --textconv :Downloads/phase-0-html-album-cover-lab-master/index.html [13ms]
2022-11-18 18:19:01.322 [info] > git ls-files --stage -- /home/student/Downloads/phase-0-html-album-cover-lab-master/index.html [10ms]
2022-11-18 18:19:03.977 [info] > git show --textconv :Development/index.html [11ms]
2022-11-18 18:19:03.986 [info] > git ls-files --stage -- /home/student/Development/index.html [12ms]
2022-11-18 18:19:12.500 [info] > git show --textconv :Downloads/phase-0-html-album-cover-lab-master/index.html [10ms]
2022-11-18 18:19:12.509 [info] > git ls-files --stage -- /home/student/Downloads/phase-0-html-album-cover-lab-master/index.html [11ms]
2022-11-18 18:22:06.364 [info] > git check-ignore -v -z --stdin [18ms]
2022-11-18 18:22:08.092 [info] > git show --textconv :Development/index.html [12ms]
2022-11-18 18:22:08.099 [info] > git ls-files --stage -- /home/student/Development/index.html [9ms]
2022-11-18 18:22:14.533 [info] > git show --textconv :Downloads/phase-0-html-album-cover-lab-master/index.html [11ms]
2022-11-18 18:22:14.543 [info] > git ls-files --stage -- /home/student/Downloads/phase-0-html-album-cover-lab-master/index.html [10ms]
2022-11-19 21:47:04.028 [info] > git show --textconv :Development/index.html [12ms]
2022-11-19 21:47:04.037 [info] > git ls-files --stage -- /home/student/Development/index.html [10ms]
2022-11-19 21:47:22.515 [info] > git show --textconv :Downloads/phase-0-html-album-cover-lab-master/index.html [12ms]
2022-11-19 21:47:22.523 [info] > git ls-files --stage -- /home/student/Downloads/phase-0-html-album-cover-lab-master/index.html [8ms]
2022-11-19 21:56:53.877 [info] > git show --textconv :Development/index.html [10ms]
2022-11-19 21:56:53.885 [info] > git ls-files --stage -- /home/student/Development/index.html [10ms]
2022-11-19 21:58:00.591 [info] > git show --textconv :Downloads/phase-0-html-album-cover-lab-master/index.html [8ms]
2022-11-19 21:58:00.600 [info] > git ls-files --stage -- /home/student/Downloads/phase-0-html-album-cover-lab-master/index.html [10ms]
2022-11-19 22:03:06.727 [info] > git show --textconv :Development/index.html [11ms]
2022-11-19 22:03:06.736 [info] > git ls-files --stage -- /home/student/Development/index.html [11ms]
2022-11-19 22:03:19.925 [info] > git show --textconv :Downloads/phase-0-html-album-cover-lab-master/index.html [14ms]
2022-11-19 22:03:19.931 [info] > git ls-files --stage -- /home/student/Downloads/phase-0-html-album-cover-lab-master/index.html [11ms]
2022-11-19 22:11:38.881 [info] > git show --textconv :Development/index.html [12ms]
2022-11-19 22:11:38.889 [info] > git ls-files --stage -- /home/student/Development/index.html [10ms]
2022-11-19 22:11:49.178 [info] > git show --textconv :Downloads/phase-0-html-album-cover-lab-master/index.html [12ms]
2022-11-19 22:11:49.185 [info] > git ls-files --stage -- /home/student/Downloads/phase-0-html-album-cover-lab-master/index.html [9ms]
2022-11-19 22:11:51.749 [info] > git show --textconv :Development/index.html [13ms]
2022-11-19 22:11:51.758 [info] > git ls-files --stage -- /home/student/Development/index.html [10ms]
2022-11-19 22:12:06.338 [info] > git show --textconv :Downloads/phase-0-html-album-cover-lab-master/index.html [13ms]
2022-11-19 22:12:06.345 [info] > git ls-files --stage -- /home/student/Downloads/phase-0-html-album-cover-lab-master/index.html [11ms]
2022-11-19 22:13:43.344 [info] > git show --textconv :my_list.html [17ms]
2022-11-19 22:13:43.355 [info] > git ls-files --stage -- /home/student/my_list.html [17ms]
2022-11-19 22:13:43.365 [info] > git cat-file -s c2bc214f7c9cae9bd3e1cf0c177dd18d973dbc0f [1ms]
2022-11-19 22:13:43.639 [info] > git check-ignore -v -z --stdin [12ms]
2022-11-19 22:14:03.861 [info] > git show --textconv :Downloads/phase-0-html-album-cover-lab-master/index.html [12ms]
2022-11-19 22:14:03.870 [info] > git ls-files --stage -- /home/student/Downloads/phase-0-html-album-cover-lab-master/index.html [9ms]
2022-11-19 22:14:44.893 [info] > git show --textconv :index4.html [13ms]
2022-11-19 22:14:44.904 [info] > git ls-files --stage -- /home/student/index4.html [15ms]
2022-11-19 22:14:44.918 [info] > git cat-file -s f7be3a3f5db1b49eef024f1170464aefc10f4e25 [2ms]
2022-11-19 22:14:45.198 [info] > git check-ignore -v -z --stdin [14ms]
2022-11-19 22:14:53.197 [info] > git show --textconv :Downloads/phase-0-html-album-cover-lab-master/index.html [10ms]
2022-11-19 22:14:53.206 [info] > git ls-files --stage -- /home/student/Downloads/phase-0-html-album-cover-lab-master/index.html [9ms]
2022-11-19 22:15:35.067 [info] > git show --textconv :game.html [15ms]
2022-11-19 22:15:35.079 [info] > git ls-files --stage -- /home/student/game.html [14ms]
2022-11-19 22:15:35.090 [info] > git cat-file -s b1281053066dafeb1a28cf44184a0a2b2d20f045 [2ms]
2022-11-19 22:15:35.301 [info] > git check-ignore -v -z --stdin [11ms]
2022-11-19 22:16:08.370 [info] > git show --textconv :Downloads/phase-0-html-album-cover-lab-master/index.html [12ms]
2022-11-19 22:16:08.379 [info] > git ls-files --stage -- /home/student/Downloads/phase-0-html-album-cover-lab-master/index.html [10ms]
2022-11-19 22:18:07.820 [info] > git show --textconv :Development/phase0/phase-0-html-images-lab/index.html [14ms]
2022-11-19 22:18:07.838 [info] > git ls-files --stage -- /home/student/Development/phase0/phase-0-html-images-lab/index.html [18ms]
2022-11-19 22:18:08.086 [info] > git check-ignore -v -z --stdin [13ms]
2022-11-19 22:18:25.183 [info] > git show --textconv :Downloads/phase-0-html-album-cover-lab-master/index.html [11ms]
2022-11-19 22:18:25.191 [info] > git ls-files --stage -- /home/student/Downloads/phase-0-html-album-cover-lab-master/index.html [8ms]
2022-11-19 22:18:44.896 [info] > git show --textconv :Development/phase0/phase-0-html-issue-bot-9000-lab/index.html [13ms]
2022-11-19 22:18:44.907 [info] > git ls-files --stage -- /home/student/Development/phase0/phase-0-html-issue-bot-9000-lab/index.html [11ms]
2022-11-19 22:18:45.166 [info] > git check-ignore -v -z --stdin [10ms]
2022-11-19 22:19:25.694 [info] > git show --textconv :Downloads/phase-0-html-album-cover-lab-master/index.html [16ms]
2022-11-19 22:19:25.701 [info] > git ls-files --stage -- /home/student/Downloads/phase-0-html-album-cover-lab-master/index.html [10ms]
2022-11-19 22:20:56.893 [info] > git show --textconv :Development/phase0/phase-0-html-issue-bot-9000-lab/bot9000.html [11ms]
2022-11-19 22:20:56.905 [info] > git ls-files --stage -- /home/student/Development/phase0/phase-0-html-issue-bot-9000-lab/bot9000.html [12ms]
2022-11-19 22:21:40.528 [info] > git show --textconv :Downloads/phase-0-html-album-cover-lab-master/index.html [11ms]
2022-11-19 22:21:40.536 [info] > git ls-files --stage -- /home/student/Downloads/phase-0-html-album-cover-lab-master/index.html [9ms]
2022-11-19 22:22:20.804 [info] > git show --textconv :Development/phase0/phase-0-html-tables-lab/index. html 1 [21ms]
2022-11-19 22:22:20.818 [info] > git ls-files --stage -- /home/student/Development/phase0/phase-0-html-tables-lab/index. html 1 [14ms]
2022-11-19 22:22:21.089 [info] > git check-ignore -v -z --stdin [11ms]
2022-11-19 22:22:36.805 [info] > git show --textconv :Downloads/phase-0-html-album-cover-lab-master/index.html [10ms]
2022-11-19 22:22:36.814 [info] > git ls-files --stage -- /home/student/Downloads/phase-0-html-album-cover-lab-master/index.html [9ms]
2022-11-19 22:23:18.113 [info] > git show --textconv :Development/index.html [12ms]
2022-11-19 22:23:18.123 [info] > git ls-files --stage -- /home/student/Development/index.html [10ms]
2022-11-19 22:23:39.937 [info] > git show --textconv :Downloads/phase-0-html-album-cover-lab-master/index.html [8ms]
2022-11-19 22:23:39.944 [info] > git ls-files --stage -- /home/student/Downloads/phase-0-html-album-cover-lab-master/index.html [8ms]
