0 verbose cli /home/student/.nvm/versions/node/v19.1.0/bin/node /home/student/.nvm/versions/node/v19.1.0/bin/npm
1 info using npm@8.19.3
2 info using node@v19.1.0
3 timing npm:load:whichnode Completed in 1ms
4 timing config:load:defaults Completed in 2ms
5 timing config:load:file:/home/student/.nvm/versions/node/v19.1.0/lib/node_modules/npm/npmrc Completed in 1ms
6 timing config:load:builtin Completed in 1ms
7 timing config:load:cli Completed in 1ms
8 timing config:load:env Completed in 1ms
9 timing config:load:file:/home/student/Development/phase0/phase-0-html-images-lab/.npmrc Completed in 0ms
10 timing config:load:project Completed in 12ms
11 timing config:load:file:/home/student/.npmrc Completed in 0ms
12 timing config:load:user Completed in 1ms
13 timing config:load:file:/home/student/.nvm/versions/node/v19.1.0/etc/npmrc Completed in 0ms
14 timing config:load:global Completed in 0ms
15 timing config:load:validate Completed in 0ms
16 timing config:load:credentials Completed in 1ms
17 timing config:load:setEnvs Completed in 1ms
18 timing config:load Completed in 20ms
19 timing npm:load:configload Completed in 20ms
20 timing npm:load:mkdirpcache Completed in 1ms
21 timing npm:load:mkdirplogs Completed in 0ms
22 verbose title npm install
23 verbose argv "install"
24 timing npm:load:setTitle Completed in 1ms
25 timing config:load:flatten Completed in 3ms
26 timing npm:load:display Completed in 5ms
27 verbose logfile logs-max:10 dir:/home/student/.npm/_logs
28 verbose logfile /home/student/.npm/_logs/2022-11-17T12_31_52_822Z-debug-0.log
29 timing npm:load:logFile Completed in 6ms
30 timing npm:load:timers Completed in 1ms
31 timing npm:load:configScope Completed in 0ms
32 timing npm:load Completed in 36ms
33 timing arborist:ctor Completed in 1ms
34 silly logfile start cleaning logs, removing 1 files
35 silly logfile done cleaning log files
36 timing idealTree:init Completed in 134ms
37 timing idealTree:userRequests Completed in 0ms
38 silly idealTree buildDeps
39 timing idealTree:#root Completed in 0ms
40 timing idealTree:buildDeps Completed in 1ms
41 timing idealTree:fixDepFlags Completed in 0ms
42 timing idealTree Completed in 141ms
43 timing reify:loadTrees Completed in 147ms
44 timing reify:diffTrees Completed in 5ms
45 silly reify moves {}
46 timing reify:retireShallow Completed in 2ms
47 timing reify:createSparse Completed in 32ms
48 timing reify:loadBundles Completed in 0ms
49 silly audit bulk request {
49 silly audit   '@tootallnate/once': [ '2.0.0' ],
49 silly audit   '@ungap/promise-all-settled': [ '1.1.2' ],
49 silly audit   abab: [ '2.0.5' ],
49 silly audit   acorn: [ '8.5.0', '7.4.1' ],
49 silly audit   'acorn-globals': [ '6.0.0' ],
49 silly audit   'acorn-walk': [ '7.2.0' ],
49 silly audit   'agent-base': [ '6.0.2' ],
49 silly audit   'ansi-colors': [ '4.1.1' ],
49 silly audit   'ansi-regex': [ '5.0.1' ],
49 silly audit   'ansi-styles': [ '4.3.0' ],
49 silly audit   anymatch: [ '3.1.2' ],
49 silly audit   argparse: [ '2.0.1' ],
49 silly audit   'assertion-error': [ '1.1.0' ],
49 silly audit   asynckit: [ '0.4.0' ],
49 silly audit   'balanced-match': [ '1.0.2' ],
49 silly audit   'binary-extensions': [ '2.2.0' ],
49 silly audit   'brace-expansion': [ '1.1.11' ],
49 silly audit   braces: [ '3.0.2' ],
49 silly audit   'browser-process-hrtime': [ '1.0.0' ],
49 silly audit   'browser-stdout': [ '1.3.1' ],
49 silly audit   camelcase: [ '6.2.1' ],
49 silly audit   chai: [ '4.3.4' ],
49 silly audit   'chai-dom': [ '1.10.0' ],
49 silly audit   chalk: [ '4.1.2' ],
49 silly audit   'supports-color': [ '7.2.0', '8.1.1' ],
49 silly audit   'check-error': [ '1.0.2' ],
49 silly audit   chokidar: [ '3.5.2' ],
49 silly audit   cliui: [ '7.0.4' ],
49 silly audit   'color-convert': [ '2.0.1' ],
49 silly audit   'color-name': [ '1.1.4' ],
49 silly audit   'combined-stream': [ '1.0.8' ],
49 silly audit   'concat-map': [ '0.0.1' ],
49 silly audit   cssom: [ '0.5.0', '0.3.8' ],
49 silly audit   cssstyle: [ '2.3.0' ],
49 silly audit   'data-urls': [ '3.0.1' ],
49 silly audit   debug: [ '4.3.2' ],
49 silly audit   decamelize: [ '4.0.0' ],
49 silly audit   'decimal.js': [ '10.3.1' ],
49 silly audit   'deep-eql': [ '3.0.1' ],
49 silly audit   'deep-is': [ '0.1.4' ],
49 silly audit   'delayed-stream': [ '1.0.0' ],
49 silly audit   diff: [ '5.0.0' ],
49 silly audit   domexception: [ '4.0.0' ],
49 silly audit   'emoji-regex': [ '8.0.0' ],
49 silly audit   escalade: [ '3.1.1' ],
49 silly audit   'escape-string-regexp': [ '4.0.0' ],
49 silly audit   escodegen: [ '2.0.0' ],
49 silly audit   esprima: [ '4.0.1' ],
49 silly audit   estraverse: [ '5.3.0' ],
49 silly audit   esutils: [ '2.0.3' ],
49 silly audit   'fast-levenshtein': [ '2.0.6' ],
49 silly audit   'fill-range': [ '7.0.1' ],
49 silly audit   'find-up': [ '5.0.0' ],
49 silly audit   flat: [ '5.0.2' ],
49 silly audit   'form-data': [ '4.0.0' ],
49 silly audit   'fs.realpath': [ '1.0.0' ],
49 silly audit   fsevents: [ '2.3.2' ],
49 silly audit   'get-caller-file': [ '2.0.5' ],
49 silly audit   'get-func-name': [ '2.0.0' ],
49 silly audit   glob: [ '7.1.7' ],
49 silly audit   'glob-parent': [ '5.1.2' ],
49 silly audit   'global-jsdom': [ '8.3.0' ],
49 silly audit   growl: [ '1.10.5' ],
49 silly audit   'has-flag': [ '4.0.0' ],
49 silly audit   'has-symbols': [ '1.0.2' ],
49 silly audit   'has-tostringtag': [ '1.0.0' ],
49 silly audit   he: [ '1.2.0' ],
49 silly audit   'html-encoding-sniffer': [ '3.0.0' ],
49 silly audit   'http-proxy-agent': [ '5.0.0' ],
49 silly audit   'https-proxy-agent': [ '5.0.0' ],
49 silly audit   'iconv-lite': [ '0.6.3' ],
49 silly audit   inflight: [ '1.0.6' ],
49 silly audit   inherits: [ '2.0.4' ],
49 silly audit   'is-binary-path': [ '2.1.0' ],
49 silly audit   'is-extglob': [ '2.1.1' ],
49 silly audit   'is-fullwidth-code-point': [ '3.0.0' ],
49 silly audit   'is-glob': [ '4.0.3' ],
49 silly audit   'is-number': [ '7.0.0' ],
49 silly audit   'is-plain-obj': [ '2.1.0' ],
49 silly audit   'is-potential-custom-element-name': [ '1.0.1' ],
49 silly audit   'is-string': [ '1.0.7' ],
49 silly audit   'is-unicode-supported': [ '0.1.0' ],
49 silly audit   isexe: [ '2.0.0' ],
49 silly audit   'js-yaml': [ '4.1.0' ],
49 silly audit   jsdom: [ '18.1.0' ],
49 silly audit   levn: [ '0.3.0' ],
49 silly audit   'locate-path': [ '6.0.0' ],
49 silly audit   'lodash.once': [ '4.1.1' ],
49 silly audit   'log-symbols': [ '4.1.0' ],
49 silly audit   'mime-db': [ '1.51.0' ],
49 silly audit   'mime-types': [ '2.1.34' ],
49 silly audit   minimatch: [ '3.0.4' ],
49 silly audit   minimist: [ '1.2.5' ],
49 silly audit   mkdirp: [ '0.5.5' ],
49 silly audit   mocha: [ '9.1.3' ],
49 silly audit   'mocha-multi': [ '1.1.5' ],
49 silly audit   ms: [ '2.1.3', '2.1.2' ],
49 silly audit   nanoid: [ '3.1.25' ],
49 silly audit   'normalize-path': [ '3.0.0' ],
49 silly audit   nwsapi: [ '2.2.0' ],
49 silly audit   'object-assign': [ '4.1.1' ],
49 silly audit   once: [ '1.4.0' ],
49 silly audit   optionator: [ '0.8.3' ],
49 silly audit   'p-limit': [ '3.1.0' ],
49 silly audit   'p-locate': [ '5.0.0' ],
49 silly audit   parse5: [ '6.0.1' ],
49 silly audit   'path-exists': [ '4.0.0' ],
49 silly audit   'path-is-absolute': [ '1.0.1' ],
49 silly audit   pathval: [ '1.1.1' ],
49 silly audit   picomatch: [ '2.3.0' ],
49 silly audit   'prelude-ls': [ '1.1.2' ],
49 silly audit   psl: [ '1.8.0' ],
49 silly audit   punycode: [ '2.1.1' ],
49 silly audit   randombytes: [ '2.1.0' ],
49 silly audit   readdirp: [ '3.6.0' ],
49 silly audit   'require-directory': [ '2.1.1' ],
49 silly audit   'safe-buffer': [ '5.2.1' ],
49 silly audit   'safer-buffer': [ '2.1.2' ],
49 silly audit   saxes: [ '5.0.1' ],
49 silly audit   'serialize-javascript': [ '6.0.0' ],
49 silly audit   'source-map': [ '0.6.1' ],
49 silly audit   'string-width': [ '4.2.3' ],
49 silly audit   'strip-ansi': [ '6.0.1' ],
49 silly audit   'strip-json-comments': [ '3.1.1' ],
49 silly audit   'symbol-tree': [ '3.2.4' ],
49 silly audit   'to-regex-range': [ '5.0.1' ],
49 silly audit   'tough-cookie': [ '4.0.0' ],
49 silly audit   tr46: [ '3.0.0' ],
49 silly audit   'type-check': [ '0.3.2' ],
49 silly audit   'type-detect': [ '4.0.8' ],
49 silly audit   universalify: [ '0.1.2' ],
49 silly audit   'w3c-hr-time': [ '1.0.2' ],
49 silly audit   'w3c-xmlserializer': [ '3.0.0' ],
49 silly audit   'webidl-conversions': [ '7.0.0' ],
49 silly audit   'whatwg-encoding': [ '2.0.0' ],
49 silly audit   'whatwg-mimetype': [ '3.0.0' ],
49 silly audit   'whatwg-url': [ '10.0.0' ],
49 silly audit   which: [ '2.0.2' ],
49 silly audit   'word-wrap': [ '1.2.3' ],
49 silly audit   workerpool: [ '6.1.5' ],
49 silly audit   'wrap-ansi': [ '7.0.0' ],
49 silly audit   wrappy: [ '1.0.2' ],
49 silly audit   ws: [ '8.2.3' ],
49 silly audit   'xml-name-validator': [ '4.0.0' ],
49 silly audit   xmlchars: [ '2.2.0' ],
49 silly audit   y18n: [ '5.0.8' ],
49 silly audit   yargs: [ '16.2.0' ],
49 silly audit   'yargs-parser': [ '20.2.4' ],
49 silly audit   'yargs-unparser': [ '2.0.0' ],
49 silly audit   'yocto-queue': [ '0.1.0' ]
49 silly audit }
50 verbose reify failed optional dependency /home/student/Development/phase0/phase-0-html-images-lab/node_modules/fsevents
51 silly reify mark deleted [
51 silly reify   '/home/student/Development/phase0/phase-0-html-images-lab/node_modules/fsevents'
51 silly reify ]
52 timing reifyNode:node_modules/fsevents Completed in 95ms
53 silly tarball no local data for minimist@https://registry.npmjs.org/minimist/-/minimist-1.2.5.tgz. Extracting by manifest.
54 timing reifyNode:node_modules/wrappy Completed in 645ms
55 timing reifyNode:node_modules/wrap-ansi Completed in 646ms
56 timing reifyNode:node_modules/universalify Completed in 646ms
57 timing reifyNode:node_modules/path-is-absolute Completed in 647ms
58 timing reifyNode:node_modules/once Completed in 647ms
59 timing reifyNode:node_modules/object-assign Completed in 647ms
60 timing reifyNode:node_modules/normalize-path Completed in 647ms
61 timing reifyNode:node_modules/ms Completed in 648ms
62 timing reifyNode:node_modules/lodash.once Completed in 647ms
63 timing reifyNode:node_modules/is-potential-custom-element-name Completed in 648ms
64 timing reifyNode:node_modules/is-number Completed in 648ms
65 timing reifyNode:node_modules/is-extglob Completed in 649ms
66 timing reifyNode:node_modules/inflight Completed in 648ms
67 timing reifyNode:node_modules/fast-levenshtein Completed in 649ms
68 timing reifyNode:node_modules/color-name Completed in 650ms
69 timing reifyNode:node_modules/browser-stdout Completed in 649ms
70 timing reifyNode:node_modules/brace-expansion Completed in 649ms
71 timing reifyNode:node_modules/acorn-globals Completed in 649ms
72 timing reifyNode:node_modules/yocto-queue Completed in 662ms
73 timing reifyNode:node_modules/xml-name-validator Completed in 662ms
74 timing reifyNode:node_modules/word-wrap Completed in 662ms
75 timing reifyNode:node_modules/to-regex-range Completed in 663ms
76 timing reifyNode:node_modules/supports-color Completed in 664ms
77 timing reifyNode:node_modules/strip-json-comments Completed in 664ms
78 timing reifyNode:node_modules/strip-ansi Completed in 664ms
79 timing reifyNode:node_modules/string-width Completed in 664ms
80 timing reifyNode:node_modules/serialize-javascript Completed in 664ms
81 timing reifyNode:node_modules/mocha/node_modules/ms Completed in 663ms
82 timing reifyNode:node_modules/path-exists Completed in 665ms
83 timing reifyNode:node_modules/p-locate Completed in 665ms
84 timing reifyNode:node_modules/locate-path Completed in 664ms
85 timing reifyNode:node_modules/is-unicode-supported Completed in 665ms
86 timing reifyNode:node_modules/is-plain-obj Completed in 666ms
87 timing reifyNode:node_modules/is-fullwidth-code-point Completed in 666ms
88 timing reifyNode:node_modules/is-binary-path Completed in 666ms
89 timing reifyNode:node_modules/is-glob Completed in 666ms
90 timing reifyNode:node_modules/inherits Completed in 666ms
91 timing reifyNode:node_modules/html-encoding-sniffer Completed in 666ms
92 timing reifyNode:node_modules/p-limit Completed in 669ms
93 timing reifyNode:node_modules/has-flag Completed in 666ms
94 timing reifyNode:node_modules/glob-parent Completed in 667ms
95 timing reifyNode:node_modules/get-func-name Completed in 666ms
96 timing reifyNode:node_modules/fill-range Completed in 666ms
97 timing reifyNode:node_modules/escape-string-regexp Completed in 667ms
98 timing reifyNode:node_modules/decamelize Completed in 667ms
99 timing reifyNode:node_modules/find-up Completed in 668ms
100 timing reifyNode:node_modules/camelcase Completed in 666ms
101 timing reifyNode:node_modules/browser-process-hrtime Completed in 666ms
102 timing reifyNode:node_modules/anymatch Completed in 666ms
103 timing reifyNode:node_modules/ansi-regex Completed in 666ms
104 timing reifyNode:node_modules/chalk/node_modules/supports-color Completed in 669ms
105 timing reifyNode:node_modules/yargs-unparser Completed in 679ms
106 timing reifyNode:node_modules/assertion-error Completed in 668ms
107 timing reifyNode:node_modules/pathval Completed in 679ms
108 timing reifyNode:node_modules/minimatch Completed in 678ms
109 timing reifyNode:node_modules/get-caller-file Completed in 677ms
110 timing reifyNode:node_modules/log-symbols Completed in 680ms
111 timing reifyNode:node_modules/fs.realpath Completed in 678ms
112 timing reifyNode:node_modules/data-urls Completed in 678ms
113 timing reifyNode:node_modules/combined-stream Completed in 679ms
114 timing reifyNode:node_modules/balanced-match Completed in 678ms
115 timing reifyNode:node_modules/ansi-styles Completed in 678ms
116 timing reifyNode:node_modules/which Completed in 690ms
117 timing reifyNode:node_modules/webidl-conversions Completed in 690ms
118 timing reifyNode:node_modules/readdirp Completed in 690ms
119 timing reifyNode:node_modules/mkdirp Completed in 690ms
120 timing reifyNode:node_modules/mime-types Completed in 690ms
121 timing reifyNode:node_modules/delayed-stream Completed in 689ms
122 timing reifyNode:node_modules/check-error Completed in 689ms
123 timing reifyNode:node_modules/binary-extensions Completed in 690ms
124 timing reifyNode:node_modules/whatwg-encoding Completed in 701ms
125 timing reifyNode:node_modules/type-detect Completed in 701ms
126 timing reifyNode:node_modules/safe-buffer Completed in 700ms
127 timing reifyNode:node_modules/randombytes Completed in 701ms
128 timing reifyNode:node_modules/punycode Completed in 701ms
129 timing reifyNode:node_modules/require-directory Completed in 702ms
130 timing reifyNode:node_modules/w3c-xmlserializer Completed in 709ms
131 timing reifyNode:node_modules/type-check Completed in 708ms
132 timing reifyNode:node_modules/http-proxy-agent Completed in 707ms
133 timing reifyNode:node_modules/deep-eql Completed in 706ms
134 timing reifyNode:node_modules/debug Completed in 707ms
135 timing reifyNode:node_modules/concat-map Completed in 707ms
136 timing reifyNode:node_modules/color-convert Completed in 708ms
137 timing reifyNode:node_modules/ansi-colors Completed in 706ms
138 timing reifyNode:node_modules/abab Completed in 707ms
139 timing reifyNode:node_modules/safer-buffer Completed in 718ms
140 timing reifyNode:node_modules/isexe Completed in 718ms
141 timing reifyNode:node_modules/flat Completed in 717ms
142 timing reifyNode:node_modules/estraverse Completed in 719ms
143 timing reifyNode:node_modules/@ungap/promise-all-settled Completed in 716ms
144 timing reifyNode:node_modules/whatwg-mimetype Completed in 728ms
145 timing reifyNode:node_modules/escalade Completed in 728ms
146 timing reifyNode:node_modules/deep-is Completed in 727ms
147 timing reifyNode:node_modules/chalk Completed in 729ms
148 timing reifyNode:node_modules/symbol-tree Completed in 739ms
149 timing reifyNode:node_modules/optionator Completed in 738ms
150 timing reifyNode:node_modules/glob Completed in 736ms
151 timing reifyNode:node_modules/global-jsdom Completed in 737ms
152 timing reifyNode:node_modules/form-data Completed in 737ms
153 timing reifyNode:node_modules/emoji-regex Completed in 736ms
154 timing reifyNode:node_modules/w3c-hr-time Completed in 751ms
155 timing reifyNode:node_modules/mocha-multi Completed in 750ms
156 timing reifyNode:node_modules/levn Completed in 749ms
157 timing reifyNode:node_modules/escodegen Completed in 748ms
158 timing reifyNode:node_modules/@tootallnate/once Completed in 745ms
159 timing reifyNode:node_modules/y18n Completed in 757ms
160 timing reifyNode:node_modules/saxes Completed in 758ms
161 timing reifyNode:node_modules/is-string Completed in 757ms
162 timing reifyNode:node_modules/esutils Completed in 755ms
163 timing reifyNode:node_modules/domexception Completed in 755ms
164 timing reifyNode:node_modules/cliui Completed in 755ms
165 timing reifyNode:node_modules/prelude-ls Completed in 762ms
166 timing reifyNode:node_modules/https-proxy-agent Completed in 763ms
167 timing reifyNode:node_modules/he Completed in 763ms
168 timing reifyNode:node_modules/growl Completed in 764ms
169 timing reifyNode:node_modules/braces Completed in 760ms
170 timing reifyNode:node_modules/nwsapi Completed in 769ms
171 timing reifyNode:node_modules/has-tostringtag Completed in 768ms
172 timing reifyNode:node_modules/agent-base Completed in 764ms
173 timing reifyNode:node_modules/picomatch Completed in 774ms
174 timing reifyNode:node_modules/chokidar Completed in 769ms
175 timing reifyNode:node_modules/chai-dom Completed in 769ms
176 timing reifyNode:node_modules/argparse Completed in 768ms
177 timing reifyNode:node_modules/yargs-parser Completed in 780ms
178 timing reifyNode:node_modules/tough-cookie Completed in 779ms
179 timing reifyNode:node_modules/has-symbols Completed in 776ms
180 timing reifyNode:node_modules/mime-db Completed in 780ms
181 timing reifyNode:node_modules/acorn-walk Completed in 775ms
182 timing reifyNode:node_modules/asynckit Completed in 777ms
183 timing reifyNode:node_modules/tr46 Completed in 787ms
184 timing reifyNode:node_modules/decimal.js Completed in 784ms
185 timing reifyNode:node_modules/whatwg-url Completed in 795ms
186 timing reifyNode:node_modules/esprima Completed in 794ms
187 timing reifyNode:node_modules/cssstyle/node_modules/cssom Completed in 798ms
188 timing reifyNode:node_modules/xmlchars Completed in 806ms
189 timing reifyNode:node_modules/ws Completed in 808ms
190 timing reifyNode:node_modules/cssom Completed in 803ms
191 timing reifyNode:node_modules/psl Completed in 811ms
192 timing reifyNode:node_modules/nanoid Completed in 811ms
193 timing reifyNode:node_modules/acorn Completed in 812ms
194 timing reifyNode:node_modules/workerpool Completed in 832ms
195 timing reifyNode:node_modules/js-yaml Completed in 854ms
196 timing reifyNode:node_modules/diff Completed in 851ms
197 timing reifyNode:node_modules/iconv-lite Completed in 856ms
198 timing reifyNode:node_modules/parse5 Completed in 863ms
199 timing reifyNode:node_modules/source-map Completed in 864ms
200 timing reifyNode:node_modules/yargs Completed in 877ms
201 timing reifyNode:node_modules/acorn-globals/node_modules/acorn Completed in 867ms
202 timing reifyNode:node_modules/cssstyle Completed in 889ms
203 timing reifyNode:node_modules/chai Completed in 889ms
204 timing reifyNode:node_modules/mocha Completed in 954ms
205 timing reifyNode:node_modules/jsdom Completed in 1036ms
206 http fetch GET 200 https://registry.npmjs.org/minimist/-/minimist-1.2.5.tgz 2998ms (cache miss)
207 timing reifyNode:node_modules/minimist Completed in 3159ms
208 timing reify:unpack Completed in 3163ms
209 timing reify:unretire Completed in 0ms
210 timing build:queue Completed in 5ms
211 timing build:link:node_modules/acorn Completed in 7ms
212 timing build:link:node_modules/esprima Completed in 6ms
213 timing build:link:node_modules/acorn-globals/node_modules/acorn Completed in 5ms
214 timing build:link:node_modules/escodegen Completed in 6ms
215 timing build:link:node_modules/he Completed in 5ms
216 timing build:link:node_modules/js-yaml Completed in 5ms
217 timing build:link:node_modules/mocha Completed in 5ms
218 timing build:link:node_modules/nanoid Completed in 5ms
219 timing build:link:node_modules/which Completed in 5ms
220 timing build:link:node_modules/mkdirp Completed in 5ms
221 timing build:link:node_modules/flat Completed in 7ms
222 timing build:link Completed in 8ms
223 timing build:deps Completed in 13ms
224 timing build Completed in 13ms
225 timing reify:build Completed in 14ms
226 timing reify:trash Completed in 2ms
227 timing reify:save Completed in 49ms
228 http fetch POST 200 https://registry.npmjs.org/-/npm/v1/security/advisories/bulk 3982ms
229 timing auditReport:getReport Completed in 3988ms
230 silly audit report {
230 silly audit report   nanoid: [
230 silly audit report     {
230 silly audit report       id: 1081481,
230 silly audit report       url: 'https://github.com/advisories/GHSA-qrpm-p2h7-hrv2',
230 silly audit report       title: 'Exposure of Sensitive Information to an Unauthorized Actor in nanoid',
230 silly audit report       severity: 'moderate',
230 silly audit report       vulnerable_versions: '>=3.0.0 <3.1.31',
230 silly audit report       cwe: [Array],
230 silly audit report       cvss: [Object]
230 silly audit report     }
230 silly audit report   ],
230 silly audit report   minimist: [
230 silly audit report     {
230 silly audit report       id: 1067342,
230 silly audit report       url: 'https://github.com/advisories/GHSA-xvch-5gv4-984h',
230 silly audit report       title: 'Prototype Pollution in minimist',
230 silly audit report       severity: 'critical',
230 silly audit report       vulnerable_versions: '<1.2.6',
230 silly audit report       cwe: [Array],
230 silly audit report       cvss: [Object]
230 silly audit report     }
230 silly audit report   ],
230 silly audit report   minimatch: [
230 silly audit report     {
230 silly audit report       id: 1084765,
230 silly audit report       url: 'https://github.com/advisories/GHSA-f8q6-p94x-37v3',
230 silly audit report       title: 'minimatch ReDoS vulnerability',
230 silly audit report       severity: 'high',
230 silly audit report       vulnerable_versions: '<3.0.5',
230 silly audit report       cwe: [Array],
230 silly audit report       cvss: [Object]
230 silly audit report     }
230 silly audit report   ]
230 silly audit report }
231 timing metavuln:cache:get:security-advisory:nanoid:KN4wC5UuIAu2wm8TF3SHCJccg1HP5dQBogFeYX6u/MC+PpWHBnrgo98xip56CBjLyR8aMBLnKcoP0TFfCdTodQ== Completed in 15ms
232 timing metavuln:cache:get:security-advisory:minimist:nZkhUdPEpKwzIx1nekYW4B7BHQyF2nm6J0JsgeP2HfA0DRMT5hhByRU71A4RPgtBbQPYEzVBozv8/mBZCafaGw== Completed in 13ms
233 timing metavuln:cache:get:security-advisory:minimatch:+9SGwmlcalAea11K2GVsvQfjWw965zBttp7hAKanb2xCp8W9Pig14zX2S2nTcC9KSa0UHmcdnjQhUZp3zlW5IQ== Completed in 12ms
234 http fetch GET 200 https://registry.npmjs.org/nanoid 102ms (cache revalidated)
235 timing metavuln:packument:nanoid Completed in 104ms
236 timing metavuln:load:security-advisory:nanoid:1081481 Completed in 2ms
237 timing metavuln:calculate:security-advisory:nanoid:1081481 Completed in 107ms
238 http fetch GET 200 https://registry.npmjs.org/minimist 126ms (cache revalidated)
239 timing metavuln:packument:minimist Completed in 127ms
240 timing metavuln:load:security-advisory:minimist:1067342 Completed in 1ms
241 timing metavuln:calculate:security-advisory:minimist:1067342 Completed in 128ms
242 http fetch GET 200 https://registry.npmjs.org/minimatch 214ms (cache revalidated)
243 timing metavuln:packument:minimatch Completed in 215ms
244 timing metavuln:load:security-advisory:minimatch:1084765 Completed in 1ms
245 timing metavuln:calculate:security-advisory:minimatch:1084765 Completed in 217ms
246 timing metavuln:cache:get:security-advisory:mocha:WjErOFm3oys89JtOz5tP/92lEA0qM4+6FBkOWctCbYHnIU9J7Si9iD8nHqkXf15Uig2kMXY9EtLITFKrt4rSOw== Completed in 2ms
247 http fetch GET 200 https://registry.npmjs.org/mocha 86ms (cache revalidated)
248 timing metavuln:packument:mocha Completed in 91ms
249 timing metavuln:load:security-advisory:mocha:KN4wC5UuIAu2wm8TF3SHCJccg1HP5dQBogFeYX6u/MC+PpWHBnrgo98xip56CBjLyR8aMBLnKcoP0TFfCdTodQ== Completed in 1ms
250 timing metavuln:calculate:security-advisory:mocha:KN4wC5UuIAu2wm8TF3SHCJccg1HP5dQBogFeYX6u/MC+PpWHBnrgo98xip56CBjLyR8aMBLnKcoP0TFfCdTodQ== Completed in 93ms
251 timing metavuln:cache:get:security-advisory:mkdirp:CE+8U4ZPtjiJPdI/iyhBm/J/6iJ6W46YsdmRUqqyg6mDC09+mfWZqqAHYSzlnfbGA992zvUCP+SrVPVrG01dvA== Completed in 2ms
252 http fetch GET 200 https://registry.npmjs.org/mkdirp 83ms (cache revalidated)
253 timing metavuln:packument:mkdirp Completed in 85ms
254 timing metavuln:load:security-advisory:mkdirp:nZkhUdPEpKwzIx1nekYW4B7BHQyF2nm6J0JsgeP2HfA0DRMT5hhByRU71A4RPgtBbQPYEzVBozv8/mBZCafaGw== Completed in 6ms
255 timing metavuln:cache:put:security-advisory:mkdirp:CE+8U4ZPtjiJPdI/iyhBm/J/6iJ6W46YsdmRUqqyg6mDC09+mfWZqqAHYSzlnfbGA992zvUCP+SrVPVrG01dvA== Completed in 4ms
256 timing metavuln:calculate:security-advisory:mkdirp:nZkhUdPEpKwzIx1nekYW4B7BHQyF2nm6J0JsgeP2HfA0DRMT5hhByRU71A4RPgtBbQPYEzVBozv8/mBZCafaGw== Completed in 95ms
257 timing metavuln:cache:get:security-advisory:mocha:jK75FK8N2lB+gT1olRrEGbf/UZZ5e4rk4TBBx295HMYUimFDVn67Yor/pF6cQ75/SsrO1hd9sU1DUd9eJig2zQ== Completed in 2ms
258 timing metavuln:load:security-advisory:mocha:+9SGwmlcalAea11K2GVsvQfjWw965zBttp7hAKanb2xCp8W9Pig14zX2S2nTcC9KSa0UHmcdnjQhUZp3zlW5IQ== Completed in 1ms
259 timing metavuln:calculate:security-advisory:mocha:+9SGwmlcalAea11K2GVsvQfjWw965zBttp7hAKanb2xCp8W9Pig14zX2S2nTcC9KSa0UHmcdnjQhUZp3zlW5IQ== Completed in 3ms
260 timing metavuln:cache:get:security-advisory:glob:8cK6ytb/RSxrSj+1aKddYNGqgjq+ZlC9b/wTQ/E6gbkVmwZ+1VaFxwvytvtwrxOFpOwciONFMcZmlIHBTqvLUw== Completed in 4ms
261 http fetch GET 200 https://registry.npmjs.org/glob 83ms (cache revalidated)
262 timing metavuln:packument:glob Completed in 84ms
263 timing metavuln:load:security-advisory:glob:+9SGwmlcalAea11K2GVsvQfjWw965zBttp7hAKanb2xCp8W9Pig14zX2S2nTcC9KSa0UHmcdnjQhUZp3zlW5IQ== Completed in 1ms
264 timing metavuln:calculate:security-advisory:glob:+9SGwmlcalAea11K2GVsvQfjWw965zBttp7hAKanb2xCp8W9Pig14zX2S2nTcC9KSa0UHmcdnjQhUZp3zlW5IQ== Completed in 86ms
265 timing metavuln:cache:get:security-advisory:mocha-multi:HB0qJreQ8qLg2Akm3A+pceb5xgjW68jRD+OYRhkJM2gF6Sa/40L4f+5mjdjErXWt/BEjmMX4O7NUgloo8okIhg== Completed in 4ms
266 timing metavuln:cache:get:security-advisory:chai-dom:eXsLTPsm1V78iJRu/+WgRKgP6uQM4JfkAtvxdl+BhV3d/EjG+Sh+c/65AjjM6/OzWBKb3JkVrE451s65ec80Tw== Completed in 4ms
267 http fetch GET 200 https://registry.npmjs.org/chai-dom 1439ms (cache revalidated)
268 timing metavuln:packument:chai-dom Completed in 1439ms
269 timing metavuln:load:security-advisory:chai-dom:WjErOFm3oys89JtOz5tP/92lEA0qM4+6FBkOWctCbYHnIU9J7Si9iD8nHqkXf15Uig2kMXY9EtLITFKrt4rSOw== Completed in 0ms
270 timing metavuln:calculate:security-advisory:chai-dom:WjErOFm3oys89JtOz5tP/92lEA0qM4+6FBkOWctCbYHnIU9J7Si9iD8nHqkXf15Uig2kMXY9EtLITFKrt4rSOw== Completed in 1440ms
271 http fetch GET 200 https://registry.npmjs.org/mocha-multi 1442ms (cache revalidated)
272 timing metavuln:packument:mocha-multi Completed in 1443ms
273 timing metavuln:load:security-advisory:mocha-multi:WjErOFm3oys89JtOz5tP/92lEA0qM4+6FBkOWctCbYHnIU9J7Si9iD8nHqkXf15Uig2kMXY9EtLITFKrt4rSOw== Completed in 0ms
274 timing metavuln:calculate:security-advisory:mocha-multi:WjErOFm3oys89JtOz5tP/92lEA0qM4+6FBkOWctCbYHnIU9J7Si9iD8nHqkXf15Uig2kMXY9EtLITFKrt4rSOw== Completed in 1443ms
275 timing auditReport:init Completed in 1941ms
276 timing reify:audit Completed in 5931ms
277 timing reify Completed in 6131ms
278 silly ADD node_modules/yocto-queue
279 silly ADD node_modules/yargs-unparser
280 silly ADD node_modules/yargs-parser
281 silly ADD node_modules/yargs
282 silly ADD node_modules/y18n
283 silly ADD node_modules/xmlchars
284 silly ADD node_modules/xml-name-validator
285 silly ADD node_modules/ws
286 silly ADD node_modules/wrappy
287 silly ADD node_modules/wrap-ansi
288 silly ADD node_modules/workerpool
289 silly ADD node_modules/word-wrap
290 silly ADD node_modules/which
291 silly ADD node_modules/whatwg-url
292 silly ADD node_modules/whatwg-mimetype
293 silly ADD node_modules/whatwg-encoding
294 silly ADD node_modules/webidl-conversions
295 silly ADD node_modules/w3c-xmlserializer
296 silly ADD node_modules/w3c-hr-time
297 silly ADD node_modules/universalify
298 silly ADD node_modules/type-detect
299 silly ADD node_modules/type-check
300 silly ADD node_modules/tr46
301 silly ADD node_modules/tough-cookie
302 silly ADD node_modules/to-regex-range
303 silly ADD node_modules/symbol-tree
304 silly ADD node_modules/supports-color
305 silly ADD node_modules/strip-json-comments
306 silly ADD node_modules/strip-ansi
307 silly ADD node_modules/string-width
308 silly ADD node_modules/source-map
309 silly ADD node_modules/serialize-javascript
310 silly ADD node_modules/saxes
311 silly ADD node_modules/safer-buffer
312 silly ADD node_modules/safe-buffer
313 silly ADD node_modules/require-directory
314 silly ADD node_modules/readdirp
315 silly ADD node_modules/randombytes
316 silly ADD node_modules/punycode
317 silly ADD node_modules/psl
318 silly ADD node_modules/prelude-ls
319 silly ADD node_modules/picomatch
320 silly ADD node_modules/pathval
321 silly ADD node_modules/path-is-absolute
322 silly ADD node_modules/path-exists
323 silly ADD node_modules/parse5
324 silly ADD node_modules/p-locate
325 silly ADD node_modules/p-limit
326 silly ADD node_modules/optionator
327 silly ADD node_modules/once
328 silly ADD node_modules/object-assign
329 silly ADD node_modules/nwsapi
330 silly ADD node_modules/normalize-path
331 silly ADD node_modules/nanoid
332 silly ADD node_modules/ms
333 silly ADD node_modules/mocha-multi
334 silly ADD node_modules/mocha
335 silly ADD node_modules/mocha/node_modules/ms
336 silly ADD node_modules/mkdirp
337 silly ADD node_modules/minimist
338 silly ADD node_modules/minimatch
339 silly ADD node_modules/mime-types
340 silly ADD node_modules/mime-db
341 silly ADD node_modules/log-symbols
342 silly ADD node_modules/lodash.once
343 silly ADD node_modules/locate-path
344 silly ADD node_modules/levn
345 silly ADD node_modules/jsdom
346 silly ADD node_modules/js-yaml
347 silly ADD node_modules/isexe
348 silly ADD node_modules/is-unicode-supported
349 silly ADD node_modules/is-string
350 silly ADD node_modules/is-potential-custom-element-name
351 silly ADD node_modules/is-plain-obj
352 silly ADD node_modules/is-number
353 silly ADD node_modules/is-glob
354 silly ADD node_modules/is-fullwidth-code-point
355 silly ADD node_modules/is-extglob
356 silly ADD node_modules/is-binary-path
357 silly ADD node_modules/inherits
358 silly ADD node_modules/inflight
359 silly ADD node_modules/iconv-lite
360 silly ADD node_modules/https-proxy-agent
361 silly ADD node_modules/http-proxy-agent
362 silly ADD node_modules/html-encoding-sniffer
363 silly ADD node_modules/he
364 silly ADD node_modules/has-tostringtag
365 silly ADD node_modules/has-symbols
366 silly ADD node_modules/has-flag
367 silly ADD node_modules/growl
368 silly ADD node_modules/global-jsdom
369 silly ADD node_modules/glob-parent
370 silly ADD node_modules/glob
371 silly ADD node_modules/get-func-name
372 silly ADD node_modules/get-caller-file
373 silly ADD
374 silly ADD node_modules/fs.realpath
375 silly ADD node_modules/form-data
376 silly ADD node_modules/flat
377 silly ADD node_modules/find-up
378 silly ADD node_modules/fill-range
379 silly ADD node_modules/fast-levenshtein
380 silly ADD node_modules/esutils
381 silly ADD node_modules/estraverse
382 silly ADD node_modules/esprima
383 silly ADD node_modules/escodegen
384 silly ADD node_modules/escape-string-regexp
385 silly ADD node_modules/escalade
386 silly ADD node_modules/emoji-regex
387 silly ADD node_modules/domexception
388 silly ADD node_modules/diff
389 silly ADD node_modules/delayed-stream
390 silly ADD node_modules/deep-is
391 silly ADD node_modules/deep-eql
392 silly ADD node_modules/decimal.js
393 silly ADD node_modules/decamelize
394 silly ADD node_modules/debug
395 silly ADD node_modules/data-urls
396 silly ADD node_modules/cssstyle
397 silly ADD node_modules/cssstyle/node_modules/cssom
398 silly ADD node_modules/cssom
399 silly ADD node_modules/concat-map
400 silly ADD node_modules/combined-stream
401 silly ADD node_modules/color-name
402 silly ADD node_modules/color-convert
403 silly ADD node_modules/cliui
404 silly ADD node_modules/chokidar
405 silly ADD node_modules/check-error
406 silly ADD node_modules/chalk
407 silly ADD node_modules/chalk/node_modules/supports-color
408 silly ADD node_modules/chai-dom
409 silly ADD node_modules/chai
410 silly ADD node_modules/camelcase
411 silly ADD node_modules/browser-stdout
412 silly ADD node_modules/browser-process-hrtime
413 silly ADD node_modules/braces
414 silly ADD node_modules/brace-expansion
415 silly ADD node_modules/binary-extensions
416 silly ADD node_modules/balanced-match
417 silly ADD node_modules/asynckit
418 silly ADD node_modules/assertion-error
419 silly ADD node_modules/argparse
420 silly ADD node_modules/anymatch
421 silly ADD node_modules/ansi-styles
422 silly ADD node_modules/ansi-regex
423 silly ADD node_modules/ansi-colors
424 silly ADD node_modules/agent-base
425 silly ADD node_modules/acorn-walk
426 silly ADD node_modules/acorn-globals
427 silly ADD node_modules/acorn-globals/node_modules/acorn
428 silly ADD node_modules/acorn
429 silly ADD node_modules/abab
430 silly ADD node_modules/@ungap/promise-all-settled
431 silly ADD node_modules/@tootallnate/once
432 timing command:install Completed in 6158ms
433 verbose exit 0
434 timing npm Completed in 6305ms
435 info ok
