0 verbose cli /home/student/.nvm/versions/node/v19.1.0/bin/node /home/student/.nvm/versions/node/v19.1.0/bin/npm
1 info using npm@8.19.3
2 info using node@v19.1.0
3 timing npm:load:whichnode Completed in 1ms
4 timing config:load:defaults Completed in 1ms
5 timing config:load:file:/home/student/.nvm/versions/node/v19.1.0/lib/node_modules/npm/npmrc Completed in 0ms
6 timing config:load:builtin Completed in 1ms
7 timing config:load:cli Completed in 1ms
8 timing config:load:env Completed in 1ms
9 timing config:load:file:/home/student/Development/phase0/phase-0-git-basics-lab.git/.npmrc Completed in 1ms
10 timing config:load:project Completed in 13ms
11 timing config:load:file:/home/student/.npmrc Completed in 0ms
12 timing config:load:user Completed in 0ms
13 timing config:load:file:/home/student/.nvm/versions/node/v19.1.0/etc/npmrc Completed in 1ms
14 timing config:load:global Completed in 1ms
15 timing config:load:validate Completed in 0ms
16 timing config:load:credentials Completed in 1ms
17 timing config:load:setEnvs Completed in 1ms
18 timing config:load Completed in 21ms
19 timing npm:load:configload Completed in 21ms
20 timing npm:load:mkdirpcache Completed in 1ms
21 timing npm:load:mkdirplogs Completed in 0ms
22 verbose title npm install
23 verbose argv "install"
24 timing npm:load:setTitle Completed in 1ms
25 timing config:load:flatten Completed in 3ms
26 timing npm:load:display Completed in 6ms
27 verbose logfile logs-max:10 dir:/home/student/.npm/_logs
28 verbose logfile /home/student/.npm/_logs/2022-11-15T11_12_31_281Z-debug-0.log
29 timing npm:load:logFile Completed in 8ms
30 timing npm:load:timers Completed in 0ms
31 timing npm:load:configScope Completed in 0ms
32 timing npm:load Completed in 40ms
33 timing arborist:ctor Completed in 1ms
34 silly logfile done cleaning log files
35 timing idealTree:init Completed in 76ms
36 warn ancient lockfile
36 warn ancient lockfile The package-lock.json file was created with an old version of npm,
36 warn ancient lockfile so supplemental metadata must be fetched from the registry.
36 warn ancient lockfile
36 warn ancient lockfile This is a one-time fix-up, please be patient...
36 warn ancient lockfile
37 timing idealTree:inflate Completed in 2ms
38 timing idealTree:userRequests Completed in 0ms
39 silly idealTree buildDeps
40 timing idealTree:#root Completed in 0ms
41 timing idealTree:buildDeps Completed in 1ms
42 timing idealTree:fixDepFlags Completed in 0ms
43 timing idealTree Completed in 81ms
44 timing reify:loadTrees Completed in 83ms
45 timing reify:diffTrees Completed in 1ms
46 silly reify moves {}
47 timing reify:retireShallow Completed in 2ms
48 timing reify:createSparse Completed in 0ms
49 timing reify:loadBundles Completed in 0ms
50 silly audit report null
51 timing reify:audit Completed in 1ms
52 timing reify:unpack Completed in 0ms
53 timing reify:unretire Completed in 0ms
54 timing build:queue Completed in 0ms
55 timing build:deps Completed in 1ms
56 timing build Completed in 1ms
57 timing reify:build Completed in 1ms
58 timing reify:trash Completed in 0ms
59 timing reify:save Completed in 1ms
60 timing reify Completed in 112ms
61 timing command:install Completed in 116ms
62 verbose stack Error: ENOENT: no such file or directory, open '/home/student/Development/phase0/phase-0-git-basics-lab.git/package.json'
63 verbose cwd /home/student/Development/phase0/phase-0-git-basics-lab.git
64 verbose Linux 5.11.0-27-generic
65 verbose node v19.1.0
66 verbose npm  v8.19.3
67 error code ENOENT
68 error syscall open
69 error path /home/student/Development/phase0/phase-0-git-basics-lab.git/package.json
70 error errno -2
71 error enoent ENOENT: no such file or directory, open '/home/student/Development/phase0/phase-0-git-basics-lab.git/package.json'
72 error enoent This is related to npm not being able to find a file.
72 error enoent
73 verbose exit -2
74 timing npm Completed in 264ms
75 verbose code -2
76 error A complete log of this run can be found in:
76 error     /home/student/.npm/_logs/2022-11-15T11_12_31_281Z-debug-0.log
