2022-11-15 12:20:21.313 [info] Extension host with pid 15094 started
2022-11-15 12:20:21.313 [info] Skipping acquiring lock for /home/student/.config/Code/User/workspaceStorage/58b1fe8d760d9ab45f7ed9c408ba57cf.
2022-11-15 12:20:21.510 [info] ExtensionService#_doActivateExtension vscode.html-language-features, startup: false, activationEvent: 'onLanguage:html'
2022-11-15 12:20:21.511 [info] ExtensionService#_doActivateExtension vscode.microsoft-authentication, startup: false, activationEvent: 'onAuthenticationRequest:microsoft'
2022-11-15 12:20:21.511 [info] ExtensionService#_doActivateExtension vscode.git-base, startup: true, activationEvent: '*', root cause: vscode.git
2022-11-15 12:20:23.245 [info] ExtensionService#_doActivateExtension vscode.git, startup: true, activationEvent: '*'
2022-11-15 12:20:23.246 [info] ExtensionService#_doActivateExtension vscode.github, startup: true, activationEvent: '*'
2022-11-15 12:20:23.571 [info] Eager extensions activated
2022-11-15 12:20:23.591 [info] ExtensionService#_doActivateExtension vscode.debug-auto-launch, startup: false, activationEvent: 'onStartupFinished'
2022-11-15 12:20:23.591 [info] ExtensionService#_doActivateExtension vscode.emmet, startup: false, activationEvent: 'onStartupFinished'
2022-11-15 12:20:23.592 [info] ExtensionService#_doActivateExtension vscode.merge-conflict, startup: false, activationEvent: 'onStartupFinished'
2022-11-15 12:20:23.592 [info] ExtensionService#_doActivateExtension vscode.github-authentication, startup: false, activationEvent: 'onAuthenticationRequest:github'
2022-11-15 12:20:36.368 [info] ExtensionService#_doActivateExtension vscode.configuration-editing, startup: false, activationEvent: 'onLanguage:jsonc'
2022-11-15 12:20:36.369 [info] ExtensionService#_doActivateExtension vscode.json-language-features, startup: false, activationEvent: 'onLanguage:jsonc'
2022-11-15 12:20:36.369 [info] ExtensionService#_doActivateExtension vscode.typescript-language-features, startup: false, activationEvent: 'onLanguage:jsonc'
2022-11-15 12:20:37.172 [warning] [Decorations] CAPPING events from decorations provider vscode.git 8611
2022-11-15 12:20:38.707 [warning] [Decorations] CAPPING events from decorations provider vscode.git 8668
2022-11-15 12:20:42.776 [warning] [Decorations] CAPPING events from decorations provider vscode.git 8670
2022-11-15 12:20:48.238 [warning] [Decorations] CAPPING events from decorations provider vscode.git 8674
2022-11-15 12:20:53.701 [warning] [Decorations] CAPPING events from decorations provider vscode.git 8680
2022-11-15 12:20:59.161 [warning] [Decorations] CAPPING events from decorations provider vscode.git 8678
2022-11-15 12:21:04.633 [warning] [Decorations] CAPPING events from decorations provider vscode.git 8678
2022-11-15 12:21:10.090 [warning] [Decorations] CAPPING events from decorations provider vscode.git 8679
2022-11-15 12:21:15.548 [warning] [Decorations] CAPPING events from decorations provider vscode.git 8680
2022-11-15 12:21:21.015 [warning] [Decorations] CAPPING events from decorations provider vscode.git 8680
2022-11-15 12:21:26.487 [warning] [Decorations] CAPPING events from decorations provider vscode.git 8680
2022-11-15 12:21:31.958 [warning] [Decorations] CAPPING events from decorations provider vscode.git 8680
2022-11-15 12:21:37.412 [warning] [Decorations] CAPPING events from decorations provider vscode.git 8681
2022-11-15 12:21:42.858 [warning] [Decorations] CAPPING events from decorations provider vscode.git 8681
2022-11-15 12:21:48.314 [warning] [Decorations] CAPPING events from decorations provider vscode.git 8682
2022-11-15 12:21:53.761 [warning] [Decorations] CAPPING events from decorations provider vscode.git 8682
2022-11-15 12:21:59.217 [warning] [Decorations] CAPPING events from decorations provider vscode.git 8682
2022-11-15 12:22:04.680 [warning] [Decorations] CAPPING events from decorations provider vscode.git 8682
2022-11-15 12:22:10.143 [warning] [Decorations] CAPPING events from decorations provider vscode.git 8683
2022-11-15 12:22:15.603 [warning] [Decorations] CAPPING events from decorations provider vscode.git 8684
2022-11-15 12:22:21.069 [warning] [Decorations] CAPPING events from decorations provider vscode.git 8684
2022-11-15 12:22:26.512 [warning] [Decorations] CAPPING events from decorations provider vscode.git 8684
2022-11-15 12:22:31.966 [warning] [Decorations] CAPPING events from decorations provider vscode.git 8684
2022-11-15 12:22:37.405 [warning] [Decorations] CAPPING events from decorations provider vscode.git 8685
2022-11-15 12:22:42.870 [warning] [Decorations] CAPPING events from decorations provider vscode.git 8685
2022-11-15 12:22:48.330 [warning] [Decorations] CAPPING events from decorations provider vscode.git 8686
2022-11-15 12:22:53.796 [warning] [Decorations] CAPPING events from decorations provider vscode.git 8686
2022-11-15 12:22:59.238 [warning] [Decorations] CAPPING events from decorations provider vscode.git 8686
2022-11-15 12:23:04.698 [warning] [Decorations] CAPPING events from decorations provider vscode.git 8686
2022-11-15 12:23:10.153 [warning] [Decorations] CAPPING events from decorations provider vscode.git 8686
2022-11-15 12:23:15.611 [warning] [Decorations] CAPPING events from decorations provider vscode.git 8687
2022-11-15 12:23:21.065 [warning] [Decorations] CAPPING events from decorations provider vscode.git 8688
2022-11-15 12:23:26.521 [warning] [Decorations] CAPPING events from decorations provider vscode.git 8688
2022-11-15 12:23:31.964 [warning] [Decorations] CAPPING events from decorations provider vscode.git 8688
2022-11-15 12:23:37.424 [warning] [Decorations] CAPPING events from decorations provider vscode.git 8689
2022-11-15 12:23:42.886 [warning] [Decorations] CAPPING events from decorations provider vscode.git 8689
2022-11-15 12:23:48.348 [warning] [Decorations] CAPPING events from decorations provider vscode.git 8690
2022-11-15 12:23:53.794 [warning] [Decorations] CAPPING events from decorations provider vscode.git 8690
2022-11-15 12:23:59.252 [warning] [Decorations] CAPPING events from decorations provider vscode.git 8690
2022-11-15 12:24:04.702 [warning] [Decorations] CAPPING events from decorations provider vscode.git 8690
2022-11-15 12:24:10.165 [warning] [Decorations] CAPPING events from decorations provider vscode.git 8690
2022-11-15 12:24:15.612 [warning] [Decorations] CAPPING events from decorations provider vscode.git 8691
2022-11-15 12:24:21.062 [warning] [Decorations] CAPPING events from decorations provider vscode.git 8692
2022-11-15 12:24:26.531 [warning] [Decorations] CAPPING events from decorations provider vscode.git 8692
2022-11-15 12:24:31.999 [warning] [Decorations] CAPPING events from decorations provider vscode.git 8692
2022-11-15 12:24:37.453 [warning] [Decorations] CAPPING events from decorations provider vscode.git 8692
2022-11-15 12:24:42.916 [warning] [Decorations] CAPPING events from decorations provider vscode.git 8693
2022-11-15 12:24:48.363 [warning] [Decorations] CAPPING events from decorations provider vscode.git 8693
2022-11-15 12:24:53.835 [warning] [Decorations] CAPPING events from decorations provider vscode.git 8694
2022-11-15 12:24:59.300 [warning] [Decorations] CAPPING events from decorations provider vscode.git 8694
2022-11-15 12:25:04.754 [warning] [Decorations] CAPPING events from decorations provider vscode.git 8694
2022-11-15 12:25:10.217 [warning] [Decorations] CAPPING events from decorations provider vscode.git 8694
2022-11-15 12:25:15.670 [warning] [Decorations] CAPPING events from decorations provider vscode.git 8695
2022-11-15 12:25:21.128 [warning] [Decorations] CAPPING events from decorations provider vscode.git 8696
2022-11-15 12:25:26.587 [warning] [Decorations] CAPPING events from decorations provider vscode.git 8696
2022-11-15 12:25:32.034 [warning] [Decorations] CAPPING events from decorations provider vscode.git 8696
2022-11-15 12:25:37.515 [warning] [Decorations] CAPPING events from decorations provider vscode.git 8697
2022-11-15 12:25:42.983 [warning] [Decorations] CAPPING events from decorations provider vscode.git 8698
2022-11-15 12:25:48.462 [warning] [Decorations] CAPPING events from decorations provider vscode.git 8698
2022-11-15 12:25:53.922 [warning] [Decorations] CAPPING events from decorations provider vscode.git 8699
2022-11-15 12:25:59.383 [warning] [Decorations] CAPPING events from decorations provider vscode.git 8699
2022-11-15 12:26:04.834 [warning] [Decorations] CAPPING events from decorations provider vscode.git 8699
2022-11-15 12:26:10.298 [warning] [Decorations] CAPPING events from decorations provider vscode.git 8699
2022-11-15 12:26:15.758 [warning] [Decorations] CAPPING events from decorations provider vscode.git 8700
2022-11-15 12:26:21.209 [warning] [Decorations] CAPPING events from decorations provider vscode.git 8700
2022-11-15 12:26:26.662 [warning] [Decorations] CAPPING events from decorations provider vscode.git 8701
2022-11-15 12:26:32.126 [warning] [Decorations] CAPPING events from decorations provider vscode.git 8701
2022-11-15 12:26:37.579 [warning] [Decorations] CAPPING events from decorations provider vscode.git 8701
2022-11-15 12:26:43.285 [warning] [Decorations] CAPPING events from decorations provider vscode.git 8702
2022-11-15 12:26:48.750 [warning] [Decorations] CAPPING events from decorations provider vscode.git 8702
2022-11-15 12:26:54.214 [warning] [Decorations] CAPPING events from decorations provider vscode.git 8703
2022-11-15 12:26:59.666 [warning] [Decorations] CAPPING events from decorations provider vscode.git 8703
2022-11-15 12:27:05.124 [warning] [Decorations] CAPPING events from decorations provider vscode.git 8703
2022-11-15 12:27:10.584 [warning] [Decorations] CAPPING events from decorations provider vscode.git 8703
2022-11-15 12:27:16.042 [warning] [Decorations] CAPPING events from decorations provider vscode.git 8704
2022-11-15 12:27:21.500 [warning] [Decorations] CAPPING events from decorations provider vscode.git 8704
2022-11-15 12:27:26.959 [warning] [Decorations] CAPPING events from decorations provider vscode.git 8705
2022-11-15 12:27:32.414 [warning] [Decorations] CAPPING events from decorations provider vscode.git 8705
2022-11-15 12:27:37.877 [warning] [Decorations] CAPPING events from decorations provider vscode.git 8705
2022-11-15 12:27:43.351 [warning] [Decorations] CAPPING events from decorations provider vscode.git 8706
2022-11-15 12:27:48.819 [warning] [Decorations] CAPPING events from decorations provider vscode.git 8707
2022-11-15 12:27:54.274 [warning] [Decorations] CAPPING events from decorations provider vscode.git 8706
2022-11-15 12:27:59.725 [warning] [Decorations] CAPPING events from decorations provider vscode.git 8707
2022-11-15 12:28:05.199 [warning] [Decorations] CAPPING events from decorations provider vscode.git 8707
2022-11-15 12:28:10.676 [warning] [Decorations] CAPPING events from decorations provider vscode.git 8707
2022-11-15 12:28:16.141 [warning] [Decorations] CAPPING events from decorations provider vscode.git 8707
2022-11-15 12:28:21.599 [warning] [Decorations] CAPPING events from decorations provider vscode.git 8707
2022-11-15 12:28:27.045 [warning] [Decorations] CAPPING events from decorations provider vscode.git 8708
2022-11-15 12:28:32.507 [warning] [Decorations] CAPPING events from decorations provider vscode.git 8709
2022-11-15 12:28:37.962 [warning] [Decorations] CAPPING events from decorations provider vscode.git 8710
2022-11-15 12:28:43.419 [warning] [Decorations] CAPPING events from decorations provider vscode.git 8710
2022-11-15 12:28:48.875 [warning] [Decorations] CAPPING events from decorations provider vscode.git 8710
2022-11-15 12:28:54.338 [warning] [Decorations] CAPPING events from decorations provider vscode.git 8710
2022-11-15 12:28:59.809 [warning] [Decorations] CAPPING events from decorations provider vscode.git 8711
2022-11-15 12:29:05.279 [warning] [Decorations] CAPPING events from decorations provider vscode.git 8711
2022-11-15 12:29:10.733 [warning] [Decorations] CAPPING events from decorations provider vscode.git 8711
2022-11-15 12:29:16.197 [warning] [Decorations] CAPPING events from decorations provider vscode.git 8711
2022-11-15 12:29:21.642 [warning] [Decorations] CAPPING events from decorations provider vscode.git 8711
2022-11-15 12:29:27.101 [warning] [Decorations] CAPPING events from decorations provider vscode.git 8711
2022-11-15 12:29:32.556 [warning] [Decorations] CAPPING events from decorations provider vscode.git 8712
2022-11-15 12:29:38.013 [warning] [Decorations] CAPPING events from decorations provider vscode.git 8713
2022-11-15 12:29:43.468 [warning] [Decorations] CAPPING events from decorations provider vscode.git 8714
2022-11-15 12:29:48.931 [warning] [Decorations] CAPPING events from decorations provider vscode.git 8714
2022-11-15 12:29:54.386 [warning] [Decorations] CAPPING events from decorations provider vscode.git 8714
2022-11-15 12:29:59.844 [warning] [Decorations] CAPPING events from decorations provider vscode.git 8715
2022-11-15 12:30:05.295 [warning] [Decorations] CAPPING events from decorations provider vscode.git 8715
2022-11-15 12:30:10.760 [warning] [Decorations] CAPPING events from decorations provider vscode.git 8715
2022-11-15 12:30:16.219 [warning] [Decorations] CAPPING events from decorations provider vscode.git 8715
2022-11-15 12:30:21.670 [warning] [Decorations] CAPPING events from decorations provider vscode.git 8715
2022-11-15 12:30:27.125 [warning] [Decorations] CAPPING events from decorations provider vscode.git 8715
2022-11-15 12:30:32.589 [warning] [Decorations] CAPPING events from decorations provider vscode.git 8716
2022-11-15 12:30:38.045 [warning] [Decorations] CAPPING events from decorations provider vscode.git 8717
2022-11-15 12:30:43.497 [warning] [Decorations] CAPPING events from decorations provider vscode.git 8718
2022-11-15 12:30:48.950 [warning] [Decorations] CAPPING events from decorations provider vscode.git 8718
2022-11-15 12:30:54.405 [warning] [Decorations] CAPPING events from decorations provider vscode.git 8718
2022-11-15 12:30:59.865 [warning] [Decorations] CAPPING events from decorations provider vscode.git 8718
2022-11-15 12:31:05.332 [warning] [Decorations] CAPPING events from decorations provider vscode.git 8719
2022-11-15 12:31:10.792 [warning] [Decorations] CAPPING events from decorations provider vscode.git 8719
2022-11-15 12:31:16.249 [warning] [Decorations] CAPPING events from decorations provider vscode.git 8719
2022-11-15 12:31:21.718 [warning] [Decorations] CAPPING events from decorations provider vscode.git 8719
2022-11-15 12:31:27.185 [warning] [Decorations] CAPPING events from decorations provider vscode.git 8719
2022-11-15 12:31:32.641 [warning] [Decorations] CAPPING events from decorations provider vscode.git 8720
2022-11-15 12:31:38.093 [warning] [Decorations] CAPPING events from decorations provider vscode.git 8721
2022-11-15 12:31:43.546 [warning] [Decorations] CAPPING events from decorations provider vscode.git 8722
2022-11-15 12:31:49.002 [warning] [Decorations] CAPPING events from decorations provider vscode.git 8722
2022-11-15 12:31:54.459 [warning] [Decorations] CAPPING events from decorations provider vscode.git 8722
2022-11-15 12:31:59.923 [warning] [Decorations] CAPPING events from decorations provider vscode.git 8722
2022-11-15 12:32:05.375 [warning] [Decorations] CAPPING events from decorations provider vscode.git 8723
2022-11-15 12:32:10.844 [warning] [Decorations] CAPPING events from decorations provider vscode.git 8723
2022-11-15 12:32:16.297 [warning] [Decorations] CAPPING events from decorations provider vscode.git 8723
2022-11-15 12:32:21.770 [warning] [Decorations] CAPPING events from decorations provider vscode.git 8723
2022-11-15 12:32:27.229 [warning] [Decorations] CAPPING events from decorations provider vscode.git 8723
2022-11-15 12:32:32.694 [warning] [Decorations] CAPPING events from decorations provider vscode.git 8723
2022-11-15 12:32:38.143 [warning] [Decorations] CAPPING events from decorations provider vscode.git 8724
2022-11-15 12:32:43.606 [warning] [Decorations] CAPPING events from decorations provider vscode.git 8726
2022-11-15 12:32:49.067 [warning] [Decorations] CAPPING events from decorations provider vscode.git 8726
2022-11-15 12:32:54.536 [warning] [Decorations] CAPPING events from decorations provider vscode.git 8726
2022-11-15 12:32:59.997 [warning] [Decorations] CAPPING events from decorations provider vscode.git 8726
2022-11-15 12:33:05.468 [warning] [Decorations] CAPPING events from decorations provider vscode.git 8727
2022-11-15 12:33:10.917 [warning] [Decorations] CAPPING events from decorations provider vscode.git 8727
2022-11-15 12:33:16.371 [warning] [Decorations] CAPPING events from decorations provider vscode.git 8727
2022-11-15 12:33:21.821 [warning] [Decorations] CAPPING events from decorations provider vscode.git 8727
2022-11-15 12:33:27.280 [warning] [Decorations] CAPPING events from decorations provider vscode.git 8727
2022-11-15 12:33:32.741 [warning] [Decorations] CAPPING events from decorations provider vscode.git 8727
2022-11-15 12:33:38.210 [warning] [Decorations] CAPPING events from decorations provider vscode.git 8728
2022-11-15 12:33:43.661 [warning] [Decorations] CAPPING events from decorations provider vscode.git 8730
2022-11-15 12:33:49.119 [warning] [Decorations] CAPPING events from decorations provider vscode.git 8730
2022-11-15 12:33:54.586 [warning] [Decorations] CAPPING events from decorations provider vscode.git 8730
2022-11-15 12:34:00.050 [warning] [Decorations] CAPPING events from decorations provider vscode.git 8730
2022-11-15 12:34:05.499 [warning] [Decorations] CAPPING events from decorations provider vscode.git 8730
2022-11-15 12:34:10.961 [warning] [Decorations] CAPPING events from decorations provider vscode.git 8731
2022-11-15 12:34:16.418 [warning] [Decorations] CAPPING events from decorations provider vscode.git 8731
2022-11-15 12:34:21.873 [warning] [Decorations] CAPPING events from decorations provider vscode.git 8731
2022-11-15 12:34:27.331 [warning] [Decorations] CAPPING events from decorations provider vscode.git 8731
2022-11-15 12:34:32.795 [warning] [Decorations] CAPPING events from decorations provider vscode.git 8731
2022-11-15 12:34:38.248 [warning] [Decorations] CAPPING events from decorations provider vscode.git 8731
2022-11-15 12:34:43.715 [warning] [Decorations] CAPPING events from decorations provider vscode.git 8733
2022-11-15 12:34:49.174 [warning] [Decorations] CAPPING events from decorations provider vscode.git 8734
2022-11-15 12:34:54.629 [warning] [Decorations] CAPPING events from decorations provider vscode.git 8734
2022-11-15 12:35:00.084 [warning] [Decorations] CAPPING events from decorations provider vscode.git 8734
2022-11-15 12:35:05.573 [warning] [Decorations] CAPPING events from decorations provider vscode.git 8734
2022-11-15 12:35:11.039 [warning] [Decorations] CAPPING events from decorations provider vscode.git 8735
2022-11-15 12:35:16.506 [warning] [Decorations] CAPPING events from decorations provider vscode.git 8735
2022-11-15 12:35:21.962 [warning] [Decorations] CAPPING events from decorations provider vscode.git 8735
2022-11-15 12:35:27.415 [warning] [Decorations] CAPPING events from decorations provider vscode.git 8735
2022-11-15 12:35:32.877 [warning] [Decorations] CAPPING events from decorations provider vscode.git 8735
2022-11-15 12:35:38.337 [warning] [Decorations] CAPPING events from decorations provider vscode.git 8735
2022-11-15 12:35:43.782 [warning] [Decorations] CAPPING events from decorations provider vscode.git 8737
2022-11-15 12:35:49.237 [warning] [Decorations] CAPPING events from decorations provider vscode.git 8738
2022-11-15 12:35:54.688 [warning] [Decorations] CAPPING events from decorations provider vscode.git 8738
2022-11-15 12:36:00.155 [warning] [Decorations] CAPPING events from decorations provider vscode.git 8738
2022-11-15 12:36:05.610 [warning] [Decorations] CAPPING events from decorations provider vscode.git 8738
2022-11-15 12:36:11.079 [warning] [Decorations] CAPPING events from decorations provider vscode.git 8738
2022-11-15 12:36:16.539 [warning] [Decorations] CAPPING events from decorations provider vscode.git 8739
2022-11-15 12:36:22.002 [warning] [Decorations] CAPPING events from decorations provider vscode.git 8739
2022-11-15 12:36:27.450 [warning] [Decorations] CAPPING events from decorations provider vscode.git 8739
2022-11-15 12:36:32.912 [warning] [Decorations] CAPPING events from decorations provider vscode.git 8739
2022-11-15 12:36:38.363 [warning] [Decorations] CAPPING events from decorations provider vscode.git 8739
2022-11-15 12:36:43.820 [warning] [Decorations] CAPPING events from decorations provider vscode.git 8741
2022-11-15 12:36:49.269 [warning] [Decorations] CAPPING events from decorations provider vscode.git 8742
2022-11-15 12:36:54.728 [warning] [Decorations] CAPPING events from decorations provider vscode.git 8742
2022-11-15 12:37:00.200 [warning] [Decorations] CAPPING events from decorations provider vscode.git 8742
2022-11-15 12:37:05.660 [warning] [Decorations] CAPPING events from decorations provider vscode.git 8742
2022-11-15 12:37:11.127 [warning] [Decorations] CAPPING events from decorations provider vscode.git 8742
2022-11-15 12:37:16.595 [warning] [Decorations] CAPPING events from decorations provider vscode.git 8743
2022-11-15 12:37:22.047 [warning] [Decorations] CAPPING events from decorations provider vscode.git 8743
2022-11-15 12:37:27.497 [warning] [Decorations] CAPPING events from decorations provider vscode.git 8743
2022-11-15 12:37:32.951 [warning] [Decorations] CAPPING events from decorations provider vscode.git 8743
2022-11-15 12:37:38.418 [warning] [Decorations] CAPPING events from decorations provider vscode.git 8743
2022-11-15 12:37:43.859 [warning] [Decorations] CAPPING events from decorations provider vscode.git 8744
2022-11-15 12:37:49.319 [warning] [Decorations] CAPPING events from decorations provider vscode.git 8746
2022-11-15 12:37:54.776 [warning] [Decorations] CAPPING events from decorations provider vscode.git 8746
2022-11-15 12:38:00.219 [warning] [Decorations] CAPPING events from decorations provider vscode.git 8746
2022-11-15 12:38:05.672 [warning] [Decorations] CAPPING events from decorations provider vscode.git 8746
2022-11-15 12:38:11.132 [warning] [Decorations] CAPPING events from decorations provider vscode.git 8746
2022-11-15 12:38:16.583 [warning] [Decorations] CAPPING events from decorations provider vscode.git 8747
2022-11-15 12:38:22.057 [warning] [Decorations] CAPPING events from decorations provider vscode.git 8747
2022-11-15 12:38:27.509 [warning] [Decorations] CAPPING events from decorations provider vscode.git 8747
2022-11-15 12:38:32.968 [warning] [Decorations] CAPPING events from decorations provider vscode.git 8747
2022-11-15 12:38:38.412 [warning] [Decorations] CAPPING events from decorations provider vscode.git 8747
2022-11-15 12:38:43.883 [warning] [Decorations] CAPPING events from decorations provider vscode.git 8748
2022-11-15 12:38:49.342 [warning] [Decorations] CAPPING events from decorations provider vscode.git 8749
2022-11-15 12:38:54.811 [warning] [Decorations] CAPPING events from decorations provider vscode.git 8750
2022-11-15 12:39:00.260 [warning] [Decorations] CAPPING events from decorations provider vscode.git 8750
2022-11-15 12:39:05.733 [warning] [Decorations] CAPPING events from decorations provider vscode.git 8750
2022-11-15 12:39:11.192 [warning] [Decorations] CAPPING events from decorations provider vscode.git 8750
2022-11-15 12:39:16.652 [warning] [Decorations] CAPPING events from decorations provider vscode.git 8750
2022-11-15 12:39:22.115 [warning] [Decorations] CAPPING events from decorations provider vscode.git 8751
2022-11-15 12:39:27.554 [warning] [Decorations] CAPPING events from decorations provider vscode.git 8751
2022-11-15 12:39:33.013 [warning] [Decorations] CAPPING events from decorations provider vscode.git 8751
2022-11-15 12:39:38.468 [warning] [Decorations] CAPPING events from decorations provider vscode.git 8751
2022-11-15 12:39:43.932 [warning] [Decorations] CAPPING events from decorations provider vscode.git 8752
2022-11-15 12:39:49.397 [warning] [Decorations] CAPPING events from decorations provider vscode.git 8753
2022-11-15 12:39:54.851 [warning] [Decorations] CAPPING events from decorations provider vscode.git 8754
2022-11-15 12:40:00.315 [warning] [Decorations] CAPPING events from decorations provider vscode.git 8754
2022-11-15 12:40:05.776 [warning] [Decorations] CAPPING events from decorations provider vscode.git 8754
2022-11-15 12:40:11.274 [warning] [Decorations] CAPPING events from decorations provider vscode.git 8754
2022-11-15 12:40:16.728 [warning] [Decorations] CAPPING events from decorations provider vscode.git 8754
2022-11-15 12:40:22.194 [warning] [Decorations] CAPPING events from decorations provider vscode.git 8755
2022-11-15 12:40:27.652 [warning] [Decorations] CAPPING events from decorations provider vscode.git 8755
2022-11-15 12:40:33.121 [warning] [Decorations] CAPPING events from decorations provider vscode.git 8755
2022-11-15 12:40:38.572 [warning] [Decorations] CAPPING events from decorations provider vscode.git 8755
2022-11-15 12:40:44.027 [warning] [Decorations] CAPPING events from decorations provider vscode.git 8756
2022-11-15 12:40:49.478 [warning] [Decorations] CAPPING events from decorations provider vscode.git 8757
2022-11-15 12:40:54.939 [warning] [Decorations] CAPPING events from decorations provider vscode.git 8759
2022-11-15 12:41:00.395 [warning] [Decorations] CAPPING events from decorations provider vscode.git 8758
2022-11-15 12:41:05.863 [warning] [Decorations] CAPPING events from decorations provider vscode.git 8758
2022-11-15 12:41:11.322 [warning] [Decorations] CAPPING events from decorations provider vscode.git 8758
2022-11-15 12:41:16.789 [warning] [Decorations] CAPPING events from decorations provider vscode.git 8758
2022-11-15 12:41:22.250 [warning] [Decorations] CAPPING events from decorations provider vscode.git 8759
2022-11-15 12:41:27.712 [warning] [Decorations] CAPPING events from decorations provider vscode.git 8759
2022-11-15 12:41:33.172 [warning] [Decorations] CAPPING events from decorations provider vscode.git 8759
2022-11-15 12:41:38.633 [warning] [Decorations] CAPPING events from decorations provider vscode.git 8759
2022-11-15 12:41:44.086 [warning] [Decorations] CAPPING events from decorations provider vscode.git 8760
2022-11-15 12:41:49.555 [warning] [Decorations] CAPPING events from decorations provider vscode.git 8760
2022-11-15 12:41:55.014 [warning] [Decorations] CAPPING events from decorations provider vscode.git 8761
2022-11-15 12:42:00.487 [warning] [Decorations] CAPPING events from decorations provider vscode.git 8762
2022-11-15 12:42:05.940 [warning] [Decorations] CAPPING events from decorations provider vscode.git 8762
2022-11-15 12:42:11.403 [warning] [Decorations] CAPPING events from decorations provider vscode.git 8762
2022-11-15 12:42:16.856 [warning] [Decorations] CAPPING events from decorations provider vscode.git 8762
2022-11-15 12:42:22.319 [warning] [Decorations] CAPPING events from decorations provider vscode.git 8762
2022-11-15 12:42:27.773 [warning] [Decorations] CAPPING events from decorations provider vscode.git 8763
2022-11-15 12:42:33.224 [warning] [Decorations] CAPPING events from decorations provider vscode.git 8763
2022-11-15 12:42:38.684 [warning] [Decorations] CAPPING events from decorations provider vscode.git 8763
2022-11-15 12:42:44.134 [warning] [Decorations] CAPPING events from decorations provider vscode.git 8764
2022-11-15 12:42:49.585 [warning] [Decorations] CAPPING events from decorations provider vscode.git 8764
2022-11-15 12:42:55.039 [warning] [Decorations] CAPPING events from decorations provider vscode.git 8765
2022-11-15 12:43:00.491 [warning] [Decorations] CAPPING events from decorations provider vscode.git 8766
2022-11-15 12:43:05.961 [warning] [Decorations] CAPPING events from decorations provider vscode.git 8766
2022-11-15 12:43:11.427 [warning] [Decorations] CAPPING events from decorations provider vscode.git 8766
2022-11-15 12:43:16.883 [warning] [Decorations] CAPPING events from decorations provider vscode.git 8766
2022-11-15 12:43:22.347 [warning] [Decorations] CAPPING events from decorations provider vscode.git 8766
2022-11-15 12:43:27.807 [warning] [Decorations] CAPPING events from decorations provider vscode.git 8767
2022-11-15 12:43:33.279 [warning] [Decorations] CAPPING events from decorations provider vscode.git 8767
2022-11-15 12:43:38.751 [warning] [Decorations] CAPPING events from decorations provider vscode.git 8767
2022-11-15 12:43:45.823 [warning] [Decorations] CAPPING events from decorations provider vscode.git 8768
2022-11-15 12:43:51.285 [warning] [Decorations] CAPPING events from decorations provider vscode.git 8768
2022-11-15 12:43:56.752 [warning] [Decorations] CAPPING events from decorations provider vscode.git 8769
2022-11-15 12:44:02.221 [warning] [Decorations] CAPPING events from decorations provider vscode.git 8770
2022-11-15 12:44:07.675 [warning] [Decorations] CAPPING events from decorations provider vscode.git 8770
2022-11-15 12:44:13.134 [warning] [Decorations] CAPPING events from decorations provider vscode.git 8770
2022-11-15 12:44:18.584 [warning] [Decorations] CAPPING events from decorations provider vscode.git 8770
2022-11-15 12:44:24.309 [warning] [Decorations] CAPPING events from decorations provider vscode.git 8770
2022-11-15 12:44:29.764 [warning] [Decorations] CAPPING events from decorations provider vscode.git 8771
2022-11-15 12:44:35.217 [warning] [Decorations] CAPPING events from decorations provider vscode.git 8771
2022-11-15 12:44:40.665 [warning] [Decorations] CAPPING events from decorations provider vscode.git 8771
2022-11-15 12:44:46.124 [warning] [Decorations] CAPPING events from decorations provider vscode.git 8772
2022-11-15 12:44:51.579 [warning] [Decorations] CAPPING events from decorations provider vscode.git 8772
2022-11-15 12:44:57.041 [warning] [Decorations] CAPPING events from decorations provider vscode.git 8772
2022-11-15 12:45:02.505 [warning] [Decorations] CAPPING events from decorations provider vscode.git 8774
2022-11-15 12:45:07.970 [warning] [Decorations] CAPPING events from decorations provider vscode.git 8774
2022-11-15 12:45:13.428 [warning] [Decorations] CAPPING events from decorations provider vscode.git 8774
2022-11-15 12:45:18.885 [warning] [Decorations] CAPPING events from decorations provider vscode.git 8774
2022-11-15 12:45:24.354 [warning] [Decorations] CAPPING events from decorations provider vscode.git 8774
2022-11-15 12:45:29.817 [warning] [Decorations] CAPPING events from decorations provider vscode.git 8775
2022-11-15 12:45:35.276 [warning] [Decorations] CAPPING events from decorations provider vscode.git 8775
2022-11-15 12:45:40.735 [warning] [Decorations] CAPPING events from decorations provider vscode.git 8775
2022-11-15 12:45:46.187 [warning] [Decorations] CAPPING events from decorations provider vscode.git 8776
2022-11-15 12:45:51.669 [warning] [Decorations] CAPPING events from decorations provider vscode.git 8776
2022-11-15 12:45:57.125 [warning] [Decorations] CAPPING events from decorations provider vscode.git 8776
2022-11-15 12:46:02.581 [warning] [Decorations] CAPPING events from decorations provider vscode.git 8777
2022-11-15 12:46:08.033 [warning] [Decorations] CAPPING events from decorations provider vscode.git 8777
2022-11-15 12:46:13.496 [warning] [Decorations] CAPPING events from decorations provider vscode.git 8777
2022-11-15 12:46:18.949 [warning] [Decorations] CAPPING events from decorations provider vscode.git 8777
2022-11-15 12:46:24.410 [warning] [Decorations] CAPPING events from decorations provider vscode.git 8777
2022-11-15 12:46:29.868 [warning] [Decorations] CAPPING events from decorations provider vscode.git 8777
2022-11-15 12:46:35.332 [warning] [Decorations] CAPPING events from decorations provider vscode.git 8778
2022-11-15 12:46:40.786 [warning] [Decorations] CAPPING events from decorations provider vscode.git 8778
2022-11-15 12:46:46.241 [warning] [Decorations] CAPPING events from decorations provider vscode.git 8780
2022-11-15 12:46:51.700 [warning] [Decorations] CAPPING events from decorations provider vscode.git 8780
2022-11-15 12:46:57.162 [warning] [Decorations] CAPPING events from decorations provider vscode.git 8780
2022-11-15 12:47:02.619 [warning] [Decorations] CAPPING events from decorations provider vscode.git 8781
2022-11-15 12:47:08.084 [warning] [Decorations] CAPPING events from decorations provider vscode.git 8781
2022-11-15 12:47:13.536 [warning] [Decorations] CAPPING events from decorations provider vscode.git 8781
2022-11-15 12:47:19.002 [warning] [Decorations] CAPPING events from decorations provider vscode.git 8781
2022-11-15 12:47:24.466 [warning] [Decorations] CAPPING events from decorations provider vscode.git 8781
2022-11-15 12:47:29.930 [warning] [Decorations] CAPPING events from decorations provider vscode.git 8781
2022-11-15 12:47:35.388 [warning] [Decorations] CAPPING events from decorations provider vscode.git 8782
2022-11-15 12:47:40.861 [warning] [Decorations] CAPPING events from decorations provider vscode.git 8782
2022-11-15 12:47:46.317 [warning] [Decorations] CAPPING events from decorations provider vscode.git 8784
2022-11-15 12:47:51.788 [warning] [Decorations] CAPPING events from decorations provider vscode.git 8784
2022-11-15 12:47:57.253 [warning] [Decorations] CAPPING events from decorations provider vscode.git 8784
2022-11-15 12:48:02.718 [warning] [Decorations] CAPPING events from decorations provider vscode.git 8784
2022-11-15 12:48:08.175 [warning] [Decorations] CAPPING events from decorations provider vscode.git 8785
2022-11-15 12:48:13.643 [warning] [Decorations] CAPPING events from decorations provider vscode.git 8785
2022-11-15 12:48:19.105 [warning] [Decorations] CAPPING events from decorations provider vscode.git 8785
2022-11-15 12:48:24.564 [warning] [Decorations] CAPPING events from decorations provider vscode.git 8785
2022-11-15 12:48:30.016 [warning] [Decorations] CAPPING events from decorations provider vscode.git 8785
2022-11-15 12:48:35.484 [warning] [Decorations] CAPPING events from decorations provider vscode.git 8786
2022-11-15 12:48:40.939 [warning] [Decorations] CAPPING events from decorations provider vscode.git 8786
2022-11-15 12:48:46.416 [warning] [Decorations] CAPPING events from decorations provider vscode.git 8788
2022-11-15 12:48:51.871 [warning] [Decorations] CAPPING events from decorations provider vscode.git 8788
2022-11-15 12:48:57.325 [warning] [Decorations] CAPPING events from decorations provider vscode.git 8788
2022-11-15 12:49:02.774 [warning] [Decorations] CAPPING events from decorations provider vscode.git 8788
2022-11-15 12:49:08.244 [warning] [Decorations] CAPPING events from decorations provider vscode.git 8789
2022-11-15 12:49:13.741 [warning] [Decorations] CAPPING events from decorations provider vscode.git 8789
2022-11-15 12:49:19.218 [warning] [Decorations] CAPPING events from decorations provider vscode.git 8789
2022-11-15 12:49:24.686 [warning] [Decorations] CAPPING events from decorations provider vscode.git 8789
2022-11-15 12:49:30.149 [warning] [Decorations] CAPPING events from decorations provider vscode.git 8789
2022-11-15 12:49:35.604 [warning] [Decorations] CAPPING events from decorations provider vscode.git 8789
2022-11-15 12:49:41.057 [warning] [Decorations] CAPPING events from decorations provider vscode.git 8790
2022-11-15 12:49:46.515 [warning] [Decorations] CAPPING events from decorations provider vscode.git 8792
2022-11-15 12:49:51.972 [warning] [Decorations] CAPPING events from decorations provider vscode.git 8792
2022-11-15 12:49:57.422 [warning] [Decorations] CAPPING events from decorations provider vscode.git 8792
2022-11-15 12:50:02.871 [warning] [Decorations] CAPPING events from decorations provider vscode.git 8792
2022-11-15 12:50:08.330 [warning] [Decorations] CAPPING events from decorations provider vscode.git 8793
2022-11-15 12:50:13.795 [warning] [Decorations] CAPPING events from decorations provider vscode.git 8793
2022-11-15 12:50:19.252 [warning] [Decorations] CAPPING events from decorations provider vscode.git 8793
2022-11-15 12:50:24.711 [warning] [Decorations] CAPPING events from decorations provider vscode.git 8793
2022-11-15 12:50:30.175 [warning] [Decorations] CAPPING events from decorations provider vscode.git 8793
2022-11-15 12:50:35.641 [warning] [Decorations] CAPPING events from decorations provider vscode.git 8793
2022-11-15 12:50:41.101 [warning] [Decorations] CAPPING events from decorations provider vscode.git 8794
2022-11-15 12:50:46.571 [warning] [Decorations] CAPPING events from decorations provider vscode.git 8795
2022-11-15 12:50:52.025 [warning] [Decorations] CAPPING events from decorations provider vscode.git 8796
2022-11-15 12:50:57.480 [warning] [Decorations] CAPPING events from decorations provider vscode.git 8796
2022-11-15 12:51:02.942 [warning] [Decorations] CAPPING events from decorations provider vscode.git 8796
2022-11-15 12:51:08.407 [warning] [Decorations] CAPPING events from decorations provider vscode.git 8796
2022-11-15 12:51:13.853 [warning] [Decorations] CAPPING events from decorations provider vscode.git 8797
2022-11-15 12:51:19.321 [warning] [Decorations] CAPPING events from decorations provider vscode.git 8797
2022-11-15 12:51:24.776 [warning] [Decorations] CAPPING events from decorations provider vscode.git 8797
2022-11-15 12:51:30.227 [warning] [Decorations] CAPPING events from decorations provider vscode.git 8797
2022-11-15 12:51:35.692 [warning] [Decorations] CAPPING events from decorations provider vscode.git 8798
2022-11-15 12:51:41.155 [warning] [Decorations] CAPPING events from decorations provider vscode.git 8798
2022-11-15 12:51:46.609 [warning] [Decorations] CAPPING events from decorations provider vscode.git 8798
2022-11-15 12:51:52.071 [warning] [Decorations] CAPPING events from decorations provider vscode.git 8799
2022-11-15 12:51:57.529 [warning] [Decorations] CAPPING events from decorations provider vscode.git 8799
2022-11-15 12:52:03.006 [warning] [Decorations] CAPPING events from decorations provider vscode.git 8800
2022-11-15 12:52:08.467 [warning] [Decorations] CAPPING events from decorations provider vscode.git 8800
2022-11-15 12:52:13.917 [warning] [Decorations] CAPPING events from decorations provider vscode.git 8801
2022-11-15 12:52:19.385 [warning] [Decorations] CAPPING events from decorations provider vscode.git 8801
2022-11-15 12:52:24.852 [warning] [Decorations] CAPPING events from decorations provider vscode.git 8801
2022-11-15 12:52:30.299 [warning] [Decorations] CAPPING events from decorations provider vscode.git 8801
2022-11-15 12:52:35.758 [warning] [Decorations] CAPPING events from decorations provider vscode.git 8801
2022-11-15 12:52:41.204 [warning] [Decorations] CAPPING events from decorations provider vscode.git 8801
2022-11-15 12:52:46.672 [warning] [Decorations] CAPPING events from decorations provider vscode.git 8802
2022-11-15 12:52:52.119 [warning] [Decorations] CAPPING events from decorations provider vscode.git 8803
2022-11-15 12:52:57.578 [warning] [Decorations] CAPPING events from decorations provider vscode.git 8803
2022-11-15 12:53:03.031 [warning] [Decorations] CAPPING events from decorations provider vscode.git 8804
2022-11-15 12:53:08.491 [warning] [Decorations] CAPPING events from decorations provider vscode.git 8804
2022-11-15 12:53:13.940 [warning] [Decorations] CAPPING events from decorations provider vscode.git 8804
2022-11-15 12:53:19.395 [warning] [Decorations] CAPPING events from decorations provider vscode.git 8805
2022-11-15 12:53:24.846 [warning] [Decorations] CAPPING events from decorations provider vscode.git 8805
2022-11-15 12:53:30.297 [warning] [Decorations] CAPPING events from decorations provider vscode.git 8805
2022-11-15 12:53:35.756 [warning] [Decorations] CAPPING events from decorations provider vscode.git 8805
2022-11-15 12:53:41.213 [warning] [Decorations] CAPPING events from decorations provider vscode.git 8805
2022-11-15 12:53:46.671 [warning] [Decorations] CAPPING events from decorations provider vscode.git 8806
2022-11-15 12:53:52.131 [warning] [Decorations] CAPPING events from decorations provider vscode.git 8807
2022-11-15 12:53:57.590 [warning] [Decorations] CAPPING events from decorations provider vscode.git 8807
2022-11-15 12:54:03.030 [warning] [Decorations] CAPPING events from decorations provider vscode.git 8809
2022-11-15 12:54:08.483 [warning] [Decorations] CAPPING events from decorations provider vscode.git 8809
2022-11-15 12:54:13.933 [warning] [Decorations] CAPPING events from decorations provider vscode.git 8808
2022-11-15 12:54:19.386 [warning] [Decorations] CAPPING events from decorations provider vscode.git 8809
2022-11-15 12:54:24.849 [warning] [Decorations] CAPPING events from decorations provider vscode.git 8809
2022-11-15 12:54:30.312 [warning] [Decorations] CAPPING events from decorations provider vscode.git 8809
2022-11-15 12:54:35.776 [warning] [Decorations] CAPPING events from decorations provider vscode.git 8809
2022-11-15 12:54:41.222 [warning] [Decorations] CAPPING events from decorations provider vscode.git 8809
2022-11-15 12:54:46.674 [warning] [Decorations] CAPPING events from decorations provider vscode.git 8809
2022-11-15 12:54:52.137 [warning] [Decorations] CAPPING events from decorations provider vscode.git 8810
2022-11-15 12:54:57.588 [warning] [Decorations] CAPPING events from decorations provider vscode.git 8811
2022-11-15 12:55:03.034 [warning] [Decorations] CAPPING events from decorations provider vscode.git 8812
2022-11-15 12:55:08.504 [warning] [Decorations] CAPPING events from decorations provider vscode.git 8812
2022-11-15 12:55:13.960 [warning] [Decorations] CAPPING events from decorations provider vscode.git 8812
2022-11-15 12:55:19.415 [warning] [Decorations] CAPPING events from decorations provider vscode.git 8813
2022-11-15 12:55:24.864 [warning] [Decorations] CAPPING events from decorations provider vscode.git 8813
2022-11-15 12:55:30.341 [warning] [Decorations] CAPPING events from decorations provider vscode.git 8813
2022-11-15 12:55:35.804 [warning] [Decorations] CAPPING events from decorations provider vscode.git 8813
2022-11-15 12:55:41.270 [warning] [Decorations] CAPPING events from decorations provider vscode.git 8813
2022-11-15 12:55:46.722 [warning] [Decorations] CAPPING events from decorations provider vscode.git 8813
2022-11-15 12:55:52.178 [warning] [Decorations] CAPPING events from decorations provider vscode.git 8814
2022-11-15 12:55:57.639 [warning] [Decorations] CAPPING events from decorations provider vscode.git 8815
2022-11-15 12:56:03.097 [warning] [Decorations] CAPPING events from decorations provider vscode.git 8816
2022-11-15 12:56:08.565 [warning] [Decorations] CAPPING events from decorations provider vscode.git 8816
2022-11-15 12:56:14.030 [warning] [Decorations] CAPPING events from decorations provider vscode.git 8816
2022-11-15 12:56:19.478 [warning] [Decorations] CAPPING events from decorations provider vscode.git 8816
2022-11-15 12:56:24.934 [warning] [Decorations] CAPPING events from decorations provider vscode.git 8817
2022-11-15 12:56:30.397 [warning] [Decorations] CAPPING events from decorations provider vscode.git 8817
2022-11-15 12:56:35.851 [warning] [Decorations] CAPPING events from decorations provider vscode.git 8817
2022-11-15 12:56:41.324 [warning] [Decorations] CAPPING events from decorations provider vscode.git 8817
2022-11-15 12:56:46.787 [warning] [Decorations] CAPPING events from decorations provider vscode.git 8817
2022-11-15 12:56:52.247 [warning] [Decorations] CAPPING events from decorations provider vscode.git 8818
2022-11-15 12:56:57.710 [warning] [Decorations] CAPPING events from decorations provider vscode.git 8819
2022-11-15 12:57:03.164 [warning] [Decorations] CAPPING events from decorations provider vscode.git 8820
2022-11-15 12:57:08.641 [warning] [Decorations] CAPPING events from decorations provider vscode.git 8820
2022-11-15 12:57:14.108 [warning] [Decorations] CAPPING events from decorations provider vscode.git 8820
2022-11-15 12:57:19.570 [warning] [Decorations] CAPPING events from decorations provider vscode.git 8820
2022-11-15 12:57:25.045 [warning] [Decorations] CAPPING events from decorations provider vscode.git 8821
2022-11-15 12:57:30.503 [warning] [Decorations] CAPPING events from decorations provider vscode.git 8821
2022-11-15 12:57:39.629 [warning] [Decorations] CAPPING events from decorations provider vscode.git 8827
2022-11-15 12:57:41.395 [info] Extension host terminating: received terminate message from renderer
2022-11-15 12:57:41.462 [info] Extension host with pid 15094 exiting with code 0
