2022-11-13 15:08:38.473 [info] update#setState idle
2022-11-13 15:08:40.377 [info] Starting extension host with pid 57431 (fork() took 12 ms).
2022-11-13 15:09:08.483 [info] update#setState checking for updates
2022-11-13 15:09:08.486 [info] update#setState idle
2022-11-13 16:09:08.582 [info] update#setState checking for updates
2022-11-13 16:09:08.585 [info] update#setState idle
2022-11-13 17:09:08.684 [info] update#setState checking for updates
2022-11-13 17:09:08.687 [info] update#setState idle
2022-11-14 08:41:55.015 [info] update#setState checking for updates
2022-11-14 08:41:55.016 [info] update#setState idle
2022-11-14 09:41:55.924 [info] update#setState checking for updates
2022-11-14 09:41:55.928 [info] update#setState idle
2022-11-14 10:41:56.016 [info] update#setState checking for updates
2022-11-14 10:41:56.019 [info] update#setState idle
2022-11-14 11:41:56.104 [info] update#setState checking for updates
2022-11-14 11:41:56.109 [info] update#setState idle
2022-11-14 12:41:56.207 [info] update#setState checking for updates
2022-11-14 12:41:56.209 [info] update#setState idle
2022-11-14 14:31:54.882 [info] update#setState checking for updates
2022-11-14 14:31:54.884 [info] update#setState idle
2022-11-14 14:38:39.516 [info] Starting extension host with pid 80696 (fork() took 15 ms).
2022-11-14 14:39:01.473 [info] Extension host with pid 80696 exited with code: 0, signal: null.
2022-11-14 15:31:54.980 [info] update#setState checking for updates
2022-11-14 15:31:54.983 [info] update#setState idle
2022-11-14 17:35:27.005 [info] update#setState checking for updates
2022-11-14 17:35:27.010 [info] update#setState idle
2022-11-14 21:10:04.505 [info] update#setState checking for updates
2022-11-14 21:10:04.507 [info] update#setState idle
2022-11-15 09:27:26.992 [info] update#setState checking for updates
2022-11-15 09:27:26.994 [info] update#setState idle
2022-11-15 09:35:54.106 [info] Enabling inspect port on extension host with pid 57431.
